<?xml version="1.0" encoding="UTF-8"?>
<testsuite xmlns:xsi="http://www.w3.org/2001/XMLSchema-instance" xsi:noNamespaceSchemaLocation="https://maven.apache.org/surefire/maven-surefire-plugin/xsd/surefire-test-report.xsd" name="pl.devfoundry.testing.account.AddressTest" time="1.906" tests="1203" errors="0" skipped="0" failures="0">
  <properties>
    <property name="sun.desktop" value="windows"/>
    <property name="awt.toolkit" value="sun.awt.windows.WToolkit"/>
    <property name="java.specification.version" value="11"/>
    <property name="sun.cpu.isalist" value="amd64"/>
    <property name="sun.jnu.encoding" value="Cp1250"/>
    <property name="java.class.path" value="C:\Users\Jacek\Documents\JAVA\SpringBoot\UnitTestProjects\JUnit5Tests\target\test-classes;C:\Users\Jacek\Documents\JAVA\SpringBoot\UnitTestProjects\JUnit5Tests\target\classes;C:\Users\Jacek\.m2\repository\org\junit\platform\junit-platform-launcher\1.0.0\junit-platform-launcher-1.0.0.jar;C:\Users\Jacek\.m2\repository\org\apiguardian\apiguardian-api\1.0.0\apiguardian-api-1.0.0.jar;C:\Users\Jacek\.m2\repository\org\junit\platform\junit-platform-engine\1.0.0\junit-platform-engine-1.0.0.jar;C:\Users\Jacek\.m2\repository\org\junit\jupiter\junit-jupiter-api\5.3.2\junit-jupiter-api-5.3.2.jar;C:\Users\Jacek\.m2\repository\org\opentest4j\opentest4j\1.1.1\opentest4j-1.1.1.jar;C:\Users\Jacek\.m2\repository\org\junit\platform\junit-platform-commons\1.3.2\junit-platform-commons-1.3.2.jar;C:\Users\Jacek\.m2\repository\org\junit\jupiter\junit-jupiter-engine\5.0.0\junit-jupiter-engine-5.0.0.jar;C:\Users\Jacek\.m2\repository\org\hamcrest\hamcrest\2.1\hamcrest-2.1.jar;C:\Users\Jacek\.m2\repository\org\junit\jupiter\junit-jupiter-params\5.0.0\junit-jupiter-params-5.0.0.jar;C:\Users\Jacek\.m2\repository\org\mockito\mockito-junit-jupiter\2.24.0\mockito-junit-jupiter-2.24.0.jar;C:\Users\Jacek\.m2\repository\org\mockito\mockito-core\2.24.0\mockito-core-2.24.0.jar;C:\Users\Jacek\.m2\repository\net\bytebuddy\byte-buddy\1.9.7\byte-buddy-1.9.7.jar;C:\Users\Jacek\.m2\repository\net\bytebuddy\byte-buddy-agent\1.9.7\byte-buddy-agent-1.9.7.jar;C:\Users\Jacek\.m2\repository\org\objenesis\objenesis\2.6\objenesis-2.6.jar;"/>
    <property name="java.vm.vendor" value="Oracle Corporation"/>
    <property name="sun.arch.data.model" value="64"/>
    <property name="user.variant" value=""/>
    <property name="java.vendor.url" value="https://openjdk.java.net/"/>
    <property name="user.timezone" value="Europe/Belgrade"/>
    <property name="java.vm.specification.version" value="11"/>
    <property name="os.name" value="Windows 10"/>
    <property name="sun.java.launcher" value="SUN_STANDARD"/>
    <property name="user.country" value="PL"/>
    <property name="sun.boot.library.path" value="C:\devtools\JDK_11\bin"/>
    <property name="sun.java.command" value="C:\Users\Jacek\AppData\Local\Temp\surefire1938401272811695115\surefirebooter12075384160764867527.jar C:\Users\Jacek\AppData\Local\Temp\surefire1938401272811695115 2023-11-25T17-06-27_625-jvmRun1 surefire10700168277482966286tmp surefire_0602077202488541554tmp"/>
    <property name="jdk.debug" value="release"/>
    <property name="surefire.test.class.path" value="C:\Users\Jacek\Documents\JAVA\SpringBoot\UnitTestProjects\JUnit5Tests\target\test-classes;C:\Users\Jacek\Documents\JAVA\SpringBoot\UnitTestProjects\JUnit5Tests\target\classes;C:\Users\Jacek\.m2\repository\org\junit\platform\junit-platform-launcher\1.0.0\junit-platform-launcher-1.0.0.jar;C:\Users\Jacek\.m2\repository\org\apiguardian\apiguardian-api\1.0.0\apiguardian-api-1.0.0.jar;C:\Users\Jacek\.m2\repository\org\junit\platform\junit-platform-engine\1.0.0\junit-platform-engine-1.0.0.jar;C:\Users\Jacek\.m2\repository\org\junit\jupiter\junit-jupiter-api\5.3.2\junit-jupiter-api-5.3.2.jar;C:\Users\Jacek\.m2\repository\org\opentest4j\opentest4j\1.1.1\opentest4j-1.1.1.jar;C:\Users\Jacek\.m2\repository\org\junit\platform\junit-platform-commons\1.3.2\junit-platform-commons-1.3.2.jar;C:\Users\Jacek\.m2\repository\org\junit\jupiter\junit-jupiter-engine\5.0.0\junit-jupiter-engine-5.0.0.jar;C:\Users\Jacek\.m2\repository\org\hamcrest\hamcrest\2.1\hamcrest-2.1.jar;C:\Users\Jacek\.m2\repository\org\junit\jupiter\junit-jupiter-params\5.0.0\junit-jupiter-params-5.0.0.jar;C:\Users\Jacek\.m2\repository\org\mockito\mockito-junit-jupiter\2.24.0\mockito-junit-jupiter-2.24.0.jar;C:\Users\Jacek\.m2\repository\org\mockito\mockito-core\2.24.0\mockito-core-2.24.0.jar;C:\Users\Jacek\.m2\repository\net\bytebuddy\byte-buddy\1.9.7\byte-buddy-1.9.7.jar;C:\Users\Jacek\.m2\repository\net\bytebuddy\byte-buddy-agent\1.9.7\byte-buddy-agent-1.9.7.jar;C:\Users\Jacek\.m2\repository\org\objenesis\objenesis\2.6\objenesis-2.6.jar;"/>
    <property name="sun.cpu.endian" value="little"/>
    <property name="user.home" value="C:\Users\Jacek"/>
    <property name="user.language" value="pl"/>
    <property name="java.specification.vendor" value="Oracle Corporation"/>
    <property name="java.version.date" value="2021-10-19"/>
    <property name="java.home" value="C:\devtools\JDK_11"/>
    <property name="file.separator" value="\"/>
    <property name="basedir" value="C:\Users\Jacek\Documents\JAVA\SpringBoot\UnitTestProjects\JUnit5Tests"/>
    <property name="java.vm.compressedOopsMode" value="32-bit"/>
    <property name="line.separator" value="&#10;"/>
    <property name="java.specification.name" value="Java Platform API Specification"/>
    <property name="java.vm.specification.vendor" value="Oracle Corporation"/>
    <property name="java.awt.graphicsenv" value="sun.awt.Win32GraphicsEnvironment"/>
    <property name="surefire.real.class.path" value="C:\Users\Jacek\AppData\Local\Temp\surefire1938401272811695115\surefirebooter12075384160764867527.jar"/>
    <property name="user.script" value=""/>
    <property name="sun.management.compiler" value="HotSpot 64-Bit Tiered Compilers"/>
    <property name="java.runtime.version" value="11.0.13+10-LTS-370"/>
    <property name="user.name" value="Jacek"/>
    <property name="path.separator" value=";"/>
    <property name="os.version" value="10.0"/>
    <property name="java.runtime.name" value="Java(TM) SE Runtime Environment"/>
    <property name="file.encoding" value="Cp1250"/>
    <property name="java.vm.name" value="Java HotSpot(TM) 64-Bit Server VM"/>
    <property name="java.vendor.version" value="18.9"/>
    <property name="localRepository" value="C:\Users\Jacek\.m2\repository"/>
    <property name="java.vendor.url.bug" value="https://bugreport.java.com/bugreport/"/>
    <property name="java.io.tmpdir" value="C:\Users\Jacek\AppData\Local\Temp\"/>
    <property name="idea.version" value="2023.2.1"/>
    <property name="java.version" value="11.0.13"/>
    <property name="user.dir" value="C:\Users\Jacek\Documents\JAVA\SpringBoot\UnitTestProjects\JUnit5Tests"/>
    <property name="os.arch" value="amd64"/>
    <property name="java.vm.specification.name" value="Java Virtual Machine Specification"/>
    <property name="java.awt.printerjob" value="sun.awt.windows.WPrinterJob"/>
    <property name="sun.os.patch.level" value=""/>
    <property name="java.library.path" value="C:\devtools\JDK_11\bin;C:\WINDOWS\Sun\Java\bin;C:\WINDOWS\system32;C:\WINDOWS;C:\devtools\java8;C:\devtools\java8\bin;C:\devtools\JDK_12________;C:\devtools\JDK_12\bin__________;C:\Program Files\Java\jdk-17.0.1___;C:\Program Files\Java\jdk-17.0.1\bin__;C:\devtools\JDK_14____________________;C:\devtools\JDK_14\bin______________________;C:\Program Files\Common Files\Oracle\Java\javapath;C:\Program Files (x86)\Intel\iCLS Client\;C:\Program Files\Intel\iCLS Client\;C:\WINDOWS\system32;C:\WINDOWS;C:\WINDOWS\System32\Wbem;C:\WINDOWS\System32\WindowsPowerShell\v1.0\;C:\Program Files\Intel\Intel(R) Management Engine Components\DAL;C:\Program Files (x86)\Intel\Intel(R) Management Engine Components\DAL;C:\Program Files\Intel\Intel(R) Management Engine Components\IPT;C:\Program Files (x86)\Intel\Intel(R) Management Engine Components\IPT;C:\Program Files\Intel\WiFi\bin\;C:\Program Files\Common Files\Intel\WirelessCommon\;c:\apache-tomcat-8.5.53;c:\apache-tomcat-8.5.53\bin;c:\apache-ant-1.9.6;c:\apache-ant-1.9.6\bin;c:\devtools\apache-maven-3.8.5;c:\devtools\apache-maven-3.8.5\bin;C:\Program Files\Git\cmd;C:\Program Files\nodejs;C:\Users\Jacek\AppData\Roaming\npm;C:\Program Files\Microchip\xc8\v2.31\bin;C:\WINDOWS\System32\OpenSSH\;C:\ProgramData\chocolatey\bin;c:\Gradle\gradle-7.3.3\bin;c:\Gradle\gradle-7.3.3;c:\Gradle\gradle-7.3.3\bin;C:\Program Files\dotnet\;C:\Program Files (x86)\NVIDIA Corporation\PhysX\Common;C:\Program Files\NVIDIA Corporation\NVIDIA NvDLISR;c:\Python310\Scripts;c:\Python310;c:\Users\Jacek\anaconda3;c:\Users\Jacek\anaconda3\Scripts;c:\Users\Jacek\anaconda3\Library\bin;C:\Program Files\PuTTY\;c:\devtools\node-v10.16.2_____________;c:\devtools\node-v10.16.2\node_modules\npm____________;c:\devtools\node-v10.16.2\node_modules\npm\bin____________;C:\devtools\node-v16.18.0;C:\devtools\nexus\nexus-2.15.1-02;C:\devtools\nexus\nexus-2.15.1-02\bin;C:\Users\Jacek\Documents\JAVA\SpringBoot;c:\Users\Jacek\AppData\Roaming\Python\Python310\Scripts\;C:\Program Files\MySQL\MySQL Shell 8.0\bin\;C:\Program Files\nodejs\;C:\Program Files\JetBrains\WebStorm 2022.2.1\bin;C:\Program Files\heroku\bin;C:\Program Files\JetBrains\DataGrip 2021.2.4\bin;C:\Users\Jacek\AppData\Local\Microsoft\WindowsApps;C:\Users\Jacek\AppData\Local\Programs\Microsoft VS Code\bin;C:\Program Files\JetBrains\IntelliJ IDEA 2022.2.2\bin;C:\Users\Jacek\AppData\Roaming\npm;C:\Program Files\JetBrains\IntelliJ IDEA Community Edition 2023.2.1\bin;C:\Users\Jacek\Documents\JAVA\SpringBoot;C:\Users\Jacek\AppData\Local\JetBrains\Toolbox\scripts;;."/>
    <property name="java.vendor" value="Oracle Corporation"/>
    <property name="java.vm.info" value="mixed mode"/>
    <property name="java.vm.version" value="11.0.13+10-LTS-370"/>
    <property name="sun.io.unicode.encoding" value="UnicodeLittle"/>
    <property name="java.class.version" value="55.0"/>
  </properties>
  <testcase name="addressesFromFileShouldNotBeEmptyAndHaveProperNames{String, String}" classname="pl.devfoundry.testing.account.AddressTest" time="0.033"/>
  <testcase name="addressesFromFileShouldNotBeEmptyAndHaveProperNames{String, String}" classname="pl.devfoundry.testing.account.AddressTest" time="0"/>
  <testcase name="addressesFromFileShouldNotBeEmptyAndHaveProperNames{String, String}" classname="pl.devfoundry.testing.account.AddressTest" time="0.001"/>
  <testcase name="addressesFromFileShouldNotBeEmptyAndHaveProperNames{String, String}" classname="pl.devfoundry.testing.account.AddressTest" time="0"/>
  <testcase name="addressesFromFileShouldNotBeEmptyAndHaveProperNames{String, String}" classname="pl.devfoundry.testing.account.AddressTest" time="0"/>
  <testcase name="addressesFromFileShouldNotBeEmptyAndHaveProperNames{String, String}" classname="pl.devfoundry.testing.account.AddressTest" time="0"/>
  <testcase name="addressesFromFileShouldNotBeEmptyAndHaveProperNames{String, String}" classname="pl.devfoundry.testing.account.AddressTest" time="0.001"/>
  <testcase name="addressesFromFileShouldNotBeEmptyAndHaveProperNames{String, String}" classname="pl.devfoundry.testing.account.AddressTest" time="0"/>
  <testcase name="addressesFromFileShouldNotBeEmptyAndHaveProperNames{String, String}" classname="pl.devfoundry.testing.account.AddressTest" time="0.001"/>
  <testcase name="addressesFromFileShouldNotBeEmptyAndHaveProperNames{String, String}" classname="pl.devfoundry.testing.account.AddressTest" time="0.001"/>
  <testcase name="addressesFromFileShouldNotBeEmptyAndHaveProperNames{String, String}" classname="pl.devfoundry.testing.account.AddressTest" time="0.001"/>
  <testcase name="addressesFromFileShouldNotBeEmptyAndHaveProperNames{String, String}" classname="pl.devfoundry.testing.account.AddressTest" time="0"/>
  <testcase name="addressesFromFileShouldNotBeEmptyAndHaveProperNames{String, String}" classname="pl.devfoundry.testing.account.AddressTest" time="0.001"/>
  <testcase name="addressesFromFileShouldNotBeEmptyAndHaveProperNames{String, String}" classname="pl.devfoundry.testing.account.AddressTest" time="0.003"/>
  <testcase name="addressesFromFileShouldNotBeEmptyAndHaveProperNames{String, String}" classname="pl.devfoundry.testing.account.AddressTest" time="0.001"/>
  <testcase name="addressesFromFileShouldNotBeEmptyAndHaveProperNames{String, String}" classname="pl.devfoundry.testing.account.AddressTest" time="0.001"/>
  <testcase name="addressesFromFileShouldNotBeEmptyAndHaveProperNames{String, String}" classname="pl.devfoundry.testing.account.AddressTest" time="0"/>
  <testcase name="addressesFromFileShouldNotBeEmptyAndHaveProperNames{String, String}" classname="pl.devfoundry.testing.account.AddressTest" time="0.001"/>
  <testcase name="addressesFromFileShouldNotBeEmptyAndHaveProperNames{String, String}" classname="pl.devfoundry.testing.account.AddressTest" time="0"/>
  <testcase name="addressesFromFileShouldNotBeEmptyAndHaveProperNames{String, String}" classname="pl.devfoundry.testing.account.AddressTest" time="0"/>
  <testcase name="addressesFromFileShouldNotBeEmptyAndHaveProperNames{String, String}" classname="pl.devfoundry.testing.account.AddressTest" time="0"/>
  <testcase name="addressesFromFileShouldNotBeEmptyAndHaveProperNames{String, String}" classname="pl.devfoundry.testing.account.AddressTest" time="0"/>
  <testcase name="addressesFromFileShouldNotBeEmptyAndHaveProperNames{String, String}" classname="pl.devfoundry.testing.account.AddressTest" time="0"/>
  <testcase name="addressesFromFileShouldNotBeEmptyAndHaveProperNames{String, String}" classname="pl.devfoundry.testing.account.AddressTest" time="0.001"/>
  <testcase name="addressesFromFileShouldNotBeEmptyAndHaveProperNames{String, String}" classname="pl.devfoundry.testing.account.AddressTest" time="0"/>
  <testcase name="addressesFromFileShouldNotBeEmptyAndHaveProperNames{String, String}" classname="pl.devfoundry.testing.account.AddressTest" time="0.001"/>
  <testcase name="addressesFromFileShouldNotBeEmptyAndHaveProperNames{String, String}" classname="pl.devfoundry.testing.account.AddressTest" time="0.001"/>
  <testcase name="addressesFromFileShouldNotBeEmptyAndHaveProperNames{String, String}" classname="pl.devfoundry.testing.account.AddressTest" time="0"/>
  <testcase name="addressesFromFileShouldNotBeEmptyAndHaveProperNames{String, String}" classname="pl.devfoundry.testing.account.AddressTest" time="0.001"/>
  <testcase name="addressesFromFileShouldNotBeEmptyAndHaveProperNames{String, String}" classname="pl.devfoundry.testing.account.AddressTest" time="0.001"/>
  <testcase name="addressesFromFileShouldNotBeEmptyAndHaveProperNames{String, String}" classname="pl.devfoundry.testing.account.AddressTest" time="0"/>
  <testcase name="addressesFromFileShouldNotBeEmptyAndHaveProperNames{String, String}" classname="pl.devfoundry.testing.account.AddressTest" time="0.001"/>
  <testcase name="addressesFromFileShouldNotBeEmptyAndHaveProperNames{String, String}" classname="pl.devfoundry.testing.account.AddressTest" time="0.001"/>
  <testcase name="addressesFromFileShouldNotBeEmptyAndHaveProperNames{String, String}" classname="pl.devfoundry.testing.account.AddressTest" time="0"/>
  <testcase name="addressesFromFileShouldNotBeEmptyAndHaveProperNames{String, String}" classname="pl.devfoundry.testing.account.AddressTest" time="0.001"/>
  <testcase name="addressesFromFileShouldNotBeEmptyAndHaveProperNames{String, String}" classname="pl.devfoundry.testing.account.AddressTest" time="0.001"/>
  <testcase name="addressesFromFileShouldNotBeEmptyAndHaveProperNames{String, String}" classname="pl.devfoundry.testing.account.AddressTest" time="0"/>
  <testcase name="addressesFromFileShouldNotBeEmptyAndHaveProperNames{String, String}" classname="pl.devfoundry.testing.account.AddressTest" time="0.001"/>
  <testcase name="addressesFromFileShouldNotBeEmptyAndHaveProperNames{String, String}" classname="pl.devfoundry.testing.account.AddressTest" time="0.001"/>
  <testcase name="addressesFromFileShouldNotBeEmptyAndHaveProperNames{String, String}" classname="pl.devfoundry.testing.account.AddressTest" time="0.001"/>
  <testcase name="addressesFromFileShouldNotBeEmptyAndHaveProperNames{String, String}" classname="pl.devfoundry.testing.account.AddressTest" time="0"/>
  <testcase name="addressesFromFileShouldNotBeEmptyAndHaveProperNames{String, String}" classname="pl.devfoundry.testing.account.AddressTest" time="0"/>
  <testcase name="addressesFromFileShouldNotBeEmptyAndHaveProperNames{String, String}" classname="pl.devfoundry.testing.account.AddressTest" time="0.002"/>
  <testcase name="addressesFromFileShouldNotBeEmptyAndHaveProperNames{String, String}" classname="pl.devfoundry.testing.account.AddressTest" time="0.001"/>
  <testcase name="addressesFromFileShouldNotBeEmptyAndHaveProperNames{String, String}" classname="pl.devfoundry.testing.account.AddressTest" time="0"/>
  <testcase name="addressesFromFileShouldNotBeEmptyAndHaveProperNames{String, String}" classname="pl.devfoundry.testing.account.AddressTest" time="0.001"/>
  <testcase name="addressesFromFileShouldNotBeEmptyAndHaveProperNames{String, String}" classname="pl.devfoundry.testing.account.AddressTest" time="0.039"/>
  <testcase name="addressesFromFileShouldNotBeEmptyAndHaveProperNames{String, String}" classname="pl.devfoundry.testing.account.AddressTest" time="0"/>
  <testcase name="addressesFromFileShouldNotBeEmptyAndHaveProperNames{String, String}" classname="pl.devfoundry.testing.account.AddressTest" time="0"/>
  <testcase name="addressesFromFileShouldNotBeEmptyAndHaveProperNames{String, String}" classname="pl.devfoundry.testing.account.AddressTest" time="0"/>
  <testcase name="addressesFromFileShouldNotBeEmptyAndHaveProperNames{String, String}" classname="pl.devfoundry.testing.account.AddressTest" time="0"/>
  <testcase name="addressesFromFileShouldNotBeEmptyAndHaveProperNames{String, String}" classname="pl.devfoundry.testing.account.AddressTest" time="0"/>
  <testcase name="addressesFromFileShouldNotBeEmptyAndHaveProperNames{String, String}" classname="pl.devfoundry.testing.account.AddressTest" time="0"/>
  <testcase name="addressesFromFileShouldNotBeEmptyAndHaveProperNames{String, String}" classname="pl.devfoundry.testing.account.AddressTest" time="0"/>
  <testcase name="addressesFromFileShouldNotBeEmptyAndHaveProperNames{String, String}" classname="pl.devfoundry.testing.account.AddressTest" time="0"/>
  <testcase name="addressesFromFileShouldNotBeEmptyAndHaveProperNames{String, String}" classname="pl.devfoundry.testing.account.AddressTest" time="0"/>
  <testcase name="addressesFromFileShouldNotBeEmptyAndHaveProperNames{String, String}" classname="pl.devfoundry.testing.account.AddressTest" time="0.032"/>
  <testcase name="addressesFromFileShouldNotBeEmptyAndHaveProperNames{String, String}" classname="pl.devfoundry.testing.account.AddressTest" time="0"/>
  <testcase name="addressesFromFileShouldNotBeEmptyAndHaveProperNames{String, String}" classname="pl.devfoundry.testing.account.AddressTest" time="0"/>
  <testcase name="addressesFromFileShouldNotBeEmptyAndHaveProperNames{String, String}" classname="pl.devfoundry.testing.account.AddressTest" time="0"/>
  <testcase name="addressesFromFileShouldNotBeEmptyAndHaveProperNames{String, String}" classname="pl.devfoundry.testing.account.AddressTest" time="0"/>
  <testcase name="addressesFromFileShouldNotBeEmptyAndHaveProperNames{String, String}" classname="pl.devfoundry.testing.account.AddressTest" time="0"/>
  <testcase name="addressesFromFileShouldNotBeEmptyAndHaveProperNames{String, String}" classname="pl.devfoundry.testing.account.AddressTest" time="0"/>
  <testcase name="addressesFromFileShouldNotBeEmptyAndHaveProperNames{String, String}" classname="pl.devfoundry.testing.account.AddressTest" time="0"/>
  <testcase name="addressesFromFileShouldNotBeEmptyAndHaveProperNames{String, String}" classname="pl.devfoundry.testing.account.AddressTest" time="0"/>
  <testcase name="addressesFromFileShouldNotBeEmptyAndHaveProperNames{String, String}" classname="pl.devfoundry.testing.account.AddressTest" time="0"/>
  <testcase name="addressesFromFileShouldNotBeEmptyAndHaveProperNames{String, String}" classname="pl.devfoundry.testing.account.AddressTest" time="0"/>
  <testcase name="addressesFromFileShouldNotBeEmptyAndHaveProperNames{String, String}" classname="pl.devfoundry.testing.account.AddressTest" time="0.004"/>
  <testcase name="addressesFromFileShouldNotBeEmptyAndHaveProperNames{String, String}" classname="pl.devfoundry.testing.account.AddressTest" time="0"/>
  <testcase name="addressesFromFileShouldNotBeEmptyAndHaveProperNames{String, String}" classname="pl.devfoundry.testing.account.AddressTest" time="0"/>
  <testcase name="addressesFromFileShouldNotBeEmptyAndHaveProperNames{String, String}" classname="pl.devfoundry.testing.account.AddressTest" time="0"/>
  <testcase name="addressesFromFileShouldNotBeEmptyAndHaveProperNames{String, String}" classname="pl.devfoundry.testing.account.AddressTest" time="0"/>
  <testcase name="addressesFromFileShouldNotBeEmptyAndHaveProperNames{String, String}" classname="pl.devfoundry.testing.account.AddressTest" time="0"/>
  <testcase name="addressesFromFileShouldNotBeEmptyAndHaveProperNames{String, String}" classname="pl.devfoundry.testing.account.AddressTest" time="0.001"/>
  <testcase name="addressesFromFileShouldNotBeEmptyAndHaveProperNames{String, String}" classname="pl.devfoundry.testing.account.AddressTest" time="0.001"/>
  <testcase name="addressesFromFileShouldNotBeEmptyAndHaveProperNames{String, String}" classname="pl.devfoundry.testing.account.AddressTest" time="0.002"/>
  <testcase name="addressesFromFileShouldNotBeEmptyAndHaveProperNames{String, String}" classname="pl.devfoundry.testing.account.AddressTest" time="0"/>
  <testcase name="addressesFromFileShouldNotBeEmptyAndHaveProperNames{String, String}" classname="pl.devfoundry.testing.account.AddressTest" time="0.001"/>
  <testcase name="addressesFromFileShouldNotBeEmptyAndHaveProperNames{String, String}" classname="pl.devfoundry.testing.account.AddressTest" time="0.001"/>
  <testcase name="addressesFromFileShouldNotBeEmptyAndHaveProperNames{String, String}" classname="pl.devfoundry.testing.account.AddressTest" time="0.001"/>
  <testcase name="addressesFromFileShouldNotBeEmptyAndHaveProperNames{String, String}" classname="pl.devfoundry.testing.account.AddressTest" time="0"/>
  <testcase name="addressesFromFileShouldNotBeEmptyAndHaveProperNames{String, String}" classname="pl.devfoundry.testing.account.AddressTest" time="0"/>
  <testcase name="addressesFromFileShouldNotBeEmptyAndHaveProperNames{String, String}" classname="pl.devfoundry.testing.account.AddressTest" time="0.001"/>
  <testcase name="addressesFromFileShouldNotBeEmptyAndHaveProperNames{String, String}" classname="pl.devfoundry.testing.account.AddressTest" time="0.001"/>
  <testcase name="addressesFromFileShouldNotBeEmptyAndHaveProperNames{String, String}" classname="pl.devfoundry.testing.account.AddressTest" time="0.002"/>
  <testcase name="addressesFromFileShouldNotBeEmptyAndHaveProperNames{String, String}" classname="pl.devfoundry.testing.account.AddressTest" time="0.004"/>
  <testcase name="addressesFromFileShouldNotBeEmptyAndHaveProperNames{String, String}" classname="pl.devfoundry.testing.account.AddressTest" time="0"/>
  <testcase name="addressesFromFileShouldNotBeEmptyAndHaveProperNames{String, String}" classname="pl.devfoundry.testing.account.AddressTest" time="0.004"/>
  <testcase name="addressesFromFileShouldNotBeEmptyAndHaveProperNames{String, String}" classname="pl.devfoundry.testing.account.AddressTest" time="0.001"/>
  <testcase name="addressesFromFileShouldNotBeEmptyAndHaveProperNames{String, String}" classname="pl.devfoundry.testing.account.AddressTest" time="0"/>
  <testcase name="addressesFromFileShouldNotBeEmptyAndHaveProperNames{String, String}" classname="pl.devfoundry.testing.account.AddressTest" time="0.001"/>
  <testcase name="addressesFromFileShouldNotBeEmptyAndHaveProperNames{String, String}" classname="pl.devfoundry.testing.account.AddressTest" time="0.001"/>
  <testcase name="addressesFromFileShouldNotBeEmptyAndHaveProperNames{String, String}" classname="pl.devfoundry.testing.account.AddressTest" time="0.003"/>
  <testcase name="addressesFromFileShouldNotBeEmptyAndHaveProperNames{String, String}" classname="pl.devfoundry.testing.account.AddressTest" time="0"/>
  <testcase name="addressesFromFileShouldNotBeEmptyAndHaveProperNames{String, String}" classname="pl.devfoundry.testing.account.AddressTest" time="0.001"/>
  <testcase name="addressesFromFileShouldNotBeEmptyAndHaveProperNames{String, String}" classname="pl.devfoundry.testing.account.AddressTest" time="0.006"/>
  <testcase name="addressesFromFileShouldNotBeEmptyAndHaveProperNames{String, String}" classname="pl.devfoundry.testing.account.AddressTest" time="0.001"/>
  <testcase name="addressesFromFileShouldNotBeEmptyAndHaveProperNames{String, String}" classname="pl.devfoundry.testing.account.AddressTest" time="0.001"/>
  <testcase name="addressesFromFileShouldNotBeEmptyAndHaveProperNames{String, String}" classname="pl.devfoundry.testing.account.AddressTest" time="0.001"/>
  <testcase name="addressesFromFileShouldNotBeEmptyAndHaveProperNames{String, String}" classname="pl.devfoundry.testing.account.AddressTest" time="0"/>
  <testcase name="addressesFromFileShouldNotBeEmptyAndHaveProperNames{String, String}" classname="pl.devfoundry.testing.account.AddressTest" time="0.001"/>
  <testcase name="addressesFromFileShouldNotBeEmptyAndHaveProperNames{String, String}" classname="pl.devfoundry.testing.account.AddressTest" time="0"/>
  <testcase name="addressesFromFileShouldNotBeEmptyAndHaveProperNames{String, String}" classname="pl.devfoundry.testing.account.AddressTest" time="0"/>
  <testcase name="addressesFromFileShouldNotBeEmptyAndHaveProperNames{String, String}" classname="pl.devfoundry.testing.account.AddressTest" time="0.001"/>
  <testcase name="addressesFromFileShouldNotBeEmptyAndHaveProperNames{String, String}" classname="pl.devfoundry.testing.account.AddressTest" time="0.001"/>
  <testcase name="addressesFromFileShouldNotBeEmptyAndHaveProperNames{String, String}" classname="pl.devfoundry.testing.account.AddressTest" time="0"/>
  <testcase name="addressesFromFileShouldNotBeEmptyAndHaveProperNames{String, String}" classname="pl.devfoundry.testing.account.AddressTest" time="0"/>
  <testcase name="addressesFromFileShouldNotBeEmptyAndHaveProperNames{String, String}" classname="pl.devfoundry.testing.account.AddressTest" time="0.001"/>
  <testcase name="addressesFromFileShouldNotBeEmptyAndHaveProperNames{String, String}" classname="pl.devfoundry.testing.account.AddressTest" time="0.001"/>
  <testcase name="addressesFromFileShouldNotBeEmptyAndHaveProperNames{String, String}" classname="pl.devfoundry.testing.account.AddressTest" time="0"/>
  <testcase name="addressesFromFileShouldNotBeEmptyAndHaveProperNames{String, String}" classname="pl.devfoundry.testing.account.AddressTest" time="0.001"/>
  <testcase name="addressesFromFileShouldNotBeEmptyAndHaveProperNames{String, String}" classname="pl.devfoundry.testing.account.AddressTest" time="0.001"/>
  <testcase name="addressesFromFileShouldNotBeEmptyAndHaveProperNames{String, String}" classname="pl.devfoundry.testing.account.AddressTest" time="0.001"/>
  <testcase name="addressesFromFileShouldNotBeEmptyAndHaveProperNames{String, String}" classname="pl.devfoundry.testing.account.AddressTest" time="0.001"/>
  <testcase name="addressesFromFileShouldNotBeEmptyAndHaveProperNames{String, String}" classname="pl.devfoundry.testing.account.AddressTest" time="0.004"/>
  <testcase name="addressesFromFileShouldNotBeEmptyAndHaveProperNames{String, String}" classname="pl.devfoundry.testing.account.AddressTest" time="0.001"/>
  <testcase name="addressesFromFileShouldNotBeEmptyAndHaveProperNames{String, String}" classname="pl.devfoundry.testing.account.AddressTest" time="0"/>
  <testcase name="addressesFromFileShouldNotBeEmptyAndHaveProperNames{String, String}" classname="pl.devfoundry.testing.account.AddressTest" time="0"/>
  <testcase name="addressesFromFileShouldNotBeEmptyAndHaveProperNames{String, String}" classname="pl.devfoundry.testing.account.AddressTest" time="0.001"/>
  <testcase name="addressesFromFileShouldNotBeEmptyAndHaveProperNames{String, String}" classname="pl.devfoundry.testing.account.AddressTest" time="0.001"/>
  <testcase name="addressesFromFileShouldNotBeEmptyAndHaveProperNames{String, String}" classname="pl.devfoundry.testing.account.AddressTest" time="0"/>
  <testcase name="addressesFromFileShouldNotBeEmptyAndHaveProperNames{String, String}" classname="pl.devfoundry.testing.account.AddressTest" time="0"/>
  <testcase name="addressesFromFileShouldNotBeEmptyAndHaveProperNames{String, String}" classname="pl.devfoundry.testing.account.AddressTest" time="0.001"/>
  <testcase name="addressesFromFileShouldNotBeEmptyAndHaveProperNames{String, String}" classname="pl.devfoundry.testing.account.AddressTest" time="0"/>
  <testcase name="addressesFromFileShouldNotBeEmptyAndHaveProperNames{String, String}" classname="pl.devfoundry.testing.account.AddressTest" time="0"/>
  <testcase name="addressesFromFileShouldNotBeEmptyAndHaveProperNames{String, String}" classname="pl.devfoundry.testing.account.AddressTest" time="0"/>
  <testcase name="addressesFromFileShouldNotBeEmptyAndHaveProperNames{String, String}" classname="pl.devfoundry.testing.account.AddressTest" time="0.006"/>
  <testcase name="addressesFromFileShouldNotBeEmptyAndHaveProperNames{String, String}" classname="pl.devfoundry.testing.account.AddressTest" time="0.004"/>
  <testcase name="addressesFromFileShouldNotBeEmptyAndHaveProperNames{String, String}" classname="pl.devfoundry.testing.account.AddressTest" time="0"/>
  <testcase name="addressesFromFileShouldNotBeEmptyAndHaveProperNames{String, String}" classname="pl.devfoundry.testing.account.AddressTest" time="0.001"/>
  <testcase name="addressesFromFileShouldNotBeEmptyAndHaveProperNames{String, String}" classname="pl.devfoundry.testing.account.AddressTest" time="0.001"/>
  <testcase name="addressesFromFileShouldNotBeEmptyAndHaveProperNames{String, String}" classname="pl.devfoundry.testing.account.AddressTest" time="0"/>
  <testcase name="addressesFromFileShouldNotBeEmptyAndHaveProperNames{String, String}" classname="pl.devfoundry.testing.account.AddressTest" time="0"/>
  <testcase name="addressesFromFileShouldNotBeEmptyAndHaveProperNames{String, String}" classname="pl.devfoundry.testing.account.AddressTest" time="0"/>
  <testcase name="addressesFromFileShouldNotBeEmptyAndHaveProperNames{String, String}" classname="pl.devfoundry.testing.account.AddressTest" time="0"/>
  <testcase name="addressesFromFileShouldNotBeEmptyAndHaveProperNames{String, String}" classname="pl.devfoundry.testing.account.AddressTest" time="0.001"/>
  <testcase name="addressesFromFileShouldNotBeEmptyAndHaveProperNames{String, String}" classname="pl.devfoundry.testing.account.AddressTest" time="0.001"/>
  <testcase name="addressesFromFileShouldNotBeEmptyAndHaveProperNames{String, String}" classname="pl.devfoundry.testing.account.AddressTest" time="0"/>
  <testcase name="addressesFromFileShouldNotBeEmptyAndHaveProperNames{String, String}" classname="pl.devfoundry.testing.account.AddressTest" time="0"/>
  <testcase name="addressesFromFileShouldNotBeEmptyAndHaveProperNames{String, String}" classname="pl.devfoundry.testing.account.AddressTest" time="0.001"/>
  <testcase name="addressesFromFileShouldNotBeEmptyAndHaveProperNames{String, String}" classname="pl.devfoundry.testing.account.AddressTest" time="0"/>
  <testcase name="addressesFromFileShouldNotBeEmptyAndHaveProperNames{String, String}" classname="pl.devfoundry.testing.account.AddressTest" time="0"/>
  <testcase name="addressesFromFileShouldNotBeEmptyAndHaveProperNames{String, String}" classname="pl.devfoundry.testing.account.AddressTest" time="0"/>
  <testcase name="addressesFromFileShouldNotBeEmptyAndHaveProperNames{String, String}" classname="pl.devfoundry.testing.account.AddressTest" time="0.001"/>
  <testcase name="addressesFromFileShouldNotBeEmptyAndHaveProperNames{String, String}" classname="pl.devfoundry.testing.account.AddressTest" time="0.001"/>
  <testcase name="addressesFromFileShouldNotBeEmptyAndHaveProperNames{String, String}" classname="pl.devfoundry.testing.account.AddressTest" time="0"/>
  <testcase name="addressesFromFileShouldNotBeEmptyAndHaveProperNames{String, String}" classname="pl.devfoundry.testing.account.AddressTest" time="0"/>
  <testcase name="addressesFromFileShouldNotBeEmptyAndHaveProperNames{String, String}" classname="pl.devfoundry.testing.account.AddressTest" time="0.001"/>
  <testcase name="addressesFromFileShouldNotBeEmptyAndHaveProperNames{String, String}" classname="pl.devfoundry.testing.account.AddressTest" time="0.001"/>
  <testcase name="addressesFromFileShouldNotBeEmptyAndHaveProperNames{String, String}" classname="pl.devfoundry.testing.account.AddressTest" time="0"/>
  <testcase name="addressesFromFileShouldNotBeEmptyAndHaveProperNames{String, String}" classname="pl.devfoundry.testing.account.AddressTest" time="0"/>
  <testcase name="addressesFromFileShouldNotBeEmptyAndHaveProperNames{String, String}" classname="pl.devfoundry.testing.account.AddressTest" time="0"/>
  <testcase name="addressesFromFileShouldNotBeEmptyAndHaveProperNames{String, String}" classname="pl.devfoundry.testing.account.AddressTest" time="0.001"/>
  <testcase name="addressesFromFileShouldNotBeEmptyAndHaveProperNames{String, String}" classname="pl.devfoundry.testing.account.AddressTest" time="0.001"/>
  <testcase name="addressesFromFileShouldNotBeEmptyAndHaveProperNames{String, String}" classname="pl.devfoundry.testing.account.AddressTest" time="0"/>
  <testcase name="addressesFromFileShouldNotBeEmptyAndHaveProperNames{String, String}" classname="pl.devfoundry.testing.account.AddressTest" time="0.001"/>
  <testcase name="addressesFromFileShouldNotBeEmptyAndHaveProperNames{String, String}" classname="pl.devfoundry.testing.account.AddressTest" time="0"/>
  <testcase name="addressesFromFileShouldNotBeEmptyAndHaveProperNames{String, String}" classname="pl.devfoundry.testing.account.AddressTest" time="0.002"/>
  <testcase name="addressesFromFileShouldNotBeEmptyAndHaveProperNames{String, String}" classname="pl.devfoundry.testing.account.AddressTest" time="0.001"/>
  <testcase name="addressesFromFileShouldNotBeEmptyAndHaveProperNames{String, String}" classname="pl.devfoundry.testing.account.AddressTest" time="0.001"/>
  <testcase name="addressesFromFileShouldNotBeEmptyAndHaveProperNames{String, String}" classname="pl.devfoundry.testing.account.AddressTest" time="0.001"/>
  <testcase name="addressesFromFileShouldNotBeEmptyAndHaveProperNames{String, String}" classname="pl.devfoundry.testing.account.AddressTest" time="0.001"/>
  <testcase name="addressesFromFileShouldNotBeEmptyAndHaveProperNames{String, String}" classname="pl.devfoundry.testing.account.AddressTest" time="0.001"/>
  <testcase name="addressesFromFileShouldNotBeEmptyAndHaveProperNames{String, String}" classname="pl.devfoundry.testing.account.AddressTest" time="0.001"/>
  <testcase name="addressesFromFileShouldNotBeEmptyAndHaveProperNames{String, String}" classname="pl.devfoundry.testing.account.AddressTest" time="0"/>
  <testcase name="addressesFromFileShouldNotBeEmptyAndHaveProperNames{String, String}" classname="pl.devfoundry.testing.account.AddressTest" time="0.001"/>
  <testcase name="addressesFromFileShouldNotBeEmptyAndHaveProperNames{String, String}" classname="pl.devfoundry.testing.account.AddressTest" time="0"/>
  <testcase name="addressesFromFileShouldNotBeEmptyAndHaveProperNames{String, String}" classname="pl.devfoundry.testing.account.AddressTest" time="0"/>
  <testcase name="addressesFromFileShouldNotBeEmptyAndHaveProperNames{String, String}" classname="pl.devfoundry.testing.account.AddressTest" time="0.001"/>
  <testcase name="addressesFromFileShouldNotBeEmptyAndHaveProperNames{String, String}" classname="pl.devfoundry.testing.account.AddressTest" time="0.001"/>
  <testcase name="addressesFromFileShouldNotBeEmptyAndHaveProperNames{String, String}" classname="pl.devfoundry.testing.account.AddressTest" time="0"/>
  <testcase name="addressesFromFileShouldNotBeEmptyAndHaveProperNames{String, String}" classname="pl.devfoundry.testing.account.AddressTest" time="0.001"/>
  <testcase name="addressesFromFileShouldNotBeEmptyAndHaveProperNames{String, String}" classname="pl.devfoundry.testing.account.AddressTest" time="0.001"/>
  <testcase name="addressesFromFileShouldNotBeEmptyAndHaveProperNames{String, String}" classname="pl.devfoundry.testing.account.AddressTest" time="0.001"/>
  <testcase name="addressesFromFileShouldNotBeEmptyAndHaveProperNames{String, String}" classname="pl.devfoundry.testing.account.AddressTest" time="0.001"/>
  <testcase name="addressesFromFileShouldNotBeEmptyAndHaveProperNames{String, String}" classname="pl.devfoundry.testing.account.AddressTest" time="0"/>
  <testcase name="addressesFromFileShouldNotBeEmptyAndHaveProperNames{String, String}" classname="pl.devfoundry.testing.account.AddressTest" time="0"/>
  <testcase name="addressesFromFileShouldNotBeEmptyAndHaveProperNames{String, String}" classname="pl.devfoundry.testing.account.AddressTest" time="0"/>
  <testcase name="addressesFromFileShouldNotBeEmptyAndHaveProperNames{String, String}" classname="pl.devfoundry.testing.account.AddressTest" time="0.003"/>
  <testcase name="addressesFromFileShouldNotBeEmptyAndHaveProperNames{String, String}" classname="pl.devfoundry.testing.account.AddressTest" time="0"/>
  <testcase name="addressesFromFileShouldNotBeEmptyAndHaveProperNames{String, String}" classname="pl.devfoundry.testing.account.AddressTest" time="0"/>
  <testcase name="addressesFromFileShouldNotBeEmptyAndHaveProperNames{String, String}" classname="pl.devfoundry.testing.account.AddressTest" time="0"/>
  <testcase name="addressesFromFileShouldNotBeEmptyAndHaveProperNames{String, String}" classname="pl.devfoundry.testing.account.AddressTest" time="0"/>
  <testcase name="addressesFromFileShouldNotBeEmptyAndHaveProperNames{String, String}" classname="pl.devfoundry.testing.account.AddressTest" time="0"/>
  <testcase name="addressesFromFileShouldNotBeEmptyAndHaveProperNames{String, String}" classname="pl.devfoundry.testing.account.AddressTest" time="0"/>
  <testcase name="addressesFromFileShouldNotBeEmptyAndHaveProperNames{String, String}" classname="pl.devfoundry.testing.account.AddressTest" time="0"/>
  <testcase name="addressesFromFileShouldNotBeEmptyAndHaveProperNames{String, String}" classname="pl.devfoundry.testing.account.AddressTest" time="0.002"/>
  <testcase name="addressesFromFileShouldNotBeEmptyAndHaveProperNames{String, String}" classname="pl.devfoundry.testing.account.AddressTest" time="0"/>
  <testcase name="addressesFromFileShouldNotBeEmptyAndHaveProperNames{String, String}" classname="pl.devfoundry.testing.account.AddressTest" time="0"/>
  <testcase name="addressesFromFileShouldNotBeEmptyAndHaveProperNames{String, String}" classname="pl.devfoundry.testing.account.AddressTest" time="0"/>
  <testcase name="addressesFromFileShouldNotBeEmptyAndHaveProperNames{String, String}" classname="pl.devfoundry.testing.account.AddressTest" time="0"/>
  <testcase name="addressesFromFileShouldNotBeEmptyAndHaveProperNames{String, String}" classname="pl.devfoundry.testing.account.AddressTest" time="0.023"/>
  <testcase name="addressesFromFileShouldNotBeEmptyAndHaveProperNames{String, String}" classname="pl.devfoundry.testing.account.AddressTest" time="0"/>
  <testcase name="addressesFromFileShouldNotBeEmptyAndHaveProperNames{String, String}" classname="pl.devfoundry.testing.account.AddressTest" time="0"/>
  <testcase name="addressesFromFileShouldNotBeEmptyAndHaveProperNames{String, String}" classname="pl.devfoundry.testing.account.AddressTest" time="0"/>
  <testcase name="addressesFromFileShouldNotBeEmptyAndHaveProperNames{String, String}" classname="pl.devfoundry.testing.account.AddressTest" time="0"/>
  <testcase name="addressesFromFileShouldNotBeEmptyAndHaveProperNames{String, String}" classname="pl.devfoundry.testing.account.AddressTest" time="0.002"/>
  <testcase name="addressesFromFileShouldNotBeEmptyAndHaveProperNames{String, String}" classname="pl.devfoundry.testing.account.AddressTest" time="0.005"/>
  <testcase name="addressesFromFileShouldNotBeEmptyAndHaveProperNames{String, String}" classname="pl.devfoundry.testing.account.AddressTest" time="0.001"/>
  <testcase name="addressesFromFileShouldNotBeEmptyAndHaveProperNames{String, String}" classname="pl.devfoundry.testing.account.AddressTest" time="0"/>
  <testcase name="addressesFromFileShouldNotBeEmptyAndHaveProperNames{String, String}" classname="pl.devfoundry.testing.account.AddressTest" time="0"/>
  <testcase name="addressesFromFileShouldNotBeEmptyAndHaveProperNames{String, String}" classname="pl.devfoundry.testing.account.AddressTest" time="0.001"/>
  <testcase name="addressesFromFileShouldNotBeEmptyAndHaveProperNames{String, String}" classname="pl.devfoundry.testing.account.AddressTest" time="0.001"/>
  <testcase name="addressesFromFileShouldNotBeEmptyAndHaveProperNames{String, String}" classname="pl.devfoundry.testing.account.AddressTest" time="0"/>
  <testcase name="addressesFromFileShouldNotBeEmptyAndHaveProperNames{String, String}" classname="pl.devfoundry.testing.account.AddressTest" time="0"/>
  <testcase name="addressesFromFileShouldNotBeEmptyAndHaveProperNames{String, String}" classname="pl.devfoundry.testing.account.AddressTest" time="0.003"/>
  <testcase name="addressesFromFileShouldNotBeEmptyAndHaveProperNames{String, String}" classname="pl.devfoundry.testing.account.AddressTest" time="0"/>
  <testcase name="addressesFromFileShouldNotBeEmptyAndHaveProperNames{String, String}" classname="pl.devfoundry.testing.account.AddressTest" time="0"/>
  <testcase name="addressesFromFileShouldNotBeEmptyAndHaveProperNames{String, String}" classname="pl.devfoundry.testing.account.AddressTest" time="0.001"/>
  <testcase name="addressesFromFileShouldNotBeEmptyAndHaveProperNames{String, String}" classname="pl.devfoundry.testing.account.AddressTest" time="0.001"/>
  <testcase name="addressesFromFileShouldNotBeEmptyAndHaveProperNames{String, String}" classname="pl.devfoundry.testing.account.AddressTest" time="0"/>
  <testcase name="addressesFromFileShouldNotBeEmptyAndHaveProperNames{String, String}" classname="pl.devfoundry.testing.account.AddressTest" time="0.001"/>
  <testcase name="addressesFromFileShouldNotBeEmptyAndHaveProperNames{String, String}" classname="pl.devfoundry.testing.account.AddressTest" time="0.001"/>
  <testcase name="addressesFromFileShouldNotBeEmptyAndHaveProperNames{String, String}" classname="pl.devfoundry.testing.account.AddressTest" time="0"/>
  <testcase name="addressesFromFileShouldNotBeEmptyAndHaveProperNames{String, String}" classname="pl.devfoundry.testing.account.AddressTest" time="0.001"/>
  <testcase name="addressesFromFileShouldNotBeEmptyAndHaveProperNames{String, String}" classname="pl.devfoundry.testing.account.AddressTest" time="0"/>
  <testcase name="addressesFromFileShouldNotBeEmptyAndHaveProperNames{String, String}" classname="pl.devfoundry.testing.account.AddressTest" time="0.001"/>
  <testcase name="addressesFromFileShouldNotBeEmptyAndHaveProperNames{String, String}" classname="pl.devfoundry.testing.account.AddressTest" time="0.001"/>
  <testcase name="addressesFromFileShouldNotBeEmptyAndHaveProperNames{String, String}" classname="pl.devfoundry.testing.account.AddressTest" time="0"/>
  <testcase name="addressesFromFileShouldNotBeEmptyAndHaveProperNames{String, String}" classname="pl.devfoundry.testing.account.AddressTest" time="0.001"/>
  <testcase name="addressesFromFileShouldNotBeEmptyAndHaveProperNames{String, String}" classname="pl.devfoundry.testing.account.AddressTest" time="0.002"/>
  <testcase name="addressesFromFileShouldNotBeEmptyAndHaveProperNames{String, String}" classname="pl.devfoundry.testing.account.AddressTest" time="0.001"/>
  <testcase name="addressesFromFileShouldNotBeEmptyAndHaveProperNames{String, String}" classname="pl.devfoundry.testing.account.AddressTest" time="0"/>
  <testcase name="addressesFromFileShouldNotBeEmptyAndHaveProperNames{String, String}" classname="pl.devfoundry.testing.account.AddressTest" time="0.001"/>
  <testcase name="addressesFromFileShouldNotBeEmptyAndHaveProperNames{String, String}" classname="pl.devfoundry.testing.account.AddressTest" time="0.002"/>
  <testcase name="addressesFromFileShouldNotBeEmptyAndHaveProperNames{String, String}" classname="pl.devfoundry.testing.account.AddressTest" time="0"/>
  <testcase name="addressesFromFileShouldNotBeEmptyAndHaveProperNames{String, String}" classname="pl.devfoundry.testing.account.AddressTest" time="0"/>
  <testcase name="addressesFromFileShouldNotBeEmptyAndHaveProperNames{String, String}" classname="pl.devfoundry.testing.account.AddressTest" time="0.013"/>
  <testcase name="addressesFromFileShouldNotBeEmptyAndHaveProperNames{String, String}" classname="pl.devfoundry.testing.account.AddressTest" time="0"/>
  <testcase name="addressesFromFileShouldNotBeEmptyAndHaveProperNames{String, String}" classname="pl.devfoundry.testing.account.AddressTest" time="0"/>
  <testcase name="addressesFromFileShouldNotBeEmptyAndHaveProperNames{String, String}" classname="pl.devfoundry.testing.account.AddressTest" time="0"/>
  <testcase name="addressesFromFileShouldNotBeEmptyAndHaveProperNames{String, String}" classname="pl.devfoundry.testing.account.AddressTest" time="0"/>
  <testcase name="addressesFromFileShouldNotBeEmptyAndHaveProperNames{String, String}" classname="pl.devfoundry.testing.account.AddressTest" time="0"/>
  <testcase name="addressesFromFileShouldNotBeEmptyAndHaveProperNames{String, String}" classname="pl.devfoundry.testing.account.AddressTest" time="0"/>
  <testcase name="addressesFromFileShouldNotBeEmptyAndHaveProperNames{String, String}" classname="pl.devfoundry.testing.account.AddressTest" time="0"/>
  <testcase name="addressesFromFileShouldNotBeEmptyAndHaveProperNames{String, String}" classname="pl.devfoundry.testing.account.AddressTest" time="0"/>
  <testcase name="addressesFromFileShouldNotBeEmptyAndHaveProperNames{String, String}" classname="pl.devfoundry.testing.account.AddressTest" time="0"/>
  <testcase name="addressesFromFileShouldNotBeEmptyAndHaveProperNames{String, String}" classname="pl.devfoundry.testing.account.AddressTest" time="0.006"/>
  <testcase name="addressesFromFileShouldNotBeEmptyAndHaveProperNames{String, String}" classname="pl.devfoundry.testing.account.AddressTest" time="0"/>
  <testcase name="addressesFromFileShouldNotBeEmptyAndHaveProperNames{String, String}" classname="pl.devfoundry.testing.account.AddressTest" time="0"/>
  <testcase name="addressesFromFileShouldNotBeEmptyAndHaveProperNames{String, String}" classname="pl.devfoundry.testing.account.AddressTest" time="0"/>
  <testcase name="addressesFromFileShouldNotBeEmptyAndHaveProperNames{String, String}" classname="pl.devfoundry.testing.account.AddressTest" time="0"/>
  <testcase name="addressesFromFileShouldNotBeEmptyAndHaveProperNames{String, String}" classname="pl.devfoundry.testing.account.AddressTest" time="0"/>
  <testcase name="addressesFromFileShouldNotBeEmptyAndHaveProperNames{String, String}" classname="pl.devfoundry.testing.account.AddressTest" time="0"/>
  <testcase name="addressesFromFileShouldNotBeEmptyAndHaveProperNames{String, String}" classname="pl.devfoundry.testing.account.AddressTest" time="0"/>
  <testcase name="addressesFromFileShouldNotBeEmptyAndHaveProperNames{String, String}" classname="pl.devfoundry.testing.account.AddressTest" time="0"/>
  <testcase name="addressesFromFileShouldNotBeEmptyAndHaveProperNames{String, String}" classname="pl.devfoundry.testing.account.AddressTest" time="0"/>
  <testcase name="addressesFromFileShouldNotBeEmptyAndHaveProperNames{String, String}" classname="pl.devfoundry.testing.account.AddressTest" time="0"/>
  <testcase name="addressesFromFileShouldNotBeEmptyAndHaveProperNames{String, String}" classname="pl.devfoundry.testing.account.AddressTest" time="0"/>
  <testcase name="addressesFromFileShouldNotBeEmptyAndHaveProperNames{String, String}" classname="pl.devfoundry.testing.account.AddressTest" time="0.001"/>
  <testcase name="addressesFromFileShouldNotBeEmptyAndHaveProperNames{String, String}" classname="pl.devfoundry.testing.account.AddressTest" time="0"/>
  <testcase name="addressesFromFileShouldNotBeEmptyAndHaveProperNames{String, String}" classname="pl.devfoundry.testing.account.AddressTest" time="0"/>
  <testcase name="addressesFromFileShouldNotBeEmptyAndHaveProperNames{String, String}" classname="pl.devfoundry.testing.account.AddressTest" time="0"/>
  <testcase name="addressesFromFileShouldNotBeEmptyAndHaveProperNames{String, String}" classname="pl.devfoundry.testing.account.AddressTest" time="0"/>
  <testcase name="addressesFromFileShouldNotBeEmptyAndHaveProperNames{String, String}" classname="pl.devfoundry.testing.account.AddressTest" time="0.001"/>
  <testcase name="addressesFromFileShouldNotBeEmptyAndHaveProperNames{String, String}" classname="pl.devfoundry.testing.account.AddressTest" time="0.001"/>
  <testcase name="addressesFromFileShouldNotBeEmptyAndHaveProperNames{String, String}" classname="pl.devfoundry.testing.account.AddressTest" time="0"/>
  <testcase name="addressesFromFileShouldNotBeEmptyAndHaveProperNames{String, String}" classname="pl.devfoundry.testing.account.AddressTest" time="0"/>
  <testcase name="addressesFromFileShouldNotBeEmptyAndHaveProperNames{String, String}" classname="pl.devfoundry.testing.account.AddressTest" time="0.001"/>
  <testcase name="addressesFromFileShouldNotBeEmptyAndHaveProperNames{String, String}" classname="pl.devfoundry.testing.account.AddressTest" time="0"/>
  <testcase name="addressesFromFileShouldNotBeEmptyAndHaveProperNames{String, String}" classname="pl.devfoundry.testing.account.AddressTest" time="0"/>
  <testcase name="addressesFromFileShouldNotBeEmptyAndHaveProperNames{String, String}" classname="pl.devfoundry.testing.account.AddressTest" time="0"/>
  <testcase name="addressesFromFileShouldNotBeEmptyAndHaveProperNames{String, String}" classname="pl.devfoundry.testing.account.AddressTest" time="0"/>
  <testcase name="addressesFromFileShouldNotBeEmptyAndHaveProperNames{String, String}" classname="pl.devfoundry.testing.account.AddressTest" time="0"/>
  <testcase name="addressesFromFileShouldNotBeEmptyAndHaveProperNames{String, String}" classname="pl.devfoundry.testing.account.AddressTest" time="0"/>
  <testcase name="addressesFromFileShouldNotBeEmptyAndHaveProperNames{String, String}" classname="pl.devfoundry.testing.account.AddressTest" time="0"/>
  <testcase name="addressesFromFileShouldNotBeEmptyAndHaveProperNames{String, String}" classname="pl.devfoundry.testing.account.AddressTest" time="0"/>
  <testcase name="addressesFromFileShouldNotBeEmptyAndHaveProperNames{String, String}" classname="pl.devfoundry.testing.account.AddressTest" time="0"/>
  <testcase name="addressesFromFileShouldNotBeEmptyAndHaveProperNames{String, String}" classname="pl.devfoundry.testing.account.AddressTest" time="0"/>
  <testcase name="addressesFromFileShouldNotBeEmptyAndHaveProperNames{String, String}" classname="pl.devfoundry.testing.account.AddressTest" time="0.001"/>
  <testcase name="addressesFromFileShouldNotBeEmptyAndHaveProperNames{String, String}" classname="pl.devfoundry.testing.account.AddressTest" time="0"/>
  <testcase name="addressesFromFileShouldNotBeEmptyAndHaveProperNames{String, String}" classname="pl.devfoundry.testing.account.AddressTest" time="0.001"/>
  <testcase name="addressesFromFileShouldNotBeEmptyAndHaveProperNames{String, String}" classname="pl.devfoundry.testing.account.AddressTest" time="0"/>
  <testcase name="addressesFromFileShouldNotBeEmptyAndHaveProperNames{String, String}" classname="pl.devfoundry.testing.account.AddressTest" time="0"/>
  <testcase name="addressesFromFileShouldNotBeEmptyAndHaveProperNames{String, String}" classname="pl.devfoundry.testing.account.AddressTest" time="0"/>
  <testcase name="addressesFromFileShouldNotBeEmptyAndHaveProperNames{String, String}" classname="pl.devfoundry.testing.account.AddressTest" time="0"/>
  <testcase name="addressesFromFileShouldNotBeEmptyAndHaveProperNames{String, String}" classname="pl.devfoundry.testing.account.AddressTest" time="0.001"/>
  <testcase name="addressesFromFileShouldNotBeEmptyAndHaveProperNames{String, String}" classname="pl.devfoundry.testing.account.AddressTest" time="0"/>
  <testcase name="addressesFromFileShouldNotBeEmptyAndHaveProperNames{String, String}" classname="pl.devfoundry.testing.account.AddressTest" time="0"/>
  <testcase name="addressesFromFileShouldNotBeEmptyAndHaveProperNames{String, String}" classname="pl.devfoundry.testing.account.AddressTest" time="0.02"/>
  <testcase name="addressesFromFileShouldNotBeEmptyAndHaveProperNames{String, String}" classname="pl.devfoundry.testing.account.AddressTest" time="0"/>
  <testcase name="addressesFromFileShouldNotBeEmptyAndHaveProperNames{String, String}" classname="pl.devfoundry.testing.account.AddressTest" time="0"/>
  <testcase name="addressesFromFileShouldNotBeEmptyAndHaveProperNames{String, String}" classname="pl.devfoundry.testing.account.AddressTest" time="0"/>
  <testcase name="addressesFromFileShouldNotBeEmptyAndHaveProperNames{String, String}" classname="pl.devfoundry.testing.account.AddressTest" time="0.001"/>
  <testcase name="addressesFromFileShouldNotBeEmptyAndHaveProperNames{String, String}" classname="pl.devfoundry.testing.account.AddressTest" time="0.001"/>
  <testcase name="addressesFromFileShouldNotBeEmptyAndHaveProperNames{String, String}" classname="pl.devfoundry.testing.account.AddressTest" time="0"/>
  <testcase name="addressesFromFileShouldNotBeEmptyAndHaveProperNames{String, String}" classname="pl.devfoundry.testing.account.AddressTest" time="0"/>
  <testcase name="addressesFromFileShouldNotBeEmptyAndHaveProperNames{String, String}" classname="pl.devfoundry.testing.account.AddressTest" time="0"/>
  <testcase name="addressesFromFileShouldNotBeEmptyAndHaveProperNames{String, String}" classname="pl.devfoundry.testing.account.AddressTest" time="0"/>
  <testcase name="addressesFromFileShouldNotBeEmptyAndHaveProperNames{String, String}" classname="pl.devfoundry.testing.account.AddressTest" time="0"/>
  <testcase name="addressesFromFileShouldNotBeEmptyAndHaveProperNames{String, String}" classname="pl.devfoundry.testing.account.AddressTest" time="0"/>
  <testcase name="addressesFromFileShouldNotBeEmptyAndHaveProperNames{String, String}" classname="pl.devfoundry.testing.account.AddressTest" time="0"/>
  <testcase name="addressesFromFileShouldNotBeEmptyAndHaveProperNames{String, String}" classname="pl.devfoundry.testing.account.AddressTest" time="0.001"/>
  <testcase name="addressesFromFileShouldNotBeEmptyAndHaveProperNames{String, String}" classname="pl.devfoundry.testing.account.AddressTest" time="0.001"/>
  <testcase name="addressesFromFileShouldNotBeEmptyAndHaveProperNames{String, String}" classname="pl.devfoundry.testing.account.AddressTest" time="0"/>
  <testcase name="addressesFromFileShouldNotBeEmptyAndHaveProperNames{String, String}" classname="pl.devfoundry.testing.account.AddressTest" time="0"/>
  <testcase name="addressesFromFileShouldNotBeEmptyAndHaveProperNames{String, String}" classname="pl.devfoundry.testing.account.AddressTest" time="0"/>
  <testcase name="addressesFromFileShouldNotBeEmptyAndHaveProperNames{String, String}" classname="pl.devfoundry.testing.account.AddressTest" time="0.001"/>
  <testcase name="addressesFromFileShouldNotBeEmptyAndHaveProperNames{String, String}" classname="pl.devfoundry.testing.account.AddressTest" time="0.001"/>
  <testcase name="addressesFromFileShouldNotBeEmptyAndHaveProperNames{String, String}" classname="pl.devfoundry.testing.account.AddressTest" time="0.001"/>
  <testcase name="addressesFromFileShouldNotBeEmptyAndHaveProperNames{String, String}" classname="pl.devfoundry.testing.account.AddressTest" time="0.001"/>
  <testcase name="addressesFromFileShouldNotBeEmptyAndHaveProperNames{String, String}" classname="pl.devfoundry.testing.account.AddressTest" time="0.001"/>
  <testcase name="addressesFromFileShouldNotBeEmptyAndHaveProperNames{String, String}" classname="pl.devfoundry.testing.account.AddressTest" time="0.001"/>
  <testcase name="addressesFromFileShouldNotBeEmptyAndHaveProperNames{String, String}" classname="pl.devfoundry.testing.account.AddressTest" time="0.001"/>
  <testcase name="addressesFromFileShouldNotBeEmptyAndHaveProperNames{String, String}" classname="pl.devfoundry.testing.account.AddressTest" time="0.001"/>
  <testcase name="addressesFromFileShouldNotBeEmptyAndHaveProperNames{String, String}" classname="pl.devfoundry.testing.account.AddressTest" time="0"/>
  <testcase name="addressesFromFileShouldNotBeEmptyAndHaveProperNames{String, String}" classname="pl.devfoundry.testing.account.AddressTest" time="0"/>
  <testcase name="addressesFromFileShouldNotBeEmptyAndHaveProperNames{String, String}" classname="pl.devfoundry.testing.account.AddressTest" time="0.001"/>
  <testcase name="addressesFromFileShouldNotBeEmptyAndHaveProperNames{String, String}" classname="pl.devfoundry.testing.account.AddressTest" time="0"/>
  <testcase name="addressesFromFileShouldNotBeEmptyAndHaveProperNames{String, String}" classname="pl.devfoundry.testing.account.AddressTest" time="0"/>
  <testcase name="addressesFromFileShouldNotBeEmptyAndHaveProperNames{String, String}" classname="pl.devfoundry.testing.account.AddressTest" time="0"/>
  <testcase name="addressesFromFileShouldNotBeEmptyAndHaveProperNames{String, String}" classname="pl.devfoundry.testing.account.AddressTest" time="0"/>
  <testcase name="addressesFromFileShouldNotBeEmptyAndHaveProperNames{String, String}" classname="pl.devfoundry.testing.account.AddressTest" time="0.001"/>
  <testcase name="addressesFromFileShouldNotBeEmptyAndHaveProperNames{String, String}" classname="pl.devfoundry.testing.account.AddressTest" time="0.001"/>
  <testcase name="addressesFromFileShouldNotBeEmptyAndHaveProperNames{String, String}" classname="pl.devfoundry.testing.account.AddressTest" time="0.001"/>
  <testcase name="addressesFromFileShouldNotBeEmptyAndHaveProperNames{String, String}" classname="pl.devfoundry.testing.account.AddressTest" time="0"/>
  <testcase name="addressesFromFileShouldNotBeEmptyAndHaveProperNames{String, String}" classname="pl.devfoundry.testing.account.AddressTest" time="0"/>
  <testcase name="addressesFromFileShouldNotBeEmptyAndHaveProperNames{String, String}" classname="pl.devfoundry.testing.account.AddressTest" time="0"/>
  <testcase name="addressesFromFileShouldNotBeEmptyAndHaveProperNames{String, String}" classname="pl.devfoundry.testing.account.AddressTest" time="0"/>
  <testcase name="addressesFromFileShouldNotBeEmptyAndHaveProperNames{String, String}" classname="pl.devfoundry.testing.account.AddressTest" time="0.001"/>
  <testcase name="addressesFromFileShouldNotBeEmptyAndHaveProperNames{String, String}" classname="pl.devfoundry.testing.account.AddressTest" time="0"/>
  <testcase name="addressesFromFileShouldNotBeEmptyAndHaveProperNames{String, String}" classname="pl.devfoundry.testing.account.AddressTest" time="0"/>
  <testcase name="addressesFromFileShouldNotBeEmptyAndHaveProperNames{String, String}" classname="pl.devfoundry.testing.account.AddressTest" time="0.001"/>
  <testcase name="addressesFromFileShouldNotBeEmptyAndHaveProperNames{String, String}" classname="pl.devfoundry.testing.account.AddressTest" time="0.015"/>
  <testcase name="addressesFromFileShouldNotBeEmptyAndHaveProperNames{String, String}" classname="pl.devfoundry.testing.account.AddressTest" time="0"/>
  <testcase name="addressesFromFileShouldNotBeEmptyAndHaveProperNames{String, String}" classname="pl.devfoundry.testing.account.AddressTest" time="0"/>
  <testcase name="addressesFromFileShouldNotBeEmptyAndHaveProperNames{String, String}" classname="pl.devfoundry.testing.account.AddressTest" time="0"/>
  <testcase name="addressesFromFileShouldNotBeEmptyAndHaveProperNames{String, String}" classname="pl.devfoundry.testing.account.AddressTest" time="0.001"/>
  <testcase name="addressesFromFileShouldNotBeEmptyAndHaveProperNames{String, String}" classname="pl.devfoundry.testing.account.AddressTest" time="0"/>
  <testcase name="addressesFromFileShouldNotBeEmptyAndHaveProperNames{String, String}" classname="pl.devfoundry.testing.account.AddressTest" time="0"/>
  <testcase name="addressesFromFileShouldNotBeEmptyAndHaveProperNames{String, String}" classname="pl.devfoundry.testing.account.AddressTest" time="0.001"/>
  <testcase name="addressesFromFileShouldNotBeEmptyAndHaveProperNames{String, String}" classname="pl.devfoundry.testing.account.AddressTest" time="0"/>
  <testcase name="addressesFromFileShouldNotBeEmptyAndHaveProperNames{String, String}" classname="pl.devfoundry.testing.account.AddressTest" time="0"/>
  <testcase name="addressesFromFileShouldNotBeEmptyAndHaveProperNames{String, String}" classname="pl.devfoundry.testing.account.AddressTest" time="0.001"/>
  <testcase name="addressesFromFileShouldNotBeEmptyAndHaveProperNames{String, String}" classname="pl.devfoundry.testing.account.AddressTest" time="0"/>
  <testcase name="addressesFromFileShouldNotBeEmptyAndHaveProperNames{String, String}" classname="pl.devfoundry.testing.account.AddressTest" time="0"/>
  <testcase name="addressesFromFileShouldNotBeEmptyAndHaveProperNames{String, String}" classname="pl.devfoundry.testing.account.AddressTest" time="0"/>
  <testcase name="addressesFromFileShouldNotBeEmptyAndHaveProperNames{String, String}" classname="pl.devfoundry.testing.account.AddressTest" time="0.001"/>
  <testcase name="addressesFromFileShouldNotBeEmptyAndHaveProperNames{String, String}" classname="pl.devfoundry.testing.account.AddressTest" time="0"/>
  <testcase name="addressesFromFileShouldNotBeEmptyAndHaveProperNames{String, String}" classname="pl.devfoundry.testing.account.AddressTest" time="0.001"/>
  <testcase name="addressesFromFileShouldNotBeEmptyAndHaveProperNames{String, String}" classname="pl.devfoundry.testing.account.AddressTest" time="0"/>
  <testcase name="addressesFromFileShouldNotBeEmptyAndHaveProperNames{String, String}" classname="pl.devfoundry.testing.account.AddressTest" time="0.001"/>
  <testcase name="addressesFromFileShouldNotBeEmptyAndHaveProperNames{String, String}" classname="pl.devfoundry.testing.account.AddressTest" time="0.001"/>
  <testcase name="addressesFromFileShouldNotBeEmptyAndHaveProperNames{String, String}" classname="pl.devfoundry.testing.account.AddressTest" time="0.001"/>
  <testcase name="addressesFromFileShouldNotBeEmptyAndHaveProperNames{String, String}" classname="pl.devfoundry.testing.account.AddressTest" time="0"/>
  <testcase name="addressesFromFileShouldNotBeEmptyAndHaveProperNames{String, String}" classname="pl.devfoundry.testing.account.AddressTest" time="0"/>
  <testcase name="addressesFromFileShouldNotBeEmptyAndHaveProperNames{String, String}" classname="pl.devfoundry.testing.account.AddressTest" time="0"/>
  <testcase name="addressesFromFileShouldNotBeEmptyAndHaveProperNames{String, String}" classname="pl.devfoundry.testing.account.AddressTest" time="0.001"/>
  <testcase name="addressesFromFileShouldNotBeEmptyAndHaveProperNames{String, String}" classname="pl.devfoundry.testing.account.AddressTest" time="0"/>
  <testcase name="addressesFromFileShouldNotBeEmptyAndHaveProperNames{String, String}" classname="pl.devfoundry.testing.account.AddressTest" time="0"/>
  <testcase name="addressesFromFileShouldNotBeEmptyAndHaveProperNames{String, String}" classname="pl.devfoundry.testing.account.AddressTest" time="0"/>
  <testcase name="addressesFromFileShouldNotBeEmptyAndHaveProperNames{String, String}" classname="pl.devfoundry.testing.account.AddressTest" time="0"/>
  <testcase name="addressesFromFileShouldNotBeEmptyAndHaveProperNames{String, String}" classname="pl.devfoundry.testing.account.AddressTest" time="0.002"/>
  <testcase name="addressesFromFileShouldNotBeEmptyAndHaveProperNames{String, String}" classname="pl.devfoundry.testing.account.AddressTest" time="0"/>
  <testcase name="addressesFromFileShouldNotBeEmptyAndHaveProperNames{String, String}" classname="pl.devfoundry.testing.account.AddressTest" time="0"/>
  <testcase name="addressesFromFileShouldNotBeEmptyAndHaveProperNames{String, String}" classname="pl.devfoundry.testing.account.AddressTest" time="0"/>
  <testcase name="addressesFromFileShouldNotBeEmptyAndHaveProperNames{String, String}" classname="pl.devfoundry.testing.account.AddressTest" time="0"/>
  <testcase name="addressesFromFileShouldNotBeEmptyAndHaveProperNames{String, String}" classname="pl.devfoundry.testing.account.AddressTest" time="0.001"/>
  <testcase name="addressesFromFileShouldNotBeEmptyAndHaveProperNames{String, String}" classname="pl.devfoundry.testing.account.AddressTest" time="0"/>
  <testcase name="addressesFromFileShouldNotBeEmptyAndHaveProperNames{String, String}" classname="pl.devfoundry.testing.account.AddressTest" time="0"/>
  <testcase name="addressesFromFileShouldNotBeEmptyAndHaveProperNames{String, String}" classname="pl.devfoundry.testing.account.AddressTest" time="0"/>
  <testcase name="addressesFromFileShouldNotBeEmptyAndHaveProperNames{String, String}" classname="pl.devfoundry.testing.account.AddressTest" time="0"/>
  <testcase name="addressesFromFileShouldNotBeEmptyAndHaveProperNames{String, String}" classname="pl.devfoundry.testing.account.AddressTest" time="0"/>
  <testcase name="addressesFromFileShouldNotBeEmptyAndHaveProperNames{String, String}" classname="pl.devfoundry.testing.account.AddressTest" time="0"/>
  <testcase name="addressesFromFileShouldNotBeEmptyAndHaveProperNames{String, String}" classname="pl.devfoundry.testing.account.AddressTest" time="0"/>
  <testcase name="addressesFromFileShouldNotBeEmptyAndHaveProperNames{String, String}" classname="pl.devfoundry.testing.account.AddressTest" time="0.001"/>
  <testcase name="addressesFromFileShouldNotBeEmptyAndHaveProperNames{String, String}" classname="pl.devfoundry.testing.account.AddressTest" time="0"/>
  <testcase name="addressesFromFileShouldNotBeEmptyAndHaveProperNames{String, String}" classname="pl.devfoundry.testing.account.AddressTest" time="0"/>
  <testcase name="addressesFromFileShouldNotBeEmptyAndHaveProperNames{String, String}" classname="pl.devfoundry.testing.account.AddressTest" time="0"/>
  <testcase name="addressesFromFileShouldNotBeEmptyAndHaveProperNames{String, String}" classname="pl.devfoundry.testing.account.AddressTest" time="0.001"/>
  <testcase name="addressesFromFileShouldNotBeEmptyAndHaveProperNames{String, String}" classname="pl.devfoundry.testing.account.AddressTest" time="0"/>
  <testcase name="addressesFromFileShouldNotBeEmptyAndHaveProperNames{String, String}" classname="pl.devfoundry.testing.account.AddressTest" time="0"/>
  <testcase name="addressesFromFileShouldNotBeEmptyAndHaveProperNames{String, String}" classname="pl.devfoundry.testing.account.AddressTest" time="0"/>
  <testcase name="addressesFromFileShouldNotBeEmptyAndHaveProperNames{String, String}" classname="pl.devfoundry.testing.account.AddressTest" time="0"/>
  <testcase name="addressesFromFileShouldNotBeEmptyAndHaveProperNames{String, String}" classname="pl.devfoundry.testing.account.AddressTest" time="0.001"/>
  <testcase name="addressesFromFileShouldNotBeEmptyAndHaveProperNames{String, String}" classname="pl.devfoundry.testing.account.AddressTest" time="0.001"/>
  <testcase name="addressesFromFileShouldNotBeEmptyAndHaveProperNames{String, String}" classname="pl.devfoundry.testing.account.AddressTest" time="0"/>
  <testcase name="addressesFromFileShouldNotBeEmptyAndHaveProperNames{String, String}" classname="pl.devfoundry.testing.account.AddressTest" time="0"/>
  <testcase name="addressesFromFileShouldNotBeEmptyAndHaveProperNames{String, String}" classname="pl.devfoundry.testing.account.AddressTest" time="0"/>
  <testcase name="addressesFromFileShouldNotBeEmptyAndHaveProperNames{String, String}" classname="pl.devfoundry.testing.account.AddressTest" time="0"/>
  <testcase name="addressesFromFileShouldNotBeEmptyAndHaveProperNames{String, String}" classname="pl.devfoundry.testing.account.AddressTest" time="0"/>
  <testcase name="addressesFromFileShouldNotBeEmptyAndHaveProperNames{String, String}" classname="pl.devfoundry.testing.account.AddressTest" time="0"/>
  <testcase name="addressesFromFileShouldNotBeEmptyAndHaveProperNames{String, String}" classname="pl.devfoundry.testing.account.AddressTest" time="0"/>
  <testcase name="addressesFromFileShouldNotBeEmptyAndHaveProperNames{String, String}" classname="pl.devfoundry.testing.account.AddressTest" time="0.012"/>
  <testcase name="addressesFromFileShouldNotBeEmptyAndHaveProperNames{String, String}" classname="pl.devfoundry.testing.account.AddressTest" time="0"/>
  <testcase name="addressesFromFileShouldNotBeEmptyAndHaveProperNames{String, String}" classname="pl.devfoundry.testing.account.AddressTest" time="0.002"/>
  <testcase name="addressesFromFileShouldNotBeEmptyAndHaveProperNames{String, String}" classname="pl.devfoundry.testing.account.AddressTest" time="0"/>
  <testcase name="addressesFromFileShouldNotBeEmptyAndHaveProperNames{String, String}" classname="pl.devfoundry.testing.account.AddressTest" time="0"/>
  <testcase name="addressesFromFileShouldNotBeEmptyAndHaveProperNames{String, String}" classname="pl.devfoundry.testing.account.AddressTest" time="0"/>
  <testcase name="addressesFromFileShouldNotBeEmptyAndHaveProperNames{String, String}" classname="pl.devfoundry.testing.account.AddressTest" time="0"/>
  <testcase name="addressesFromFileShouldNotBeEmptyAndHaveProperNames{String, String}" classname="pl.devfoundry.testing.account.AddressTest" time="0"/>
  <testcase name="addressesFromFileShouldNotBeEmptyAndHaveProperNames{String, String}" classname="pl.devfoundry.testing.account.AddressTest" time="0.001"/>
  <testcase name="addressesFromFileShouldNotBeEmptyAndHaveProperNames{String, String}" classname="pl.devfoundry.testing.account.AddressTest" time="0"/>
  <testcase name="addressesFromFileShouldNotBeEmptyAndHaveProperNames{String, String}" classname="pl.devfoundry.testing.account.AddressTest" time="0"/>
  <testcase name="addressesFromFileShouldNotBeEmptyAndHaveProperNames{String, String}" classname="pl.devfoundry.testing.account.AddressTest" time="0"/>
  <testcase name="addressesFromFileShouldNotBeEmptyAndHaveProperNames{String, String}" classname="pl.devfoundry.testing.account.AddressTest" time="0"/>
  <testcase name="addressesFromFileShouldNotBeEmptyAndHaveProperNames{String, String}" classname="pl.devfoundry.testing.account.AddressTest" time="0"/>
  <testcase name="addressesFromFileShouldNotBeEmptyAndHaveProperNames{String, String}" classname="pl.devfoundry.testing.account.AddressTest" time="0"/>
  <testcase name="addressesFromFileShouldNotBeEmptyAndHaveProperNames{String, String}" classname="pl.devfoundry.testing.account.AddressTest" time="0"/>
  <testcase name="addressesFromFileShouldNotBeEmptyAndHaveProperNames{String, String}" classname="pl.devfoundry.testing.account.AddressTest" time="0"/>
  <testcase name="addressesFromFileShouldNotBeEmptyAndHaveProperNames{String, String}" classname="pl.devfoundry.testing.account.AddressTest" time="0"/>
  <testcase name="addressesFromFileShouldNotBeEmptyAndHaveProperNames{String, String}" classname="pl.devfoundry.testing.account.AddressTest" time="0"/>
  <testcase name="addressesFromFileShouldNotBeEmptyAndHaveProperNames{String, String}" classname="pl.devfoundry.testing.account.AddressTest" time="0"/>
  <testcase name="addressesFromFileShouldNotBeEmptyAndHaveProperNames{String, String}" classname="pl.devfoundry.testing.account.AddressTest" time="0.001"/>
  <testcase name="addressesFromFileShouldNotBeEmptyAndHaveProperNames{String, String}" classname="pl.devfoundry.testing.account.AddressTest" time="0.001"/>
  <testcase name="addressesFromFileShouldNotBeEmptyAndHaveProperNames{String, String}" classname="pl.devfoundry.testing.account.AddressTest" time="0.001"/>
  <testcase name="addressesFromFileShouldNotBeEmptyAndHaveProperNames{String, String}" classname="pl.devfoundry.testing.account.AddressTest" time="0"/>
  <testcase name="addressesFromFileShouldNotBeEmptyAndHaveProperNames{String, String}" classname="pl.devfoundry.testing.account.AddressTest" time="0"/>
  <testcase name="addressesFromFileShouldNotBeEmptyAndHaveProperNames{String, String}" classname="pl.devfoundry.testing.account.AddressTest" time="0.001"/>
  <testcase name="addressesFromFileShouldNotBeEmptyAndHaveProperNames{String, String}" classname="pl.devfoundry.testing.account.AddressTest" time="0.001"/>
  <testcase name="addressesFromFileShouldNotBeEmptyAndHaveProperNames{String, String}" classname="pl.devfoundry.testing.account.AddressTest" time="0.001"/>
  <testcase name="addressesFromFileShouldNotBeEmptyAndHaveProperNames{String, String}" classname="pl.devfoundry.testing.account.AddressTest" time="0.001"/>
  <testcase name="addressesFromFileShouldNotBeEmptyAndHaveProperNames{String, String}" classname="pl.devfoundry.testing.account.AddressTest" time="0.001"/>
  <testcase name="addressesFromFileShouldNotBeEmptyAndHaveProperNames{String, String}" classname="pl.devfoundry.testing.account.AddressTest" time="0.001"/>
  <testcase name="addressesFromFileShouldNotBeEmptyAndHaveProperNames{String, String}" classname="pl.devfoundry.testing.account.AddressTest" time="0"/>
  <testcase name="addressesFromFileShouldNotBeEmptyAndHaveProperNames{String, String}" classname="pl.devfoundry.testing.account.AddressTest" time="0"/>
  <testcase name="addressesFromFileShouldNotBeEmptyAndHaveProperNames{String, String}" classname="pl.devfoundry.testing.account.AddressTest" time="0"/>
  <testcase name="addressesFromFileShouldNotBeEmptyAndHaveProperNames{String, String}" classname="pl.devfoundry.testing.account.AddressTest" time="0.004"/>
  <testcase name="addressesFromFileShouldNotBeEmptyAndHaveProperNames{String, String}" classname="pl.devfoundry.testing.account.AddressTest" time="0"/>
  <testcase name="addressesFromFileShouldNotBeEmptyAndHaveProperNames{String, String}" classname="pl.devfoundry.testing.account.AddressTest" time="0.001"/>
  <testcase name="addressesFromFileShouldNotBeEmptyAndHaveProperNames{String, String}" classname="pl.devfoundry.testing.account.AddressTest" time="0"/>
  <testcase name="addressesFromFileShouldNotBeEmptyAndHaveProperNames{String, String}" classname="pl.devfoundry.testing.account.AddressTest" time="0"/>
  <testcase name="addressesFromFileShouldNotBeEmptyAndHaveProperNames{String, String}" classname="pl.devfoundry.testing.account.AddressTest" time="0.001"/>
  <testcase name="addressesFromFileShouldNotBeEmptyAndHaveProperNames{String, String}" classname="pl.devfoundry.testing.account.AddressTest" time="0.001"/>
  <testcase name="addressesFromFileShouldNotBeEmptyAndHaveProperNames{String, String}" classname="pl.devfoundry.testing.account.AddressTest" time="0"/>
  <testcase name="addressesFromFileShouldNotBeEmptyAndHaveProperNames{String, String}" classname="pl.devfoundry.testing.account.AddressTest" time="0"/>
  <testcase name="addressesFromFileShouldNotBeEmptyAndHaveProperNames{String, String}" classname="pl.devfoundry.testing.account.AddressTest" time="0"/>
  <testcase name="addressesFromFileShouldNotBeEmptyAndHaveProperNames{String, String}" classname="pl.devfoundry.testing.account.AddressTest" time="0"/>
  <testcase name="addressesFromFileShouldNotBeEmptyAndHaveProperNames{String, String}" classname="pl.devfoundry.testing.account.AddressTest" time="0.002"/>
  <testcase name="addressesFromFileShouldNotBeEmptyAndHaveProperNames{String, String}" classname="pl.devfoundry.testing.account.AddressTest" time="0"/>
  <testcase name="addressesFromFileShouldNotBeEmptyAndHaveProperNames{String, String}" classname="pl.devfoundry.testing.account.AddressTest" time="0"/>
  <testcase name="addressesFromFileShouldNotBeEmptyAndHaveProperNames{String, String}" classname="pl.devfoundry.testing.account.AddressTest" time="0"/>
  <testcase name="addressesFromFileShouldNotBeEmptyAndHaveProperNames{String, String}" classname="pl.devfoundry.testing.account.AddressTest" time="0"/>
  <testcase name="addressesFromFileShouldNotBeEmptyAndHaveProperNames{String, String}" classname="pl.devfoundry.testing.account.AddressTest" time="0"/>
  <testcase name="addressesFromFileShouldNotBeEmptyAndHaveProperNames{String, String}" classname="pl.devfoundry.testing.account.AddressTest" time="0"/>
  <testcase name="addressesFromFileShouldNotBeEmptyAndHaveProperNames{String, String}" classname="pl.devfoundry.testing.account.AddressTest" time="0"/>
  <testcase name="addressesFromFileShouldNotBeEmptyAndHaveProperNames{String, String}" classname="pl.devfoundry.testing.account.AddressTest" time="0.001"/>
  <testcase name="addressesFromFileShouldNotBeEmptyAndHaveProperNames{String, String}" classname="pl.devfoundry.testing.account.AddressTest" time="0.001"/>
  <testcase name="addressesFromFileShouldNotBeEmptyAndHaveProperNames{String, String}" classname="pl.devfoundry.testing.account.AddressTest" time="0"/>
  <testcase name="addressesFromFileShouldNotBeEmptyAndHaveProperNames{String, String}" classname="pl.devfoundry.testing.account.AddressTest" time="0"/>
  <testcase name="addressesFromFileShouldNotBeEmptyAndHaveProperNames{String, String}" classname="pl.devfoundry.testing.account.AddressTest" time="0"/>
  <testcase name="addressesFromFileShouldNotBeEmptyAndHaveProperNames{String, String}" classname="pl.devfoundry.testing.account.AddressTest" time="0"/>
  <testcase name="addressesFromFileShouldNotBeEmptyAndHaveProperNames{String, String}" classname="pl.devfoundry.testing.account.AddressTest" time="0"/>
  <testcase name="addressesFromFileShouldNotBeEmptyAndHaveProperNames{String, String}" classname="pl.devfoundry.testing.account.AddressTest" time="0"/>
  <testcase name="addressesFromFileShouldNotBeEmptyAndHaveProperNames{String, String}" classname="pl.devfoundry.testing.account.AddressTest" time="0"/>
  <testcase name="addressesFromFileShouldNotBeEmptyAndHaveProperNames{String, String}" classname="pl.devfoundry.testing.account.AddressTest" time="0.001"/>
  <testcase name="addressesFromFileShouldNotBeEmptyAndHaveProperNames{String, String}" classname="pl.devfoundry.testing.account.AddressTest" time="0"/>
  <testcase name="addressesFromFileShouldNotBeEmptyAndHaveProperNames{String, String}" classname="pl.devfoundry.testing.account.AddressTest" time="0"/>
  <testcase name="addressesFromFileShouldNotBeEmptyAndHaveProperNames{String, String}" classname="pl.devfoundry.testing.account.AddressTest" time="0"/>
  <testcase name="addressesFromFileShouldNotBeEmptyAndHaveProperNames{String, String}" classname="pl.devfoundry.testing.account.AddressTest" time="0.001"/>
  <testcase name="addressesFromFileShouldNotBeEmptyAndHaveProperNames{String, String}" classname="pl.devfoundry.testing.account.AddressTest" time="0"/>
  <testcase name="addressesFromFileShouldNotBeEmptyAndHaveProperNames{String, String}" classname="pl.devfoundry.testing.account.AddressTest" time="0"/>
  <testcase name="addressesFromFileShouldNotBeEmptyAndHaveProperNames{String, String}" classname="pl.devfoundry.testing.account.AddressTest" time="0.001"/>
  <testcase name="addressesFromFileShouldNotBeEmptyAndHaveProperNames{String, String}" classname="pl.devfoundry.testing.account.AddressTest" time="0.001"/>
  <testcase name="addressesFromFileShouldNotBeEmptyAndHaveProperNames{String, String}" classname="pl.devfoundry.testing.account.AddressTest" time="0"/>
  <testcase name="addressesFromFileShouldNotBeEmptyAndHaveProperNames{String, String}" classname="pl.devfoundry.testing.account.AddressTest" time="0"/>
  <testcase name="addressesFromFileShouldNotBeEmptyAndHaveProperNames{String, String}" classname="pl.devfoundry.testing.account.AddressTest" time="0.001"/>
  <testcase name="addressesFromFileShouldNotBeEmptyAndHaveProperNames{String, String}" classname="pl.devfoundry.testing.account.AddressTest" time="0"/>
  <testcase name="addressesFromFileShouldNotBeEmptyAndHaveProperNames{String, String}" classname="pl.devfoundry.testing.account.AddressTest" time="0"/>
  <testcase name="addressesFromFileShouldNotBeEmptyAndHaveProperNames{String, String}" classname="pl.devfoundry.testing.account.AddressTest" time="0"/>
  <testcase name="addressesFromFileShouldNotBeEmptyAndHaveProperNames{String, String}" classname="pl.devfoundry.testing.account.AddressTest" time="0"/>
  <testcase name="addressesFromFileShouldNotBeEmptyAndHaveProperNames{String, String}" classname="pl.devfoundry.testing.account.AddressTest" time="0.004"/>
  <testcase name="addressesFromFileShouldNotBeEmptyAndHaveProperNames{String, String}" classname="pl.devfoundry.testing.account.AddressTest" time="0"/>
  <testcase name="addressesFromFileShouldNotBeEmptyAndHaveProperNames{String, String}" classname="pl.devfoundry.testing.account.AddressTest" time="0"/>
  <testcase name="addressesFromFileShouldNotBeEmptyAndHaveProperNames{String, String}" classname="pl.devfoundry.testing.account.AddressTest" time="0.001"/>
  <testcase name="addressesFromFileShouldNotBeEmptyAndHaveProperNames{String, String}" classname="pl.devfoundry.testing.account.AddressTest" time="0"/>
  <testcase name="addressesFromFileShouldNotBeEmptyAndHaveProperNames{String, String}" classname="pl.devfoundry.testing.account.AddressTest" time="0"/>
  <testcase name="addressesFromFileShouldNotBeEmptyAndHaveProperNames{String, String}" classname="pl.devfoundry.testing.account.AddressTest" time="0"/>
  <testcase name="addressesFromFileShouldNotBeEmptyAndHaveProperNames{String, String}" classname="pl.devfoundry.testing.account.AddressTest" time="0.001"/>
  <testcase name="addressesFromFileShouldNotBeEmptyAndHaveProperNames{String, String}" classname="pl.devfoundry.testing.account.AddressTest" time="0"/>
  <testcase name="addressesFromFileShouldNotBeEmptyAndHaveProperNames{String, String}" classname="pl.devfoundry.testing.account.AddressTest" time="0"/>
  <testcase name="addressesFromFileShouldNotBeEmptyAndHaveProperNames{String, String}" classname="pl.devfoundry.testing.account.AddressTest" time="0"/>
  <testcase name="addressesFromFileShouldNotBeEmptyAndHaveProperNames{String, String}" classname="pl.devfoundry.testing.account.AddressTest" time="0.001"/>
  <testcase name="addressesFromFileShouldNotBeEmptyAndHaveProperNames{String, String}" classname="pl.devfoundry.testing.account.AddressTest" time="0.001"/>
  <testcase name="addressesFromFileShouldNotBeEmptyAndHaveProperNames{String, String}" classname="pl.devfoundry.testing.account.AddressTest" time="0"/>
  <testcase name="addressesFromFileShouldNotBeEmptyAndHaveProperNames{String, String}" classname="pl.devfoundry.testing.account.AddressTest" time="0"/>
  <testcase name="addressesFromFileShouldNotBeEmptyAndHaveProperNames{String, String}" classname="pl.devfoundry.testing.account.AddressTest" time="0"/>
  <testcase name="addressesFromFileShouldNotBeEmptyAndHaveProperNames{String, String}" classname="pl.devfoundry.testing.account.AddressTest" time="0.001"/>
  <testcase name="addressesFromFileShouldNotBeEmptyAndHaveProperNames{String, String}" classname="pl.devfoundry.testing.account.AddressTest" time="0"/>
  <testcase name="addressesFromFileShouldNotBeEmptyAndHaveProperNames{String, String}" classname="pl.devfoundry.testing.account.AddressTest" time="0"/>
  <testcase name="addressesFromFileShouldNotBeEmptyAndHaveProperNames{String, String}" classname="pl.devfoundry.testing.account.AddressTest" time="0"/>
  <testcase name="addressesFromFileShouldNotBeEmptyAndHaveProperNames{String, String}" classname="pl.devfoundry.testing.account.AddressTest" time="0.001"/>
  <testcase name="addressesFromFileShouldNotBeEmptyAndHaveProperNames{String, String}" classname="pl.devfoundry.testing.account.AddressTest" time="0.005"/>
  <testcase name="addressesFromFileShouldNotBeEmptyAndHaveProperNames{String, String}" classname="pl.devfoundry.testing.account.AddressTest" time="0"/>
  <testcase name="addressesFromFileShouldNotBeEmptyAndHaveProperNames{String, String}" classname="pl.devfoundry.testing.account.AddressTest" time="0"/>
  <testcase name="addressesFromFileShouldNotBeEmptyAndHaveProperNames{String, String}" classname="pl.devfoundry.testing.account.AddressTest" time="0"/>
  <testcase name="addressesFromFileShouldNotBeEmptyAndHaveProperNames{String, String}" classname="pl.devfoundry.testing.account.AddressTest" time="0"/>
  <testcase name="addressesFromFileShouldNotBeEmptyAndHaveProperNames{String, String}" classname="pl.devfoundry.testing.account.AddressTest" time="0.001"/>
  <testcase name="addressesFromFileShouldNotBeEmptyAndHaveProperNames{String, String}" classname="pl.devfoundry.testing.account.AddressTest" time="0"/>
  <testcase name="addressesFromFileShouldNotBeEmptyAndHaveProperNames{String, String}" classname="pl.devfoundry.testing.account.AddressTest" time="0"/>
  <testcase name="addressesFromFileShouldNotBeEmptyAndHaveProperNames{String, String}" classname="pl.devfoundry.testing.account.AddressTest" time="0"/>
  <testcase name="addressesFromFileShouldNotBeEmptyAndHaveProperNames{String, String}" classname="pl.devfoundry.testing.account.AddressTest" time="0.003"/>
  <testcase name="addressesFromFileShouldNotBeEmptyAndHaveProperNames{String, String}" classname="pl.devfoundry.testing.account.AddressTest" time="0"/>
  <testcase name="addressesFromFileShouldNotBeEmptyAndHaveProperNames{String, String}" classname="pl.devfoundry.testing.account.AddressTest" time="0"/>
  <testcase name="addressesFromFileShouldNotBeEmptyAndHaveProperNames{String, String}" classname="pl.devfoundry.testing.account.AddressTest" time="0"/>
  <testcase name="addressesFromFileShouldNotBeEmptyAndHaveProperNames{String, String}" classname="pl.devfoundry.testing.account.AddressTest" time="0.001"/>
  <testcase name="addressesFromFileShouldNotBeEmptyAndHaveProperNames{String, String}" classname="pl.devfoundry.testing.account.AddressTest" time="0"/>
  <testcase name="addressesFromFileShouldNotBeEmptyAndHaveProperNames{String, String}" classname="pl.devfoundry.testing.account.AddressTest" time="0"/>
  <testcase name="addressesFromFileShouldNotBeEmptyAndHaveProperNames{String, String}" classname="pl.devfoundry.testing.account.AddressTest" time="0"/>
  <testcase name="addressesFromFileShouldNotBeEmptyAndHaveProperNames{String, String}" classname="pl.devfoundry.testing.account.AddressTest" time="0"/>
  <testcase name="addressesFromFileShouldNotBeEmptyAndHaveProperNames{String, String}" classname="pl.devfoundry.testing.account.AddressTest" time="0"/>
  <testcase name="addressesFromFileShouldNotBeEmptyAndHaveProperNames{String, String}" classname="pl.devfoundry.testing.account.AddressTest" time="0"/>
  <testcase name="addressesFromFileShouldNotBeEmptyAndHaveProperNames{String, String}" classname="pl.devfoundry.testing.account.AddressTest" time="0"/>
  <testcase name="addressesFromFileShouldNotBeEmptyAndHaveProperNames{String, String}" classname="pl.devfoundry.testing.account.AddressTest" time="0"/>
  <testcase name="addressesFromFileShouldNotBeEmptyAndHaveProperNames{String, String}" classname="pl.devfoundry.testing.account.AddressTest" time="0"/>
  <testcase name="addressesFromFileShouldNotBeEmptyAndHaveProperNames{String, String}" classname="pl.devfoundry.testing.account.AddressTest" time="0"/>
  <testcase name="addressesFromFileShouldNotBeEmptyAndHaveProperNames{String, String}" classname="pl.devfoundry.testing.account.AddressTest" time="0"/>
  <testcase name="addressesFromFileShouldNotBeEmptyAndHaveProperNames{String, String}" classname="pl.devfoundry.testing.account.AddressTest" time="0"/>
  <testcase name="addressesFromFileShouldNotBeEmptyAndHaveProperNames{String, String}" classname="pl.devfoundry.testing.account.AddressTest" time="0.001"/>
  <testcase name="addressesFromFileShouldNotBeEmptyAndHaveProperNames{String, String}" classname="pl.devfoundry.testing.account.AddressTest" time="0"/>
  <testcase name="addressesFromFileShouldNotBeEmptyAndHaveProperNames{String, String}" classname="pl.devfoundry.testing.account.AddressTest" time="0"/>
  <testcase name="addressesFromFileShouldNotBeEmptyAndHaveProperNames{String, String}" classname="pl.devfoundry.testing.account.AddressTest" time="0.001"/>
  <testcase name="addressesFromFileShouldNotBeEmptyAndHaveProperNames{String, String}" classname="pl.devfoundry.testing.account.AddressTest" time="0.001"/>
  <testcase name="addressesFromFileShouldNotBeEmptyAndHaveProperNames{String, String}" classname="pl.devfoundry.testing.account.AddressTest" time="0"/>
  <testcase name="addressesFromFileShouldNotBeEmptyAndHaveProperNames{String, String}" classname="pl.devfoundry.testing.account.AddressTest" time="0"/>
  <testcase name="addressesFromFileShouldNotBeEmptyAndHaveProperNames{String, String}" classname="pl.devfoundry.testing.account.AddressTest" time="0"/>
  <testcase name="addressesFromFileShouldNotBeEmptyAndHaveProperNames{String, String}" classname="pl.devfoundry.testing.account.AddressTest" time="0"/>
  <testcase name="addressesFromFileShouldNotBeEmptyAndHaveProperNames{String, String}" classname="pl.devfoundry.testing.account.AddressTest" time="0.001"/>
  <testcase name="addressesFromFileShouldNotBeEmptyAndHaveProperNames{String, String}" classname="pl.devfoundry.testing.account.AddressTest" time="0"/>
  <testcase name="addressesFromFileShouldNotBeEmptyAndHaveProperNames{String, String}" classname="pl.devfoundry.testing.account.AddressTest" time="0"/>
  <testcase name="addressesFromFileShouldNotBeEmptyAndHaveProperNames{String, String}" classname="pl.devfoundry.testing.account.AddressTest" time="0"/>
  <testcase name="addressesFromFileShouldNotBeEmptyAndHaveProperNames{String, String}" classname="pl.devfoundry.testing.account.AddressTest" time="0"/>
  <testcase name="addressesFromFileShouldNotBeEmptyAndHaveProperNames{String, String}" classname="pl.devfoundry.testing.account.AddressTest" time="0.001"/>
  <testcase name="addressesFromFileShouldNotBeEmptyAndHaveProperNames{String, String}" classname="pl.devfoundry.testing.account.AddressTest" time="0"/>
  <testcase name="addressesFromFileShouldNotBeEmptyAndHaveProperNames{String, String}" classname="pl.devfoundry.testing.account.AddressTest" time="0"/>
  <testcase name="addressesFromFileShouldNotBeEmptyAndHaveProperNames{String, String}" classname="pl.devfoundry.testing.account.AddressTest" time="0"/>
  <testcase name="addressesFromFileShouldNotBeEmptyAndHaveProperNames{String, String}" classname="pl.devfoundry.testing.account.AddressTest" time="0.001"/>
  <testcase name="addressesFromFileShouldNotBeEmptyAndHaveProperNames{String, String}" classname="pl.devfoundry.testing.account.AddressTest" time="0"/>
  <testcase name="addressesFromFileShouldNotBeEmptyAndHaveProperNames{String, String}" classname="pl.devfoundry.testing.account.AddressTest" time="0"/>
  <testcase name="addressesFromFileShouldNotBeEmptyAndHaveProperNames{String, String}" classname="pl.devfoundry.testing.account.AddressTest" time="0"/>
  <testcase name="addressesFromFileShouldNotBeEmptyAndHaveProperNames{String, String}" classname="pl.devfoundry.testing.account.AddressTest" time="0"/>
  <testcase name="addressesFromFileShouldNotBeEmptyAndHaveProperNames{String, String}" classname="pl.devfoundry.testing.account.AddressTest" time="0.001"/>
  <testcase name="addressesFromFileShouldNotBeEmptyAndHaveProperNames{String, String}" classname="pl.devfoundry.testing.account.AddressTest" time="0"/>
  <testcase name="addressesFromFileShouldNotBeEmptyAndHaveProperNames{String, String}" classname="pl.devfoundry.testing.account.AddressTest" time="0"/>
  <testcase name="addressesFromFileShouldNotBeEmptyAndHaveProperNames{String, String}" classname="pl.devfoundry.testing.account.AddressTest" time="0"/>
  <testcase name="addressesFromFileShouldNotBeEmptyAndHaveProperNames{String, String}" classname="pl.devfoundry.testing.account.AddressTest" time="0.001"/>
  <testcase name="addressesFromFileShouldNotBeEmptyAndHaveProperNames{String, String}" classname="pl.devfoundry.testing.account.AddressTest" time="0"/>
  <testcase name="addressesFromFileShouldNotBeEmptyAndHaveProperNames{String, String}" classname="pl.devfoundry.testing.account.AddressTest" time="0"/>
  <testcase name="addressesFromFileShouldNotBeEmptyAndHaveProperNames{String, String}" classname="pl.devfoundry.testing.account.AddressTest" time="0.001"/>
  <testcase name="addressesFromFileShouldNotBeEmptyAndHaveProperNames{String, String}" classname="pl.devfoundry.testing.account.AddressTest" time="0"/>
  <testcase name="addressesFromFileShouldNotBeEmptyAndHaveProperNames{String, String}" classname="pl.devfoundry.testing.account.AddressTest" time="0"/>
  <testcase name="addressesFromFileShouldNotBeEmptyAndHaveProperNames{String, String}" classname="pl.devfoundry.testing.account.AddressTest" time="0"/>
  <testcase name="addressesFromFileShouldNotBeEmptyAndHaveProperNames{String, String}" classname="pl.devfoundry.testing.account.AddressTest" time="0.001"/>
  <testcase name="addressesFromFileShouldNotBeEmptyAndHaveProperNames{String, String}" classname="pl.devfoundry.testing.account.AddressTest" time="0"/>
  <testcase name="addressesFromFileShouldNotBeEmptyAndHaveProperNames{String, String}" classname="pl.devfoundry.testing.account.AddressTest" time="0"/>
  <testcase name="addressesFromFileShouldNotBeEmptyAndHaveProperNames{String, String}" classname="pl.devfoundry.testing.account.AddressTest" time="0.001"/>
  <testcase name="addressesFromFileShouldNotBeEmptyAndHaveProperNames{String, String}" classname="pl.devfoundry.testing.account.AddressTest" time="0"/>
  <testcase name="addressesFromFileShouldNotBeEmptyAndHaveProperNames{String, String}" classname="pl.devfoundry.testing.account.AddressTest" time="0"/>
  <testcase name="addressesFromFileShouldNotBeEmptyAndHaveProperNames{String, String}" classname="pl.devfoundry.testing.account.AddressTest" time="0"/>
  <testcase name="addressesFromFileShouldNotBeEmptyAndHaveProperNames{String, String}" classname="pl.devfoundry.testing.account.AddressTest" time="0.001"/>
  <testcase name="addressesFromFileShouldNotBeEmptyAndHaveProperNames{String, String}" classname="pl.devfoundry.testing.account.AddressTest" time="0.001"/>
  <testcase name="addressesFromFileShouldNotBeEmptyAndHaveProperNames{String, String}" classname="pl.devfoundry.testing.account.AddressTest" time="0"/>
  <testcase name="addressesFromFileShouldNotBeEmptyAndHaveProperNames{String, String}" classname="pl.devfoundry.testing.account.AddressTest" time="0"/>
  <testcase name="addressesFromFileShouldNotBeEmptyAndHaveProperNames{String, String}" classname="pl.devfoundry.testing.account.AddressTest" time="0.001"/>
  <testcase name="addressesFromFileShouldNotBeEmptyAndHaveProperNames{String, String}" classname="pl.devfoundry.testing.account.AddressTest" time="0"/>
  <testcase name="addressesFromFileShouldNotBeEmptyAndHaveProperNames{String, String}" classname="pl.devfoundry.testing.account.AddressTest" time="0"/>
  <testcase name="addressesFromFileShouldNotBeEmptyAndHaveProperNames{String, String}" classname="pl.devfoundry.testing.account.AddressTest" time="0.005"/>
  <testcase name="addressesFromFileShouldNotBeEmptyAndHaveProperNames{String, String}" classname="pl.devfoundry.testing.account.AddressTest" time="0"/>
  <testcase name="addressesFromFileShouldNotBeEmptyAndHaveProperNames{String, String}" classname="pl.devfoundry.testing.account.AddressTest" time="0"/>
  <testcase name="addressesFromFileShouldNotBeEmptyAndHaveProperNames{String, String}" classname="pl.devfoundry.testing.account.AddressTest" time="0"/>
  <testcase name="addressesFromFileShouldNotBeEmptyAndHaveProperNames{String, String}" classname="pl.devfoundry.testing.account.AddressTest" time="0.001"/>
  <testcase name="addressesFromFileShouldNotBeEmptyAndHaveProperNames{String, String}" classname="pl.devfoundry.testing.account.AddressTest" time="0.001"/>
  <testcase name="addressesFromFileShouldNotBeEmptyAndHaveProperNames{String, String}" classname="pl.devfoundry.testing.account.AddressTest" time="0"/>
  <testcase name="addressesFromFileShouldNotBeEmptyAndHaveProperNames{String, String}" classname="pl.devfoundry.testing.account.AddressTest" time="0"/>
  <testcase name="addressesFromFileShouldNotBeEmptyAndHaveProperNames{String, String}" classname="pl.devfoundry.testing.account.AddressTest" time="0"/>
  <testcase name="addressesFromFileShouldNotBeEmptyAndHaveProperNames{String, String}" classname="pl.devfoundry.testing.account.AddressTest" time="0"/>
  <testcase name="addressesFromFileShouldNotBeEmptyAndHaveProperNames{String, String}" classname="pl.devfoundry.testing.account.AddressTest" time="0.001"/>
  <testcase name="addressesFromFileShouldNotBeEmptyAndHaveProperNames{String, String}" classname="pl.devfoundry.testing.account.AddressTest" time="0"/>
  <testcase name="addressesFromFileShouldNotBeEmptyAndHaveProperNames{String, String}" classname="pl.devfoundry.testing.account.AddressTest" time="0"/>
  <testcase name="addressesFromFileShouldNotBeEmptyAndHaveProperNames{String, String}" classname="pl.devfoundry.testing.account.AddressTest" time="0.001"/>
  <testcase name="addressesFromFileShouldNotBeEmptyAndHaveProperNames{String, String}" classname="pl.devfoundry.testing.account.AddressTest" time="0.001"/>
  <testcase name="addressesFromFileShouldNotBeEmptyAndHaveProperNames{String, String}" classname="pl.devfoundry.testing.account.AddressTest" time="0"/>
  <testcase name="addressesFromFileShouldNotBeEmptyAndHaveProperNames{String, String}" classname="pl.devfoundry.testing.account.AddressTest" time="0"/>
  <testcase name="addressesFromFileShouldNotBeEmptyAndHaveProperNames{String, String}" classname="pl.devfoundry.testing.account.AddressTest" time="0"/>
  <testcase name="addressesFromFileShouldNotBeEmptyAndHaveProperNames{String, String}" classname="pl.devfoundry.testing.account.AddressTest" time="0"/>
  <testcase name="addressesFromFileShouldNotBeEmptyAndHaveProperNames{String, String}" classname="pl.devfoundry.testing.account.AddressTest" time="0"/>
  <testcase name="addressesFromFileShouldNotBeEmptyAndHaveProperNames{String, String}" classname="pl.devfoundry.testing.account.AddressTest" time="0"/>
  <testcase name="addressesFromFileShouldNotBeEmptyAndHaveProperNames{String, String}" classname="pl.devfoundry.testing.account.AddressTest" time="0"/>
  <testcase name="addressesFromFileShouldNotBeEmptyAndHaveProperNames{String, String}" classname="pl.devfoundry.testing.account.AddressTest" time="0"/>
  <testcase name="addressesFromFileShouldNotBeEmptyAndHaveProperNames{String, String}" classname="pl.devfoundry.testing.account.AddressTest" time="0.001"/>
  <testcase name="addressesFromFileShouldNotBeEmptyAndHaveProperNames{String, String}" classname="pl.devfoundry.testing.account.AddressTest" time="0"/>
  <testcase name="addressesFromFileShouldNotBeEmptyAndHaveProperNames{String, String}" classname="pl.devfoundry.testing.account.AddressTest" time="0"/>
  <testcase name="addressesFromFileShouldNotBeEmptyAndHaveProperNames{String, String}" classname="pl.devfoundry.testing.account.AddressTest" time="0"/>
  <testcase name="addressesFromFileShouldNotBeEmptyAndHaveProperNames{String, String}" classname="pl.devfoundry.testing.account.AddressTest" time="0"/>
  <testcase name="addressesFromFileShouldNotBeEmptyAndHaveProperNames{String, String}" classname="pl.devfoundry.testing.account.AddressTest" time="0"/>
  <testcase name="addressesFromFileShouldNotBeEmptyAndHaveProperNames{String, String}" classname="pl.devfoundry.testing.account.AddressTest" time="0"/>
  <testcase name="addressesFromFileShouldNotBeEmptyAndHaveProperNames{String, String}" classname="pl.devfoundry.testing.account.AddressTest" time="0.001"/>
  <testcase name="addressesFromFileShouldNotBeEmptyAndHaveProperNames{String, String}" classname="pl.devfoundry.testing.account.AddressTest" time="0"/>
  <testcase name="addressesFromFileShouldNotBeEmptyAndHaveProperNames{String, String}" classname="pl.devfoundry.testing.account.AddressTest" time="0"/>
  <testcase name="addressesFromFileShouldNotBeEmptyAndHaveProperNames{String, String}" classname="pl.devfoundry.testing.account.AddressTest" time="0"/>
  <testcase name="addressesFromFileShouldNotBeEmptyAndHaveProperNames{String, String}" classname="pl.devfoundry.testing.account.AddressTest" time="0"/>
  <testcase name="addressesFromFileShouldNotBeEmptyAndHaveProperNames{String, String}" classname="pl.devfoundry.testing.account.AddressTest" time="0"/>
  <testcase name="addressesFromFileShouldNotBeEmptyAndHaveProperNames{String, String}" classname="pl.devfoundry.testing.account.AddressTest" time="0"/>
  <testcase name="addressesFromFileShouldNotBeEmptyAndHaveProperNames{String, String}" classname="pl.devfoundry.testing.account.AddressTest" time="0.001"/>
  <testcase name="addressesFromFileShouldNotBeEmptyAndHaveProperNames{String, String}" classname="pl.devfoundry.testing.account.AddressTest" time="0.001"/>
  <testcase name="addressesFromFileShouldNotBeEmptyAndHaveProperNames{String, String}" classname="pl.devfoundry.testing.account.AddressTest" time="0"/>
  <testcase name="addressesFromFileShouldNotBeEmptyAndHaveProperNames{String, String}" classname="pl.devfoundry.testing.account.AddressTest" time="0"/>
  <testcase name="addressesFromFileShouldNotBeEmptyAndHaveProperNames{String, String}" classname="pl.devfoundry.testing.account.AddressTest" time="0"/>
  <testcase name="addressesFromFileShouldNotBeEmptyAndHaveProperNames{String, String}" classname="pl.devfoundry.testing.account.AddressTest" time="0.002"/>
  <testcase name="addressesFromFileShouldNotBeEmptyAndHaveProperNames{String, String}" classname="pl.devfoundry.testing.account.AddressTest" time="0"/>
  <testcase name="addressesFromFileShouldNotBeEmptyAndHaveProperNames{String, String}" classname="pl.devfoundry.testing.account.AddressTest" time="0"/>
  <testcase name="addressesFromFileShouldNotBeEmptyAndHaveProperNames{String, String}" classname="pl.devfoundry.testing.account.AddressTest" time="0.001"/>
  <testcase name="addressesFromFileShouldNotBeEmptyAndHaveProperNames{String, String}" classname="pl.devfoundry.testing.account.AddressTest" time="0"/>
  <testcase name="addressesFromFileShouldNotBeEmptyAndHaveProperNames{String, String}" classname="pl.devfoundry.testing.account.AddressTest" time="0"/>
  <testcase name="addressesFromFileShouldNotBeEmptyAndHaveProperNames{String, String}" classname="pl.devfoundry.testing.account.AddressTest" time="0"/>
  <testcase name="addressesFromFileShouldNotBeEmptyAndHaveProperNames{String, String}" classname="pl.devfoundry.testing.account.AddressTest" time="0"/>
  <testcase name="addressesFromFileShouldNotBeEmptyAndHaveProperNames{String, String}" classname="pl.devfoundry.testing.account.AddressTest" time="0"/>
  <testcase name="addressesFromFileShouldNotBeEmptyAndHaveProperNames{String, String}" classname="pl.devfoundry.testing.account.AddressTest" time="0"/>
  <testcase name="addressesFromFileShouldNotBeEmptyAndHaveProperNames{String, String}" classname="pl.devfoundry.testing.account.AddressTest" time="0"/>
  <testcase name="addressesFromFileShouldNotBeEmptyAndHaveProperNames{String, String}" classname="pl.devfoundry.testing.account.AddressTest" time="0"/>
  <testcase name="addressesFromFileShouldNotBeEmptyAndHaveProperNames{String, String}" classname="pl.devfoundry.testing.account.AddressTest" time="0"/>
  <testcase name="addressesFromFileShouldNotBeEmptyAndHaveProperNames{String, String}" classname="pl.devfoundry.testing.account.AddressTest" time="0"/>
  <testcase name="addressesFromFileShouldNotBeEmptyAndHaveProperNames{String, String}" classname="pl.devfoundry.testing.account.AddressTest" time="0"/>
  <testcase name="addressesFromFileShouldNotBeEmptyAndHaveProperNames{String, String}" classname="pl.devfoundry.testing.account.AddressTest" time="0"/>
  <testcase name="addressesFromFileShouldNotBeEmptyAndHaveProperNames{String, String}" classname="pl.devfoundry.testing.account.AddressTest" time="0"/>
  <testcase name="addressesFromFileShouldNotBeEmptyAndHaveProperNames{String, String}" classname="pl.devfoundry.testing.account.AddressTest" time="0"/>
  <testcase name="addressesFromFileShouldNotBeEmptyAndHaveProperNames{String, String}" classname="pl.devfoundry.testing.account.AddressTest" time="0"/>
  <testcase name="addressesFromFileShouldNotBeEmptyAndHaveProperNames{String, String}" classname="pl.devfoundry.testing.account.AddressTest" time="0"/>
  <testcase name="addressesFromFileShouldNotBeEmptyAndHaveProperNames{String, String}" classname="pl.devfoundry.testing.account.AddressTest" time="0"/>
  <testcase name="addressesFromFileShouldNotBeEmptyAndHaveProperNames{String, String}" classname="pl.devfoundry.testing.account.AddressTest" time="0"/>
  <testcase name="addressesFromFileShouldNotBeEmptyAndHaveProperNames{String, String}" classname="pl.devfoundry.testing.account.AddressTest" time="0"/>
  <testcase name="addressesFromFileShouldNotBeEmptyAndHaveProperNames{String, String}" classname="pl.devfoundry.testing.account.AddressTest" time="0"/>
  <testcase name="addressesFromFileShouldNotBeEmptyAndHaveProperNames{String, String}" classname="pl.devfoundry.testing.account.AddressTest" time="0"/>
  <testcase name="addressesFromFileShouldNotBeEmptyAndHaveProperNames{String, String}" classname="pl.devfoundry.testing.account.AddressTest" time="0"/>
  <testcase name="addressesFromFileShouldNotBeEmptyAndHaveProperNames{String, String}" classname="pl.devfoundry.testing.account.AddressTest" time="0"/>
  <testcase name="addressesFromFileShouldNotBeEmptyAndHaveProperNames{String, String}" classname="pl.devfoundry.testing.account.AddressTest" time="0"/>
  <testcase name="addressesFromFileShouldNotBeEmptyAndHaveProperNames{String, String}" classname="pl.devfoundry.testing.account.AddressTest" time="0"/>
  <testcase name="addressesFromFileShouldNotBeEmptyAndHaveProperNames{String, String}" classname="pl.devfoundry.testing.account.AddressTest" time="0"/>
  <testcase name="addressesFromFileShouldNotBeEmptyAndHaveProperNames{String, String}" classname="pl.devfoundry.testing.account.AddressTest" time="0"/>
  <testcase name="addressesFromFileShouldNotBeEmptyAndHaveProperNames{String, String}" classname="pl.devfoundry.testing.account.AddressTest" time="0.001"/>
  <testcase name="addressesFromFileShouldNotBeEmptyAndHaveProperNames{String, String}" classname="pl.devfoundry.testing.account.AddressTest" time="0"/>
  <testcase name="addressesFromFileShouldNotBeEmptyAndHaveProperNames{String, String}" classname="pl.devfoundry.testing.account.AddressTest" time="0.001"/>
  <testcase name="addressesFromFileShouldNotBeEmptyAndHaveProperNames{String, String}" classname="pl.devfoundry.testing.account.AddressTest" time="0"/>
  <testcase name="addressesFromFileShouldNotBeEmptyAndHaveProperNames{String, String}" classname="pl.devfoundry.testing.account.AddressTest" time="0"/>
  <testcase name="addressesFromFileShouldNotBeEmptyAndHaveProperNames{String, String}" classname="pl.devfoundry.testing.account.AddressTest" time="0"/>
  <testcase name="addressesFromFileShouldNotBeEmptyAndHaveProperNames{String, String}" classname="pl.devfoundry.testing.account.AddressTest" time="0"/>
  <testcase name="addressesFromFileShouldNotBeEmptyAndHaveProperNames{String, String}" classname="pl.devfoundry.testing.account.AddressTest" time="0.001"/>
  <testcase name="addressesFromFileShouldNotBeEmptyAndHaveProperNames{String, String}" classname="pl.devfoundry.testing.account.AddressTest" time="0"/>
  <testcase name="addressesFromFileShouldNotBeEmptyAndHaveProperNames{String, String}" classname="pl.devfoundry.testing.account.AddressTest" time="0"/>
  <testcase name="addressesFromFileShouldNotBeEmptyAndHaveProperNames{String, String}" classname="pl.devfoundry.testing.account.AddressTest" time="0"/>
  <testcase name="addressesFromFileShouldNotBeEmptyAndHaveProperNames{String, String}" classname="pl.devfoundry.testing.account.AddressTest" time="0"/>
  <testcase name="addressesFromFileShouldNotBeEmptyAndHaveProperNames{String, String}" classname="pl.devfoundry.testing.account.AddressTest" time="0"/>
  <testcase name="addressesFromFileShouldNotBeEmptyAndHaveProperNames{String, String}" classname="pl.devfoundry.testing.account.AddressTest" time="0"/>
  <testcase name="addressesFromFileShouldNotBeEmptyAndHaveProperNames{String, String}" classname="pl.devfoundry.testing.account.AddressTest" time="0"/>
  <testcase name="addressesFromFileShouldNotBeEmptyAndHaveProperNames{String, String}" classname="pl.devfoundry.testing.account.AddressTest" time="0.001"/>
  <testcase name="addressesFromFileShouldNotBeEmptyAndHaveProperNames{String, String}" classname="pl.devfoundry.testing.account.AddressTest" time="0"/>
  <testcase name="addressesFromFileShouldNotBeEmptyAndHaveProperNames{String, String}" classname="pl.devfoundry.testing.account.AddressTest" time="0"/>
  <testcase name="addressesFromFileShouldNotBeEmptyAndHaveProperNames{String, String}" classname="pl.devfoundry.testing.account.AddressTest" time="0.001"/>
  <testcase name="addressesFromFileShouldNotBeEmptyAndHaveProperNames{String, String}" classname="pl.devfoundry.testing.account.AddressTest" time="0"/>
  <testcase name="addressesFromFileShouldNotBeEmptyAndHaveProperNames{String, String}" classname="pl.devfoundry.testing.account.AddressTest" time="0"/>
  <testcase name="addressesFromFileShouldNotBeEmptyAndHaveProperNames{String, String}" classname="pl.devfoundry.testing.account.AddressTest" time="0"/>
  <testcase name="addressesFromFileShouldNotBeEmptyAndHaveProperNames{String, String}" classname="pl.devfoundry.testing.account.AddressTest" time="0"/>
  <testcase name="addressesFromFileShouldNotBeEmptyAndHaveProperNames{String, String}" classname="pl.devfoundry.testing.account.AddressTest" time="0"/>
  <testcase name="addressesFromFileShouldNotBeEmptyAndHaveProperNames{String, String}" classname="pl.devfoundry.testing.account.AddressTest" time="0"/>
  <testcase name="addressesFromFileShouldNotBeEmptyAndHaveProperNames{String, String}" classname="pl.devfoundry.testing.account.AddressTest" time="0"/>
  <testcase name="addressesFromFileShouldNotBeEmptyAndHaveProperNames{String, String}" classname="pl.devfoundry.testing.account.AddressTest" time="0"/>
  <testcase name="addressesFromFileShouldNotBeEmptyAndHaveProperNames{String, String}" classname="pl.devfoundry.testing.account.AddressTest" time="0"/>
  <testcase name="addressesFromFileShouldNotBeEmptyAndHaveProperNames{String, String}" classname="pl.devfoundry.testing.account.AddressTest" time="0.001"/>
  <testcase name="addressesFromFileShouldNotBeEmptyAndHaveProperNames{String, String}" classname="pl.devfoundry.testing.account.AddressTest" time="0"/>
  <testcase name="addressesFromFileShouldNotBeEmptyAndHaveProperNames{String, String}" classname="pl.devfoundry.testing.account.AddressTest" time="0"/>
  <testcase name="addressesFromFileShouldNotBeEmptyAndHaveProperNames{String, String}" classname="pl.devfoundry.testing.account.AddressTest" time="0"/>
  <testcase name="addressesFromFileShouldNotBeEmptyAndHaveProperNames{String, String}" classname="pl.devfoundry.testing.account.AddressTest" time="0"/>
  <testcase name="addressesFromFileShouldNotBeEmptyAndHaveProperNames{String, String}" classname="pl.devfoundry.testing.account.AddressTest" time="0"/>
  <testcase name="addressesFromFileShouldNotBeEmptyAndHaveProperNames{String, String}" classname="pl.devfoundry.testing.account.AddressTest" time="0"/>
  <testcase name="addressesFromFileShouldNotBeEmptyAndHaveProperNames{String, String}" classname="pl.devfoundry.testing.account.AddressTest" time="0.001"/>
  <testcase name="addressesFromFileShouldNotBeEmptyAndHaveProperNames{String, String}" classname="pl.devfoundry.testing.account.AddressTest" time="0"/>
  <testcase name="addressesFromFileShouldNotBeEmptyAndHaveProperNames{String, String}" classname="pl.devfoundry.testing.account.AddressTest" time="0"/>
  <testcase name="addressesFromFileShouldNotBeEmptyAndHaveProperNames{String, String}" classname="pl.devfoundry.testing.account.AddressTest" time="0"/>
  <testcase name="addressesFromFileShouldNotBeEmptyAndHaveProperNames{String, String}" classname="pl.devfoundry.testing.account.AddressTest" time="0"/>
  <testcase name="addressesFromFileShouldNotBeEmptyAndHaveProperNames{String, String}" classname="pl.devfoundry.testing.account.AddressTest" time="0"/>
  <testcase name="addressesFromFileShouldNotBeEmptyAndHaveProperNames{String, String}" classname="pl.devfoundry.testing.account.AddressTest" time="0.001"/>
  <testcase name="addressesFromFileShouldNotBeEmptyAndHaveProperNames{String, String}" classname="pl.devfoundry.testing.account.AddressTest" time="0.001"/>
  <testcase name="addressesFromFileShouldNotBeEmptyAndHaveProperNames{String, String}" classname="pl.devfoundry.testing.account.AddressTest" time="0"/>
  <testcase name="addressesFromFileShouldNotBeEmptyAndHaveProperNames{String, String}" classname="pl.devfoundry.testing.account.AddressTest" time="0"/>
  <testcase name="addressesFromFileShouldNotBeEmptyAndHaveProperNames{String, String}" classname="pl.devfoundry.testing.account.AddressTest" time="0"/>
  <testcase name="addressesFromFileShouldNotBeEmptyAndHaveProperNames{String, String}" classname="pl.devfoundry.testing.account.AddressTest" time="0.001"/>
  <testcase name="addressesFromFileShouldNotBeEmptyAndHaveProperNames{String, String}" classname="pl.devfoundry.testing.account.AddressTest" time="0"/>
  <testcase name="addressesFromFileShouldNotBeEmptyAndHaveProperNames{String, String}" classname="pl.devfoundry.testing.account.AddressTest" time="0"/>
  <testcase name="addressesFromFileShouldNotBeEmptyAndHaveProperNames{String, String}" classname="pl.devfoundry.testing.account.AddressTest" time="0"/>
  <testcase name="addressesFromFileShouldNotBeEmptyAndHaveProperNames{String, String}" classname="pl.devfoundry.testing.account.AddressTest" time="0.001"/>
  <testcase name="addressesFromFileShouldNotBeEmptyAndHaveProperNames{String, String}" classname="pl.devfoundry.testing.account.AddressTest" time="0"/>
  <testcase name="addressesFromFileShouldNotBeEmptyAndHaveProperNames{String, String}" classname="pl.devfoundry.testing.account.AddressTest" time="0"/>
  <testcase name="addressesFromFileShouldNotBeEmptyAndHaveProperNames{String, String}" classname="pl.devfoundry.testing.account.AddressTest" time="0"/>
  <testcase name="addressesFromFileShouldNotBeEmptyAndHaveProperNames{String, String}" classname="pl.devfoundry.testing.account.AddressTest" time="0"/>
  <testcase name="addressesFromFileShouldNotBeEmptyAndHaveProperNames{String, String}" classname="pl.devfoundry.testing.account.AddressTest" time="0"/>
  <testcase name="addressesFromFileShouldNotBeEmptyAndHaveProperNames{String, String}" classname="pl.devfoundry.testing.account.AddressTest" time="0"/>
  <testcase name="addressesFromFileShouldNotBeEmptyAndHaveProperNames{String, String}" classname="pl.devfoundry.testing.account.AddressTest" time="0"/>
  <testcase name="addressesFromFileShouldNotBeEmptyAndHaveProperNames{String, String}" classname="pl.devfoundry.testing.account.AddressTest" time="0"/>
  <testcase name="addressesFromFileShouldNotBeEmptyAndHaveProperNames{String, String}" classname="pl.devfoundry.testing.account.AddressTest" time="0"/>
  <testcase name="addressesFromFileShouldNotBeEmptyAndHaveProperNames{String, String}" classname="pl.devfoundry.testing.account.AddressTest" time="0"/>
  <testcase name="addressesFromFileShouldNotBeEmptyAndHaveProperNames{String, String}" classname="pl.devfoundry.testing.account.AddressTest" time="0"/>
  <testcase name="addressesFromFileShouldNotBeEmptyAndHaveProperNames{String, String}" classname="pl.devfoundry.testing.account.AddressTest" time="0"/>
  <testcase name="addressesFromFileShouldNotBeEmptyAndHaveProperNames{String, String}" classname="pl.devfoundry.testing.account.AddressTest" time="0"/>
  <testcase name="addressesFromFileShouldNotBeEmptyAndHaveProperNames{String, String}" classname="pl.devfoundry.testing.account.AddressTest" time="0.002"/>
  <testcase name="addressesFromFileShouldNotBeEmptyAndHaveProperNames{String, String}" classname="pl.devfoundry.testing.account.AddressTest" time="0.001"/>
  <testcase name="addressesFromFileShouldNotBeEmptyAndHaveProperNames{String, String}" classname="pl.devfoundry.testing.account.AddressTest" time="0"/>
  <testcase name="addressesFromFileShouldNotBeEmptyAndHaveProperNames{String, String}" classname="pl.devfoundry.testing.account.AddressTest" time="0"/>
  <testcase name="addressesFromFileShouldNotBeEmptyAndHaveProperNames{String, String}" classname="pl.devfoundry.testing.account.AddressTest" time="0"/>
  <testcase name="addressesFromFileShouldNotBeEmptyAndHaveProperNames{String, String}" classname="pl.devfoundry.testing.account.AddressTest" time="0.003"/>
  <testcase name="addressesFromFileShouldNotBeEmptyAndHaveProperNames{String, String}" classname="pl.devfoundry.testing.account.AddressTest" time="0.001"/>
  <testcase name="addressesFromFileShouldNotBeEmptyAndHaveProperNames{String, String}" classname="pl.devfoundry.testing.account.AddressTest" time="0"/>
  <testcase name="addressesFromFileShouldNotBeEmptyAndHaveProperNames{String, String}" classname="pl.devfoundry.testing.account.AddressTest" time="0"/>
  <testcase name="addressesFromFileShouldNotBeEmptyAndHaveProperNames{String, String}" classname="pl.devfoundry.testing.account.AddressTest" time="0.045"/>
  <testcase name="addressesFromFileShouldNotBeEmptyAndHaveProperNames{String, String}" classname="pl.devfoundry.testing.account.AddressTest" time="0"/>
  <testcase name="addressesFromFileShouldNotBeEmptyAndHaveProperNames{String, String}" classname="pl.devfoundry.testing.account.AddressTest" time="0.001"/>
  <testcase name="addressesFromFileShouldNotBeEmptyAndHaveProperNames{String, String}" classname="pl.devfoundry.testing.account.AddressTest" time="0"/>
  <testcase name="addressesFromFileShouldNotBeEmptyAndHaveProperNames{String, String}" classname="pl.devfoundry.testing.account.AddressTest" time="0.001"/>
  <testcase name="addressesFromFileShouldNotBeEmptyAndHaveProperNames{String, String}" classname="pl.devfoundry.testing.account.AddressTest" time="0"/>
  <testcase name="addressesFromFileShouldNotBeEmptyAndHaveProperNames{String, String}" classname="pl.devfoundry.testing.account.AddressTest" time="0"/>
  <testcase name="addressesFromFileShouldNotBeEmptyAndHaveProperNames{String, String}" classname="pl.devfoundry.testing.account.AddressTest" time="0.001"/>
  <testcase name="addressesFromFileShouldNotBeEmptyAndHaveProperNames{String, String}" classname="pl.devfoundry.testing.account.AddressTest" time="0"/>
  <testcase name="addressesFromFileShouldNotBeEmptyAndHaveProperNames{String, String}" classname="pl.devfoundry.testing.account.AddressTest" time="0"/>
  <testcase name="addressesFromFileShouldNotBeEmptyAndHaveProperNames{String, String}" classname="pl.devfoundry.testing.account.AddressTest" time="0"/>
  <testcase name="addressesFromFileShouldNotBeEmptyAndHaveProperNames{String, String}" classname="pl.devfoundry.testing.account.AddressTest" time="0"/>
  <testcase name="addressesFromFileShouldNotBeEmptyAndHaveProperNames{String, String}" classname="pl.devfoundry.testing.account.AddressTest" time="0"/>
  <testcase name="addressesFromFileShouldNotBeEmptyAndHaveProperNames{String, String}" classname="pl.devfoundry.testing.account.AddressTest" time="0.001"/>
  <testcase name="addressesFromFileShouldNotBeEmptyAndHaveProperNames{String, String}" classname="pl.devfoundry.testing.account.AddressTest" time="0"/>
  <testcase name="addressesFromFileShouldNotBeEmptyAndHaveProperNames{String, String}" classname="pl.devfoundry.testing.account.AddressTest" time="0"/>
  <testcase name="addressesFromFileShouldNotBeEmptyAndHaveProperNames{String, String}" classname="pl.devfoundry.testing.account.AddressTest" time="0"/>
  <testcase name="addressesFromFileShouldNotBeEmptyAndHaveProperNames{String, String}" classname="pl.devfoundry.testing.account.AddressTest" time="0.001"/>
  <testcase name="addressesFromFileShouldNotBeEmptyAndHaveProperNames{String, String}" classname="pl.devfoundry.testing.account.AddressTest" time="0"/>
  <testcase name="addressesFromFileShouldNotBeEmptyAndHaveProperNames{String, String}" classname="pl.devfoundry.testing.account.AddressTest" time="0"/>
  <testcase name="addressesFromFileShouldNotBeEmptyAndHaveProperNames{String, String}" classname="pl.devfoundry.testing.account.AddressTest" time="0"/>
  <testcase name="addressesFromFileShouldNotBeEmptyAndHaveProperNames{String, String}" classname="pl.devfoundry.testing.account.AddressTest" time="0"/>
  <testcase name="addressesFromFileShouldNotBeEmptyAndHaveProperNames{String, String}" classname="pl.devfoundry.testing.account.AddressTest" time="0"/>
  <testcase name="addressesFromFileShouldNotBeEmptyAndHaveProperNames{String, String}" classname="pl.devfoundry.testing.account.AddressTest" time="0"/>
  <testcase name="addressesFromFileShouldNotBeEmptyAndHaveProperNames{String, String}" classname="pl.devfoundry.testing.account.AddressTest" time="0.001"/>
  <testcase name="addressesFromFileShouldNotBeEmptyAndHaveProperNames{String, String}" classname="pl.devfoundry.testing.account.AddressTest" time="0.001"/>
  <testcase name="addressesFromFileShouldNotBeEmptyAndHaveProperNames{String, String}" classname="pl.devfoundry.testing.account.AddressTest" time="0"/>
  <testcase name="addressesFromFileShouldNotBeEmptyAndHaveProperNames{String, String}" classname="pl.devfoundry.testing.account.AddressTest" time="0"/>
  <testcase name="addressesFromFileShouldNotBeEmptyAndHaveProperNames{String, String}" classname="pl.devfoundry.testing.account.AddressTest" time="0"/>
  <testcase name="addressesFromFileShouldNotBeEmptyAndHaveProperNames{String, String}" classname="pl.devfoundry.testing.account.AddressTest" time="0"/>
  <testcase name="addressesFromFileShouldNotBeEmptyAndHaveProperNames{String, String}" classname="pl.devfoundry.testing.account.AddressTest" time="0"/>
  <testcase name="addressesFromFileShouldNotBeEmptyAndHaveProperNames{String, String}" classname="pl.devfoundry.testing.account.AddressTest" time="0"/>
  <testcase name="addressesFromFileShouldNotBeEmptyAndHaveProperNames{String, String}" classname="pl.devfoundry.testing.account.AddressTest" time="0"/>
  <testcase name="addressesFromFileShouldNotBeEmptyAndHaveProperNames{String, String}" classname="pl.devfoundry.testing.account.AddressTest" time="0.001"/>
  <testcase name="addressesFromFileShouldNotBeEmptyAndHaveProperNames{String, String}" classname="pl.devfoundry.testing.account.AddressTest" time="0"/>
  <testcase name="addressesFromFileShouldNotBeEmptyAndHaveProperNames{String, String}" classname="pl.devfoundry.testing.account.AddressTest" time="0"/>
  <testcase name="addressesFromFileShouldNotBeEmptyAndHaveProperNames{String, String}" classname="pl.devfoundry.testing.account.AddressTest" time="0.007"/>
  <testcase name="addressesFromFileShouldNotBeEmptyAndHaveProperNames{String, String}" classname="pl.devfoundry.testing.account.AddressTest" time="0.001"/>
  <testcase name="addressesFromFileShouldNotBeEmptyAndHaveProperNames{String, String}" classname="pl.devfoundry.testing.account.AddressTest" time="0.001"/>
  <testcase name="addressesFromFileShouldNotBeEmptyAndHaveProperNames{String, String}" classname="pl.devfoundry.testing.account.AddressTest" time="0.001"/>
  <testcase name="addressesFromFileShouldNotBeEmptyAndHaveProperNames{String, String}" classname="pl.devfoundry.testing.account.AddressTest" time="0"/>
  <testcase name="addressesFromFileShouldNotBeEmptyAndHaveProperNames{String, String}" classname="pl.devfoundry.testing.account.AddressTest" time="0"/>
  <testcase name="addressesFromFileShouldNotBeEmptyAndHaveProperNames{String, String}" classname="pl.devfoundry.testing.account.AddressTest" time="0"/>
  <testcase name="addressesFromFileShouldNotBeEmptyAndHaveProperNames{String, String}" classname="pl.devfoundry.testing.account.AddressTest" time="0.001"/>
  <testcase name="addressesFromFileShouldNotBeEmptyAndHaveProperNames{String, String}" classname="pl.devfoundry.testing.account.AddressTest" time="0"/>
  <testcase name="addressesFromFileShouldNotBeEmptyAndHaveProperNames{String, String}" classname="pl.devfoundry.testing.account.AddressTest" time="0.035"/>
  <testcase name="addressesFromFileShouldNotBeEmptyAndHaveProperNames{String, String}" classname="pl.devfoundry.testing.account.AddressTest" time="0"/>
  <testcase name="addressesFromFileShouldNotBeEmptyAndHaveProperNames{String, String}" classname="pl.devfoundry.testing.account.AddressTest" time="0"/>
  <testcase name="addressesFromFileShouldNotBeEmptyAndHaveProperNames{String, String}" classname="pl.devfoundry.testing.account.AddressTest" time="0"/>
  <testcase name="addressesFromFileShouldNotBeEmptyAndHaveProperNames{String, String}" classname="pl.devfoundry.testing.account.AddressTest" time="0"/>
  <testcase name="addressesFromFileShouldNotBeEmptyAndHaveProperNames{String, String}" classname="pl.devfoundry.testing.account.AddressTest" time="0"/>
  <testcase name="addressesFromFileShouldNotBeEmptyAndHaveProperNames{String, String}" classname="pl.devfoundry.testing.account.AddressTest" time="0"/>
  <testcase name="addressesFromFileShouldNotBeEmptyAndHaveProperNames{String, String}" classname="pl.devfoundry.testing.account.AddressTest" time="0"/>
  <testcase name="addressesFromFileShouldNotBeEmptyAndHaveProperNames{String, String}" classname="pl.devfoundry.testing.account.AddressTest" time="0"/>
  <testcase name="addressesFromFileShouldNotBeEmptyAndHaveProperNames{String, String}" classname="pl.devfoundry.testing.account.AddressTest" time="0.001"/>
  <testcase name="addressesFromFileShouldNotBeEmptyAndHaveProperNames{String, String}" classname="pl.devfoundry.testing.account.AddressTest" time="0"/>
  <testcase name="addressesFromFileShouldNotBeEmptyAndHaveProperNames{String, String}" classname="pl.devfoundry.testing.account.AddressTest" time="0.001"/>
  <testcase name="addressesFromFileShouldNotBeEmptyAndHaveProperNames{String, String}" classname="pl.devfoundry.testing.account.AddressTest" time="0"/>
  <testcase name="addressesFromFileShouldNotBeEmptyAndHaveProperNames{String, String}" classname="pl.devfoundry.testing.account.AddressTest" time="0"/>
  <testcase name="addressesFromFileShouldNotBeEmptyAndHaveProperNames{String, String}" classname="pl.devfoundry.testing.account.AddressTest" time="0"/>
  <testcase name="addressesFromFileShouldNotBeEmptyAndHaveProperNames{String, String}" classname="pl.devfoundry.testing.account.AddressTest" time="0"/>
  <testcase name="addressesFromFileShouldNotBeEmptyAndHaveProperNames{String, String}" classname="pl.devfoundry.testing.account.AddressTest" time="0.001"/>
  <testcase name="addressesFromFileShouldNotBeEmptyAndHaveProperNames{String, String}" classname="pl.devfoundry.testing.account.AddressTest" time="0"/>
  <testcase name="addressesFromFileShouldNotBeEmptyAndHaveProperNames{String, String}" classname="pl.devfoundry.testing.account.AddressTest" time="0"/>
  <testcase name="addressesFromFileShouldNotBeEmptyAndHaveProperNames{String, String}" classname="pl.devfoundry.testing.account.AddressTest" time="0.001"/>
  <testcase name="addressesFromFileShouldNotBeEmptyAndHaveProperNames{String, String}" classname="pl.devfoundry.testing.account.AddressTest" time="0"/>
  <testcase name="addressesFromFileShouldNotBeEmptyAndHaveProperNames{String, String}" classname="pl.devfoundry.testing.account.AddressTest" time="0"/>
  <testcase name="addressesFromFileShouldNotBeEmptyAndHaveProperNames{String, String}" classname="pl.devfoundry.testing.account.AddressTest" time="0"/>
  <testcase name="addressesFromFileShouldNotBeEmptyAndHaveProperNames{String, String}" classname="pl.devfoundry.testing.account.AddressTest" time="0"/>
  <testcase name="addressesFromFileShouldNotBeEmptyAndHaveProperNames{String, String}" classname="pl.devfoundry.testing.account.AddressTest" time="0"/>
  <testcase name="addressesFromFileShouldNotBeEmptyAndHaveProperNames{String, String}" classname="pl.devfoundry.testing.account.AddressTest" time="0.001"/>
  <testcase name="addressesFromFileShouldNotBeEmptyAndHaveProperNames{String, String}" classname="pl.devfoundry.testing.account.AddressTest" time="0"/>
  <testcase name="addressesFromFileShouldNotBeEmptyAndHaveProperNames{String, String}" classname="pl.devfoundry.testing.account.AddressTest" time="0"/>
  <testcase name="addressesFromFileShouldNotBeEmptyAndHaveProperNames{String, String}" classname="pl.devfoundry.testing.account.AddressTest" time="0"/>
  <testcase name="addressesFromFileShouldNotBeEmptyAndHaveProperNames{String, String}" classname="pl.devfoundry.testing.account.AddressTest" time="0"/>
  <testcase name="addressesFromFileShouldNotBeEmptyAndHaveProperNames{String, String}" classname="pl.devfoundry.testing.account.AddressTest" time="0.001"/>
  <testcase name="addressesFromFileShouldNotBeEmptyAndHaveProperNames{String, String}" classname="pl.devfoundry.testing.account.AddressTest" time="0"/>
  <testcase name="addressesFromFileShouldNotBeEmptyAndHaveProperNames{String, String}" classname="pl.devfoundry.testing.account.AddressTest" time="0.001"/>
  <testcase name="addressesFromFileShouldNotBeEmptyAndHaveProperNames{String, String}" classname="pl.devfoundry.testing.account.AddressTest" time="0"/>
  <testcase name="addressesFromFileShouldNotBeEmptyAndHaveProperNames{String, String}" classname="pl.devfoundry.testing.account.AddressTest" time="0.001"/>
  <testcase name="addressesFromFileShouldNotBeEmptyAndHaveProperNames{String, String}" classname="pl.devfoundry.testing.account.AddressTest" time="0"/>
  <testcase name="addressesFromFileShouldNotBeEmptyAndHaveProperNames{String, String}" classname="pl.devfoundry.testing.account.AddressTest" time="0"/>
  <testcase name="addressesFromFileShouldNotBeEmptyAndHaveProperNames{String, String}" classname="pl.devfoundry.testing.account.AddressTest" time="0"/>
  <testcase name="addressesFromFileShouldNotBeEmptyAndHaveProperNames{String, String}" classname="pl.devfoundry.testing.account.AddressTest" time="0"/>
  <testcase name="addressesFromFileShouldNotBeEmptyAndHaveProperNames{String, String}" classname="pl.devfoundry.testing.account.AddressTest" time="0.001"/>
  <testcase name="addressesFromFileShouldNotBeEmptyAndHaveProperNames{String, String}" classname="pl.devfoundry.testing.account.AddressTest" time="0"/>
  <testcase name="addressesFromFileShouldNotBeEmptyAndHaveProperNames{String, String}" classname="pl.devfoundry.testing.account.AddressTest" time="0.001"/>
  <testcase name="addressesFromFileShouldNotBeEmptyAndHaveProperNames{String, String}" classname="pl.devfoundry.testing.account.AddressTest" time="0"/>
  <testcase name="addressesFromFileShouldNotBeEmptyAndHaveProperNames{String, String}" classname="pl.devfoundry.testing.account.AddressTest" time="0"/>
  <testcase name="addressesFromFileShouldNotBeEmptyAndHaveProperNames{String, String}" classname="pl.devfoundry.testing.account.AddressTest" time="0"/>
  <testcase name="addressesFromFileShouldNotBeEmptyAndHaveProperNames{String, String}" classname="pl.devfoundry.testing.account.AddressTest" time="0"/>
  <testcase name="addressesFromFileShouldNotBeEmptyAndHaveProperNames{String, String}" classname="pl.devfoundry.testing.account.AddressTest" time="0"/>
  <testcase name="addressesFromFileShouldNotBeEmptyAndHaveProperNames{String, String}" classname="pl.devfoundry.testing.account.AddressTest" time="0"/>
  <testcase name="addressesFromFileShouldNotBeEmptyAndHaveProperNames{String, String}" classname="pl.devfoundry.testing.account.AddressTest" time="0"/>
  <testcase name="addressesFromFileShouldNotBeEmptyAndHaveProperNames{String, String}" classname="pl.devfoundry.testing.account.AddressTest" time="0.001"/>
  <testcase name="addressesFromFileShouldNotBeEmptyAndHaveProperNames{String, String}" classname="pl.devfoundry.testing.account.AddressTest" time="0.001"/>
  <testcase name="addressesFromFileShouldNotBeEmptyAndHaveProperNames{String, String}" classname="pl.devfoundry.testing.account.AddressTest" time="0"/>
  <testcase name="addressesFromFileShouldNotBeEmptyAndHaveProperNames{String, String}" classname="pl.devfoundry.testing.account.AddressTest" time="0"/>
  <testcase name="addressesFromFileShouldNotBeEmptyAndHaveProperNames{String, String}" classname="pl.devfoundry.testing.account.AddressTest" time="0"/>
  <testcase name="addressesFromFileShouldNotBeEmptyAndHaveProperNames{String, String}" classname="pl.devfoundry.testing.account.AddressTest" time="0"/>
  <testcase name="addressesFromFileShouldNotBeEmptyAndHaveProperNames{String, String}" classname="pl.devfoundry.testing.account.AddressTest" time="0"/>
  <testcase name="addressesFromFileShouldNotBeEmptyAndHaveProperNames{String, String}" classname="pl.devfoundry.testing.account.AddressTest" time="0.001"/>
  <testcase name="addressesFromFileShouldNotBeEmptyAndHaveProperNames{String, String}" classname="pl.devfoundry.testing.account.AddressTest" time="0"/>
  <testcase name="addressesFromFileShouldNotBeEmptyAndHaveProperNames{String, String}" classname="pl.devfoundry.testing.account.AddressTest" time="0"/>
  <testcase name="addressesFromFileShouldNotBeEmptyAndHaveProperNames{String, String}" classname="pl.devfoundry.testing.account.AddressTest" time="0"/>
  <testcase name="addressesFromFileShouldNotBeEmptyAndHaveProperNames{String, String}" classname="pl.devfoundry.testing.account.AddressTest" time="0"/>
  <testcase name="addressesFromFileShouldNotBeEmptyAndHaveProperNames{String, String}" classname="pl.devfoundry.testing.account.AddressTest" time="0.001"/>
  <testcase name="addressesFromFileShouldNotBeEmptyAndHaveProperNames{String, String}" classname="pl.devfoundry.testing.account.AddressTest" time="0"/>
  <testcase name="addressesFromFileShouldNotBeEmptyAndHaveProperNames{String, String}" classname="pl.devfoundry.testing.account.AddressTest" time="0"/>
  <testcase name="addressesFromFileShouldNotBeEmptyAndHaveProperNames{String, String}" classname="pl.devfoundry.testing.account.AddressTest" time="0"/>
  <testcase name="addressesFromFileShouldNotBeEmptyAndHaveProperNames{String, String}" classname="pl.devfoundry.testing.account.AddressTest" time="0.001"/>
  <testcase name="addressesFromFileShouldNotBeEmptyAndHaveProperNames{String, String}" classname="pl.devfoundry.testing.account.AddressTest" time="0"/>
  <testcase name="addressesFromFileShouldNotBeEmptyAndHaveProperNames{String, String}" classname="pl.devfoundry.testing.account.AddressTest" time="0"/>
  <testcase name="addressesFromFileShouldNotBeEmptyAndHaveProperNames{String, String}" classname="pl.devfoundry.testing.account.AddressTest" time="0"/>
  <testcase name="addressesFromFileShouldNotBeEmptyAndHaveProperNames{String, String}" classname="pl.devfoundry.testing.account.AddressTest" time="0"/>
  <testcase name="addressesFromFileShouldNotBeEmptyAndHaveProperNames{String, String}" classname="pl.devfoundry.testing.account.AddressTest" time="0.001"/>
  <testcase name="addressesFromFileShouldNotBeEmptyAndHaveProperNames{String, String}" classname="pl.devfoundry.testing.account.AddressTest" time="0"/>
  <testcase name="addressesFromFileShouldNotBeEmptyAndHaveProperNames{String, String}" classname="pl.devfoundry.testing.account.AddressTest" time="0.001"/>
  <testcase name="addressesFromFileShouldNotBeEmptyAndHaveProperNames{String, String}" classname="pl.devfoundry.testing.account.AddressTest" time="0"/>
  <testcase name="addressesFromFileShouldNotBeEmptyAndHaveProperNames{String, String}" classname="pl.devfoundry.testing.account.AddressTest" time="0"/>
  <testcase name="addressesFromFileShouldNotBeEmptyAndHaveProperNames{String, String}" classname="pl.devfoundry.testing.account.AddressTest" time="0"/>
  <testcase name="addressesFromFileShouldNotBeEmptyAndHaveProperNames{String, String}" classname="pl.devfoundry.testing.account.AddressTest" time="0"/>
  <testcase name="addressesFromFileShouldNotBeEmptyAndHaveProperNames{String, String}" classname="pl.devfoundry.testing.account.AddressTest" time="0"/>
  <testcase name="addressesFromFileShouldNotBeEmptyAndHaveProperNames{String, String}" classname="pl.devfoundry.testing.account.AddressTest" time="0"/>
  <testcase name="addressesFromFileShouldNotBeEmptyAndHaveProperNames{String, String}" classname="pl.devfoundry.testing.account.AddressTest" time="0.001"/>
  <testcase name="addressesFromFileShouldNotBeEmptyAndHaveProperNames{String, String}" classname="pl.devfoundry.testing.account.AddressTest" time="0"/>
  <testcase name="addressesFromFileShouldNotBeEmptyAndHaveProperNames{String, String}" classname="pl.devfoundry.testing.account.AddressTest" time="0.001"/>
  <testcase name="addressesFromFileShouldNotBeEmptyAndHaveProperNames{String, String}" classname="pl.devfoundry.testing.account.AddressTest" time="0"/>
  <testcase name="addressesFromFileShouldNotBeEmptyAndHaveProperNames{String, String}" classname="pl.devfoundry.testing.account.AddressTest" time="0.001"/>
  <testcase name="addressesFromFileShouldNotBeEmptyAndHaveProperNames{String, String}" classname="pl.devfoundry.testing.account.AddressTest" time="0"/>
  <testcase name="addressesFromFileShouldNotBeEmptyAndHaveProperNames{String, String}" classname="pl.devfoundry.testing.account.AddressTest" time="0"/>
  <testcase name="addressesFromFileShouldNotBeEmptyAndHaveProperNames{String, String}" classname="pl.devfoundry.testing.account.AddressTest" time="0.001"/>
  <testcase name="addressesFromFileShouldNotBeEmptyAndHaveProperNames{String, String}" classname="pl.devfoundry.testing.account.AddressTest" time="0"/>
  <testcase name="addressesFromFileShouldNotBeEmptyAndHaveProperNames{String, String}" classname="pl.devfoundry.testing.account.AddressTest" time="0.001"/>
  <testcase name="addressesFromFileShouldNotBeEmptyAndHaveProperNames{String, String}" classname="pl.devfoundry.testing.account.AddressTest" time="0.001"/>
  <testcase name="addressesFromFileShouldNotBeEmptyAndHaveProperNames{String, String}" classname="pl.devfoundry.testing.account.AddressTest" time="0"/>
  <testcase name="addressesFromFileShouldNotBeEmptyAndHaveProperNames{String, String}" classname="pl.devfoundry.testing.account.AddressTest" time="0"/>
  <testcase name="addressesFromFileShouldNotBeEmptyAndHaveProperNames{String, String}" classname="pl.devfoundry.testing.account.AddressTest" time="0"/>
  <testcase name="addressesFromFileShouldNotBeEmptyAndHaveProperNames{String, String}" classname="pl.devfoundry.testing.account.AddressTest" time="0"/>
  <testcase name="addressesFromFileShouldNotBeEmptyAndHaveProperNames{String, String}" classname="pl.devfoundry.testing.account.AddressTest" time="0.001"/>
  <testcase name="addressesFromFileShouldNotBeEmptyAndHaveProperNames{String, String}" classname="pl.devfoundry.testing.account.AddressTest" time="0"/>
  <testcase name="addressesFromFileShouldNotBeEmptyAndHaveProperNames{String, String}" classname="pl.devfoundry.testing.account.AddressTest" time="0.001"/>
  <testcase name="addressesFromFileShouldNotBeEmptyAndHaveProperNames{String, String}" classname="pl.devfoundry.testing.account.AddressTest" time="0"/>
  <testcase name="addressesFromFileShouldNotBeEmptyAndHaveProperNames{String, String}" classname="pl.devfoundry.testing.account.AddressTest" time="0.001"/>
  <testcase name="addressesFromFileShouldNotBeEmptyAndHaveProperNames{String, String}" classname="pl.devfoundry.testing.account.AddressTest" time="0"/>
  <testcase name="addressesFromFileShouldNotBeEmptyAndHaveProperNames{String, String}" classname="pl.devfoundry.testing.account.AddressTest" time="0.001"/>
  <testcase name="addressesFromFileShouldNotBeEmptyAndHaveProperNames{String, String}" classname="pl.devfoundry.testing.account.AddressTest" time="0"/>
  <testcase name="addressesFromFileShouldNotBeEmptyAndHaveProperNames{String, String}" classname="pl.devfoundry.testing.account.AddressTest" time="0.001"/>
  <testcase name="addressesFromFileShouldNotBeEmptyAndHaveProperNames{String, String}" classname="pl.devfoundry.testing.account.AddressTest" time="0"/>
  <testcase name="addressesFromFileShouldNotBeEmptyAndHaveProperNames{String, String}" classname="pl.devfoundry.testing.account.AddressTest" time="0.001"/>
  <testcase name="addressesFromFileShouldNotBeEmptyAndHaveProperNames{String, String}" classname="pl.devfoundry.testing.account.AddressTest" time="0"/>
  <testcase name="addressesFromFileShouldNotBeEmptyAndHaveProperNames{String, String}" classname="pl.devfoundry.testing.account.AddressTest" time="0"/>
  <testcase name="addressesFromFileShouldNotBeEmptyAndHaveProperNames{String, String}" classname="pl.devfoundry.testing.account.AddressTest" time="0"/>
  <testcase name="addressesFromFileShouldNotBeEmptyAndHaveProperNames{String, String}" classname="pl.devfoundry.testing.account.AddressTest" time="0"/>
  <testcase name="addressesFromFileShouldNotBeEmptyAndHaveProperNames{String, String}" classname="pl.devfoundry.testing.account.AddressTest" time="0"/>
  <testcase name="addressesFromFileShouldNotBeEmptyAndHaveProperNames{String, String}" classname="pl.devfoundry.testing.account.AddressTest" time="0"/>
  <testcase name="addressesFromFileShouldNotBeEmptyAndHaveProperNames{String, String}" classname="pl.devfoundry.testing.account.AddressTest" time="0"/>
  <testcase name="addressesFromFileShouldNotBeEmptyAndHaveProperNames{String, String}" classname="pl.devfoundry.testing.account.AddressTest" time="0"/>
  <testcase name="addressesFromFileShouldNotBeEmptyAndHaveProperNames{String, String}" classname="pl.devfoundry.testing.account.AddressTest" time="0"/>
  <testcase name="addressesFromFileShouldNotBeEmptyAndHaveProperNames{String, String}" classname="pl.devfoundry.testing.account.AddressTest" time="0"/>
  <testcase name="addressesFromFileShouldNotBeEmptyAndHaveProperNames{String, String}" classname="pl.devfoundry.testing.account.AddressTest" time="0.001"/>
  <testcase name="addressesFromFileShouldNotBeEmptyAndHaveProperNames{String, String}" classname="pl.devfoundry.testing.account.AddressTest" time="0"/>
  <testcase name="addressesFromFileShouldNotBeEmptyAndHaveProperNames{String, String}" classname="pl.devfoundry.testing.account.AddressTest" time="0.001"/>
  <testcase name="addressesFromFileShouldNotBeEmptyAndHaveProperNames{String, String}" classname="pl.devfoundry.testing.account.AddressTest" time="0"/>
  <testcase name="addressesFromFileShouldNotBeEmptyAndHaveProperNames{String, String}" classname="pl.devfoundry.testing.account.AddressTest" time="0.001"/>
  <testcase name="addressesFromFileShouldNotBeEmptyAndHaveProperNames{String, String}" classname="pl.devfoundry.testing.account.AddressTest" time="0"/>
  <testcase name="addressesFromFileShouldNotBeEmptyAndHaveProperNames{String, String}" classname="pl.devfoundry.testing.account.AddressTest" time="0"/>
  <testcase name="addressesFromFileShouldNotBeEmptyAndHaveProperNames{String, String}" classname="pl.devfoundry.testing.account.AddressTest" time="0.001"/>
  <testcase name="addressesFromFileShouldNotBeEmptyAndHaveProperNames{String, String}" classname="pl.devfoundry.testing.account.AddressTest" time="0"/>
  <testcase name="addressesFromFileShouldNotBeEmptyAndHaveProperNames{String, String}" classname="pl.devfoundry.testing.account.AddressTest" time="0.001"/>
  <testcase name="addressesFromFileShouldNotBeEmptyAndHaveProperNames{String, String}" classname="pl.devfoundry.testing.account.AddressTest" time="0"/>
  <testcase name="addressesFromFileShouldNotBeEmptyAndHaveProperNames{String, String}" classname="pl.devfoundry.testing.account.AddressTest" time="0"/>
  <testcase name="addressesFromFileShouldNotBeEmptyAndHaveProperNames{String, String}" classname="pl.devfoundry.testing.account.AddressTest" time="0"/>
  <testcase name="addressesFromFileShouldNotBeEmptyAndHaveProperNames{String, String}" classname="pl.devfoundry.testing.account.AddressTest" time="0.001"/>
  <testcase name="addressesFromFileShouldNotBeEmptyAndHaveProperNames{String, String}" classname="pl.devfoundry.testing.account.AddressTest" time="0"/>
  <testcase name="addressesFromFileShouldNotBeEmptyAndHaveProperNames{String, String}" classname="pl.devfoundry.testing.account.AddressTest" time="0.001"/>
  <testcase name="addressesFromFileShouldNotBeEmptyAndHaveProperNames{String, String}" classname="pl.devfoundry.testing.account.AddressTest" time="0"/>
  <testcase name="addressesFromFileShouldNotBeEmptyAndHaveProperNames{String, String}" classname="pl.devfoundry.testing.account.AddressTest" time="0"/>
  <testcase name="addressesFromFileShouldNotBeEmptyAndHaveProperNames{String, String}" classname="pl.devfoundry.testing.account.AddressTest" time="0"/>
  <testcase name="addressesFromFileShouldNotBeEmptyAndHaveProperNames{String, String}" classname="pl.devfoundry.testing.account.AddressTest" time="0"/>
  <testcase name="addressesFromFileShouldNotBeEmptyAndHaveProperNames{String, String}" classname="pl.devfoundry.testing.account.AddressTest" time="0"/>
  <testcase name="addressesFromFileShouldNotBeEmptyAndHaveProperNames{String, String}" classname="pl.devfoundry.testing.account.AddressTest" time="0"/>
  <testcase name="addressesFromFileShouldNotBeEmptyAndHaveProperNames{String, String}" classname="pl.devfoundry.testing.account.AddressTest" time="0.001"/>
  <testcase name="addressesFromFileShouldNotBeEmptyAndHaveProperNames{String, String}" classname="pl.devfoundry.testing.account.AddressTest" time="0"/>
  <testcase name="addressesFromFileShouldNotBeEmptyAndHaveProperNames{String, String}" classname="pl.devfoundry.testing.account.AddressTest" time="0"/>
  <testcase name="addressesFromFileShouldNotBeEmptyAndHaveProperNames{String, String}" classname="pl.devfoundry.testing.account.AddressTest" time="0"/>
  <testcase name="addressesFromFileShouldNotBeEmptyAndHaveProperNames{String, String}" classname="pl.devfoundry.testing.account.AddressTest" time="0"/>
  <testcase name="addressesFromFileShouldNotBeEmptyAndHaveProperNames{String, String}" classname="pl.devfoundry.testing.account.AddressTest" time="0"/>
  <testcase name="addressesFromFileShouldNotBeEmptyAndHaveProperNames{String, String}" classname="pl.devfoundry.testing.account.AddressTest" time="0.001"/>
  <testcase name="addressesFromFileShouldNotBeEmptyAndHaveProperNames{String, String}" classname="pl.devfoundry.testing.account.AddressTest" time="0"/>
  <testcase name="addressesFromFileShouldNotBeEmptyAndHaveProperNames{String, String}" classname="pl.devfoundry.testing.account.AddressTest" time="0"/>
  <testcase name="addressesFromFileShouldNotBeEmptyAndHaveProperNames{String, String}" classname="pl.devfoundry.testing.account.AddressTest" time="0.001"/>
  <testcase name="addressesFromFileShouldNotBeEmptyAndHaveProperNames{String, String}" classname="pl.devfoundry.testing.account.AddressTest" time="0"/>
  <testcase name="addressesFromFileShouldNotBeEmptyAndHaveProperNames{String, String}" classname="pl.devfoundry.testing.account.AddressTest" time="0"/>
  <testcase name="addressesFromFileShouldNotBeEmptyAndHaveProperNames{String, String}" classname="pl.devfoundry.testing.account.AddressTest" time="0"/>
  <testcase name="addressesFromFileShouldNotBeEmptyAndHaveProperNames{String, String}" classname="pl.devfoundry.testing.account.AddressTest" time="0.001"/>
  <testcase name="addressesFromFileShouldNotBeEmptyAndHaveProperNames{String, String}" classname="pl.devfoundry.testing.account.AddressTest" time="0"/>
  <testcase name="addressesFromFileShouldNotBeEmptyAndHaveProperNames{String, String}" classname="pl.devfoundry.testing.account.AddressTest" time="0"/>
  <testcase name="addressesFromFileShouldNotBeEmptyAndHaveProperNames{String, String}" classname="pl.devfoundry.testing.account.AddressTest" time="0.001"/>
  <testcase name="addressesFromFileShouldNotBeEmptyAndHaveProperNames{String, String}" classname="pl.devfoundry.testing.account.AddressTest" time="0.001"/>
  <testcase name="addressesFromFileShouldNotBeEmptyAndHaveProperNames{String, String}" classname="pl.devfoundry.testing.account.AddressTest" time="0"/>
  <testcase name="addressesFromFileShouldNotBeEmptyAndHaveProperNames{String, String}" classname="pl.devfoundry.testing.account.AddressTest" time="0"/>
  <testcase name="addressesFromFileShouldNotBeEmptyAndHaveProperNames{String, String}" classname="pl.devfoundry.testing.account.AddressTest" time="0.001"/>
  <testcase name="addressesFromFileShouldNotBeEmptyAndHaveProperNames{String, String}" classname="pl.devfoundry.testing.account.AddressTest" time="0.001"/>
  <testcase name="addressesFromFileShouldNotBeEmptyAndHaveProperNames{String, String}" classname="pl.devfoundry.testing.account.AddressTest" time="0"/>
  <testcase name="addressesFromFileShouldNotBeEmptyAndHaveProperNames{String, String}" classname="pl.devfoundry.testing.account.AddressTest" time="0"/>
  <testcase name="addressesFromFileShouldNotBeEmptyAndHaveProperNames{String, String}" classname="pl.devfoundry.testing.account.AddressTest" time="0"/>
  <testcase name="addressesFromFileShouldNotBeEmptyAndHaveProperNames{String, String}" classname="pl.devfoundry.testing.account.AddressTest" time="0"/>
  <testcase name="addressesFromFileShouldNotBeEmptyAndHaveProperNames{String, String}" classname="pl.devfoundry.testing.account.AddressTest" time="0"/>
  <testcase name="addressesFromFileShouldNotBeEmptyAndHaveProperNames{String, String}" classname="pl.devfoundry.testing.account.AddressTest" time="0"/>
  <testcase name="addressesFromFileShouldNotBeEmptyAndHaveProperNames{String, String}" classname="pl.devfoundry.testing.account.AddressTest" time="0"/>
  <testcase name="addressesFromFileShouldNotBeEmptyAndHaveProperNames{String, String}" classname="pl.devfoundry.testing.account.AddressTest" time="0.001"/>
  <testcase name="addressesFromFileShouldNotBeEmptyAndHaveProperNames{String, String}" classname="pl.devfoundry.testing.account.AddressTest" time="0"/>
  <testcase name="addressesFromFileShouldNotBeEmptyAndHaveProperNames{String, String}" classname="pl.devfoundry.testing.account.AddressTest" time="0"/>
  <testcase name="addressesFromFileShouldNotBeEmptyAndHaveProperNames{String, String}" classname="pl.devfoundry.testing.account.AddressTest" time="0.001"/>
  <testcase name="addressesFromFileShouldNotBeEmptyAndHaveProperNames{String, String}" classname="pl.devfoundry.testing.account.AddressTest" time="0"/>
  <testcase name="addressesFromFileShouldNotBeEmptyAndHaveProperNames{String, String}" classname="pl.devfoundry.testing.account.AddressTest" time="0"/>
  <testcase name="addressesFromFileShouldNotBeEmptyAndHaveProperNames{String, String}" classname="pl.devfoundry.testing.account.AddressTest" time="0.001"/>
  <testcase name="addressesFromFileShouldNotBeEmptyAndHaveProperNames{String, String}" classname="pl.devfoundry.testing.account.AddressTest" time="0"/>
  <testcase name="addressesFromFileShouldNotBeEmptyAndHaveProperNames{String, String}" classname="pl.devfoundry.testing.account.AddressTest" time="0"/>
  <testcase name="addressesFromFileShouldNotBeEmptyAndHaveProperNames{String, String}" classname="pl.devfoundry.testing.account.AddressTest" time="0.001"/>
  <testcase name="addressesFromFileShouldNotBeEmptyAndHaveProperNames{String, String}" classname="pl.devfoundry.testing.account.AddressTest" time="0"/>
  <testcase name="addressesFromFileShouldNotBeEmptyAndHaveProperNames{String, String}" classname="pl.devfoundry.testing.account.AddressTest" time="0.001"/>
  <testcase name="addressesFromFileShouldNotBeEmptyAndHaveProperNames{String, String}" classname="pl.devfoundry.testing.account.AddressTest" time="0"/>
  <testcase name="addressesFromFileShouldNotBeEmptyAndHaveProperNames{String, String}" classname="pl.devfoundry.testing.account.AddressTest" time="0"/>
  <testcase name="addressesFromFileShouldNotBeEmptyAndHaveProperNames{String, String}" classname="pl.devfoundry.testing.account.AddressTest" time="0.001"/>
  <testcase name="addressesFromFileShouldNotBeEmptyAndHaveProperNames{String, String}" classname="pl.devfoundry.testing.account.AddressTest" time="0"/>
  <testcase name="addressesFromFileShouldNotBeEmptyAndHaveProperNames{String, String}" classname="pl.devfoundry.testing.account.AddressTest" time="0.001"/>
  <testcase name="addressesFromFileShouldNotBeEmptyAndHaveProperNames{String, String}" classname="pl.devfoundry.testing.account.AddressTest" time="0.001"/>
  <testcase name="addressesFromFileShouldNotBeEmptyAndHaveProperNames{String, String}" classname="pl.devfoundry.testing.account.AddressTest" time="0"/>
  <testcase name="addressesFromFileShouldNotBeEmptyAndHaveProperNames{String, String}" classname="pl.devfoundry.testing.account.AddressTest" time="0"/>
  <testcase name="addressesFromFileShouldNotBeEmptyAndHaveProperNames{String, String}" classname="pl.devfoundry.testing.account.AddressTest" time="0"/>
  <testcase name="addressesFromFileShouldNotBeEmptyAndHaveProperNames{String, String}" classname="pl.devfoundry.testing.account.AddressTest" time="0"/>
  <testcase name="addressesFromFileShouldNotBeEmptyAndHaveProperNames{String, String}" classname="pl.devfoundry.testing.account.AddressTest" time="0.001"/>
  <testcase name="addressesFromFileShouldNotBeEmptyAndHaveProperNames{String, String}" classname="pl.devfoundry.testing.account.AddressTest" time="0"/>
  <testcase name="addressesFromFileShouldNotBeEmptyAndHaveProperNames{String, String}" classname="pl.devfoundry.testing.account.AddressTest" time="0"/>
  <testcase name="addressesFromFileShouldNotBeEmptyAndHaveProperNames{String, String}" classname="pl.devfoundry.testing.account.AddressTest" time="0"/>
  <testcase name="addressesFromFileShouldNotBeEmptyAndHaveProperNames{String, String}" classname="pl.devfoundry.testing.account.AddressTest" time="0"/>
  <testcase name="addressesFromFileShouldNotBeEmptyAndHaveProperNames{String, String}" classname="pl.devfoundry.testing.account.AddressTest" time="0.001"/>
  <testcase name="addressesFromFileShouldNotBeEmptyAndHaveProperNames{String, String}" classname="pl.devfoundry.testing.account.AddressTest" time="0"/>
  <testcase name="addressesFromFileShouldNotBeEmptyAndHaveProperNames{String, String}" classname="pl.devfoundry.testing.account.AddressTest" time="0"/>
  <testcase name="addressesFromFileShouldNotBeEmptyAndHaveProperNames{String, String}" classname="pl.devfoundry.testing.account.AddressTest" time="0"/>
  <testcase name="addressesFromFileShouldNotBeEmptyAndHaveProperNames{String, String}" classname="pl.devfoundry.testing.account.AddressTest" time="0"/>
  <testcase name="addressesFromFileShouldNotBeEmptyAndHaveProperNames{String, String}" classname="pl.devfoundry.testing.account.AddressTest" time="0.001"/>
  <testcase name="addressesFromFileShouldNotBeEmptyAndHaveProperNames{String, String}" classname="pl.devfoundry.testing.account.AddressTest" time="0"/>
  <testcase name="addressesFromFileShouldNotBeEmptyAndHaveProperNames{String, String}" classname="pl.devfoundry.testing.account.AddressTest" time="0"/>
  <testcase name="addressesFromFileShouldNotBeEmptyAndHaveProperNames{String, String}" classname="pl.devfoundry.testing.account.AddressTest" time="0"/>
  <testcase name="addressesFromFileShouldNotBeEmptyAndHaveProperNames{String, String}" classname="pl.devfoundry.testing.account.AddressTest" time="0"/>
  <testcase name="addressesFromFileShouldNotBeEmptyAndHaveProperNames{String, String}" classname="pl.devfoundry.testing.account.AddressTest" time="0.001"/>
  <testcase name="addressesFromFileShouldNotBeEmptyAndHaveProperNames{String, String}" classname="pl.devfoundry.testing.account.AddressTest" time="0"/>
  <testcase name="addressesFromFileShouldNotBeEmptyAndHaveProperNames{String, String}" classname="pl.devfoundry.testing.account.AddressTest" time="0"/>
  <testcase name="addressesFromFileShouldNotBeEmptyAndHaveProperNames{String, String}" classname="pl.devfoundry.testing.account.AddressTest" time="0"/>
  <testcase name="addressesFromFileShouldNotBeEmptyAndHaveProperNames{String, String}" classname="pl.devfoundry.testing.account.AddressTest" time="0"/>
  <testcase name="addressesFromFileShouldNotBeEmptyAndHaveProperNames{String, String}" classname="pl.devfoundry.testing.account.AddressTest" time="0.001"/>
  <testcase name="addressesFromFileShouldNotBeEmptyAndHaveProperNames{String, String}" classname="pl.devfoundry.testing.account.AddressTest" time="0.001"/>
  <testcase name="addressesFromFileShouldNotBeEmptyAndHaveProperNames{String, String}" classname="pl.devfoundry.testing.account.AddressTest" time="0"/>
  <testcase name="addressesFromFileShouldNotBeEmptyAndHaveProperNames{String, String}" classname="pl.devfoundry.testing.account.AddressTest" time="0.001"/>
  <testcase name="addressesFromFileShouldNotBeEmptyAndHaveProperNames{String, String}" classname="pl.devfoundry.testing.account.AddressTest" time="0"/>
  <testcase name="addressesFromFileShouldNotBeEmptyAndHaveProperNames{String, String}" classname="pl.devfoundry.testing.account.AddressTest" time="0"/>
  <testcase name="addressesFromFileShouldNotBeEmptyAndHaveProperNames{String, String}" classname="pl.devfoundry.testing.account.AddressTest" time="0"/>
  <testcase name="addressesFromFileShouldNotBeEmptyAndHaveProperNames{String, String}" classname="pl.devfoundry.testing.account.AddressTest" time="0"/>
  <testcase name="addressesFromFileShouldNotBeEmptyAndHaveProperNames{String, String}" classname="pl.devfoundry.testing.account.AddressTest" time="0"/>
  <testcase name="addressesFromFileShouldNotBeEmptyAndHaveProperNames{String, String}" classname="pl.devfoundry.testing.account.AddressTest" time="0"/>
  <testcase name="addressesFromFileShouldNotBeEmptyAndHaveProperNames{String, String}" classname="pl.devfoundry.testing.account.AddressTest" time="0"/>
  <testcase name="addressesFromFileShouldNotBeEmptyAndHaveProperNames{String, String}" classname="pl.devfoundry.testing.account.AddressTest" time="0"/>
  <testcase name="addressesFromFileShouldNotBeEmptyAndHaveProperNames{String, String}" classname="pl.devfoundry.testing.account.AddressTest" time="0"/>
  <testcase name="addressesFromFileShouldNotBeEmptyAndHaveProperNames{String, String}" classname="pl.devfoundry.testing.account.AddressTest" time="0.001"/>
  <testcase name="addressesFromFileShouldNotBeEmptyAndHaveProperNames{String, String}" classname="pl.devfoundry.testing.account.AddressTest" time="0"/>
  <testcase name="addressesFromFileShouldNotBeEmptyAndHaveProperNames{String, String}" classname="pl.devfoundry.testing.account.AddressTest" time="0"/>
  <testcase name="addressesFromFileShouldNotBeEmptyAndHaveProperNames{String, String}" classname="pl.devfoundry.testing.account.AddressTest" time="0"/>
  <testcase name="addressesFromFileShouldNotBeEmptyAndHaveProperNames{String, String}" classname="pl.devfoundry.testing.account.AddressTest" time="0"/>
  <testcase name="addressesFromFileShouldNotBeEmptyAndHaveProperNames{String, String}" classname="pl.devfoundry.testing.account.AddressTest" time="0"/>
  <testcase name="addressesFromFileShouldNotBeEmptyAndHaveProperNames{String, String}" classname="pl.devfoundry.testing.account.AddressTest" time="0"/>
  <testcase name="addressesFromFileShouldNotBeEmptyAndHaveProperNames{String, String}" classname="pl.devfoundry.testing.account.AddressTest" time="0"/>
  <testcase name="addressesFromFileShouldNotBeEmptyAndHaveProperNames{String, String}" classname="pl.devfoundry.testing.account.AddressTest" time="0"/>
  <testcase name="addressesFromFileShouldNotBeEmptyAndHaveProperNames{String, String}" classname="pl.devfoundry.testing.account.AddressTest" time="0.001"/>
  <testcase name="addressesFromFileShouldNotBeEmptyAndHaveProperNames{String, String}" classname="pl.devfoundry.testing.account.AddressTest" time="0"/>
  <testcase name="addressesFromFileShouldNotBeEmptyAndHaveProperNames{String, String}" classname="pl.devfoundry.testing.account.AddressTest" time="0.001"/>
  <testcase name="addressesFromFileShouldNotBeEmptyAndHaveProperNames{String, String}" classname="pl.devfoundry.testing.account.AddressTest" time="0"/>
  <testcase name="addressesFromFileShouldNotBeEmptyAndHaveProperNames{String, String}" classname="pl.devfoundry.testing.account.AddressTest" time="0"/>
  <testcase name="addressesFromFileShouldNotBeEmptyAndHaveProperNames{String, String}" classname="pl.devfoundry.testing.account.AddressTest" time="0.001"/>
  <testcase name="addressesFromFileShouldNotBeEmptyAndHaveProperNames{String, String}" classname="pl.devfoundry.testing.account.AddressTest" time="0.001"/>
  <testcase name="addressesFromFileShouldNotBeEmptyAndHaveProperNames{String, String}" classname="pl.devfoundry.testing.account.AddressTest" time="0"/>
  <testcase name="addressesFromFileShouldNotBeEmptyAndHaveProperNames{String, String}" classname="pl.devfoundry.testing.account.AddressTest" time="0"/>
  <testcase name="addressesFromFileShouldNotBeEmptyAndHaveProperNames{String, String}" classname="pl.devfoundry.testing.account.AddressTest" time="0"/>
  <testcase name="addressesFromFileShouldNotBeEmptyAndHaveProperNames{String, String}" classname="pl.devfoundry.testing.account.AddressTest" time="0"/>
  <testcase name="addressesFromFileShouldNotBeEmptyAndHaveProperNames{String, String}" classname="pl.devfoundry.testing.account.AddressTest" time="0"/>
  <testcase name="addressesFromFileShouldNotBeEmptyAndHaveProperNames{String, String}" classname="pl.devfoundry.testing.account.AddressTest" time="0"/>
  <testcase name="addressesFromFileShouldNotBeEmptyAndHaveProperNames{String, String}" classname="pl.devfoundry.testing.account.AddressTest" time="0"/>
  <testcase name="addressesFromFileShouldNotBeEmptyAndHaveProperNames{String, String}" classname="pl.devfoundry.testing.account.AddressTest" time="0.001"/>
  <testcase name="addressesFromFileShouldNotBeEmptyAndHaveProperNames{String, String}" classname="pl.devfoundry.testing.account.AddressTest" time="0.001"/>
  <testcase name="addressesFromFileShouldNotBeEmptyAndHaveProperNames{String, String}" classname="pl.devfoundry.testing.account.AddressTest" time="0.001"/>
  <testcase name="addressesFromFileShouldNotBeEmptyAndHaveProperNames{String, String}" classname="pl.devfoundry.testing.account.AddressTest" time="0"/>
  <testcase name="addressesFromFileShouldNotBeEmptyAndHaveProperNames{String, String}" classname="pl.devfoundry.testing.account.AddressTest" time="0"/>
  <testcase name="addressesFromFileShouldNotBeEmptyAndHaveProperNames{String, String}" classname="pl.devfoundry.testing.account.AddressTest" time="0"/>
  <testcase name="addressesFromFileShouldNotBeEmptyAndHaveProperNames{String, String}" classname="pl.devfoundry.testing.account.AddressTest" time="0"/>
  <testcase name="addressesFromFileShouldNotBeEmptyAndHaveProperNames{String, String}" classname="pl.devfoundry.testing.account.AddressTest" time="0"/>
  <testcase name="addressesFromFileShouldNotBeEmptyAndHaveProperNames{String, String}" classname="pl.devfoundry.testing.account.AddressTest" time="0"/>
  <testcase name="addressesFromFileShouldNotBeEmptyAndHaveProperNames{String, String}" classname="pl.devfoundry.testing.account.AddressTest" time="0.002"/>
  <testcase name="addressesFromFileShouldNotBeEmptyAndHaveProperNames{String, String}" classname="pl.devfoundry.testing.account.AddressTest" time="0"/>
  <testcase name="addressesFromFileShouldNotBeEmptyAndHaveProperNames{String, String}" classname="pl.devfoundry.testing.account.AddressTest" time="0"/>
  <testcase name="addressesFromFileShouldNotBeEmptyAndHaveProperNames{String, String}" classname="pl.devfoundry.testing.account.AddressTest" time="0"/>
  <testcase name="addressesFromFileShouldNotBeEmptyAndHaveProperNames{String, String}" classname="pl.devfoundry.testing.account.AddressTest" time="0"/>
  <testcase name="addressesFromFileShouldNotBeEmptyAndHaveProperNames{String, String}" classname="pl.devfoundry.testing.account.AddressTest" time="0.001"/>
  <testcase name="addressesFromFileShouldNotBeEmptyAndHaveProperNames{String, String}" classname="pl.devfoundry.testing.account.AddressTest" time="0"/>
  <testcase name="addressesFromFileShouldNotBeEmptyAndHaveProperNames{String, String}" classname="pl.devfoundry.testing.account.AddressTest" time="0.001"/>
  <testcase name="addressesFromFileShouldNotBeEmptyAndHaveProperNames{String, String}" classname="pl.devfoundry.testing.account.AddressTest" time="0"/>
  <testcase name="addressesFromFileShouldNotBeEmptyAndHaveProperNames{String, String}" classname="pl.devfoundry.testing.account.AddressTest" time="0"/>
  <testcase name="addressesFromFileShouldNotBeEmptyAndHaveProperNames{String, String}" classname="pl.devfoundry.testing.account.AddressTest" time="0"/>
  <testcase name="addressesFromFileShouldNotBeEmptyAndHaveProperNames{String, String}" classname="pl.devfoundry.testing.account.AddressTest" time="0"/>
  <testcase name="addressesFromFileShouldNotBeEmptyAndHaveProperNames{String, String}" classname="pl.devfoundry.testing.account.AddressTest" time="0"/>
  <testcase name="addressesFromFileShouldNotBeEmptyAndHaveProperNames{String, String}" classname="pl.devfoundry.testing.account.AddressTest" time="0"/>
  <testcase name="addressesFromFileShouldNotBeEmptyAndHaveProperNames{String, String}" classname="pl.devfoundry.testing.account.AddressTest" time="0"/>
  <testcase name="addressesFromFileShouldNotBeEmptyAndHaveProperNames{String, String}" classname="pl.devfoundry.testing.account.AddressTest" time="0"/>
  <testcase name="addressesFromFileShouldNotBeEmptyAndHaveProperNames{String, String}" classname="pl.devfoundry.testing.account.AddressTest" time="0"/>
  <testcase name="addressesFromFileShouldNotBeEmptyAndHaveProperNames{String, String}" classname="pl.devfoundry.testing.account.AddressTest" time="0"/>
  <testcase name="addressesFromFileShouldNotBeEmptyAndHaveProperNames{String, String}" classname="pl.devfoundry.testing.account.AddressTest" time="0"/>
  <testcase name="addressesFromFileShouldNotBeEmptyAndHaveProperNames{String, String}" classname="pl.devfoundry.testing.account.AddressTest" time="0"/>
  <testcase name="addressesFromFileShouldNotBeEmptyAndHaveProperNames{String, String}" classname="pl.devfoundry.testing.account.AddressTest" time="0"/>
  <testcase name="addressesFromFileShouldNotBeEmptyAndHaveProperNames{String, String}" classname="pl.devfoundry.testing.account.AddressTest" time="0.001"/>
  <testcase name="addressesFromFileShouldNotBeEmptyAndHaveProperNames{String, String}" classname="pl.devfoundry.testing.account.AddressTest" time="0"/>
  <testcase name="addressesFromFileShouldNotBeEmptyAndHaveProperNames{String, String}" classname="pl.devfoundry.testing.account.AddressTest" time="0"/>
  <testcase name="addressesFromFileShouldNotBeEmptyAndHaveProperNames{String, String}" classname="pl.devfoundry.testing.account.AddressTest" time="0.001"/>
  <testcase name="addressesFromFileShouldNotBeEmptyAndHaveProperNames{String, String}" classname="pl.devfoundry.testing.account.AddressTest" time="0"/>
  <testcase name="addressesFromFileShouldNotBeEmptyAndHaveProperNames{String, String}" classname="pl.devfoundry.testing.account.AddressTest" time="0"/>
  <testcase name="addressesFromFileShouldNotBeEmptyAndHaveProperNames{String, String}" classname="pl.devfoundry.testing.account.AddressTest" time="0.001"/>
  <testcase name="addressesFromFileShouldNotBeEmptyAndHaveProperNames{String, String}" classname="pl.devfoundry.testing.account.AddressTest" time="0"/>
  <testcase name="addressesFromFileShouldNotBeEmptyAndHaveProperNames{String, String}" classname="pl.devfoundry.testing.account.AddressTest" time="0"/>
  <testcase name="addressesFromFileShouldNotBeEmptyAndHaveProperNames{String, String}" classname="pl.devfoundry.testing.account.AddressTest" time="0.001"/>
  <testcase name="addressesFromFileShouldNotBeEmptyAndHaveProperNames{String, String}" classname="pl.devfoundry.testing.account.AddressTest" time="0"/>
  <testcase name="addressesFromFileShouldNotBeEmptyAndHaveProperNames{String, String}" classname="pl.devfoundry.testing.account.AddressTest" time="0"/>
  <testcase name="addressesFromFileShouldNotBeEmptyAndHaveProperNames{String, String}" classname="pl.devfoundry.testing.account.AddressTest" time="0"/>
  <testcase name="addressesFromFileShouldNotBeEmptyAndHaveProperNames{String, String}" classname="pl.devfoundry.testing.account.AddressTest" time="0"/>
  <testcase name="addressesFromFileShouldNotBeEmptyAndHaveProperNames{String, String}" classname="pl.devfoundry.testing.account.AddressTest" time="0"/>
  <testcase name="addressesFromFileShouldNotBeEmptyAndHaveProperNames{String, String}" classname="pl.devfoundry.testing.account.AddressTest" time="0.001"/>
  <testcase name="addressesFromFileShouldNotBeEmptyAndHaveProperNames{String, String}" classname="pl.devfoundry.testing.account.AddressTest" time="0"/>
  <testcase name="addressesFromFileShouldNotBeEmptyAndHaveProperNames{String, String}" classname="pl.devfoundry.testing.account.AddressTest" time="0"/>
  <testcase name="addressesFromFileShouldNotBeEmptyAndHaveProperNames{String, String}" classname="pl.devfoundry.testing.account.AddressTest" time="0.001"/>
  <testcase name="addressesFromFileShouldNotBeEmptyAndHaveProperNames{String, String}" classname="pl.devfoundry.testing.account.AddressTest" time="0"/>
  <testcase name="addressesFromFileShouldNotBeEmptyAndHaveProperNames{String, String}" classname="pl.devfoundry.testing.account.AddressTest" time="0"/>
  <testcase name="addressesFromFileShouldNotBeEmptyAndHaveProperNames{String, String}" classname="pl.devfoundry.testing.account.AddressTest" time="0.001"/>
  <testcase name="addressesFromFileShouldNotBeEmptyAndHaveProperNames{String, String}" classname="pl.devfoundry.testing.account.AddressTest" time="0"/>
  <testcase name="addressesFromFileShouldNotBeEmptyAndHaveProperNames{String, String}" classname="pl.devfoundry.testing.account.AddressTest" time="0"/>
  <testcase name="addressesFromFileShouldNotBeEmptyAndHaveProperNames{String, String}" classname="pl.devfoundry.testing.account.AddressTest" time="0.005"/>
  <testcase name="addressesFromFileShouldNotBeEmptyAndHaveProperNames{String, String}" classname="pl.devfoundry.testing.account.AddressTest" time="0"/>
  <testcase name="addressesFromFileShouldNotBeEmptyAndHaveProperNames{String, String}" classname="pl.devfoundry.testing.account.AddressTest" time="0"/>
  <testcase name="addressesFromFileShouldNotBeEmptyAndHaveProperNames{String, String}" classname="pl.devfoundry.testing.account.AddressTest" time="0.001"/>
  <testcase name="addressesFromFileShouldNotBeEmptyAndHaveProperNames{String, String}" classname="pl.devfoundry.testing.account.AddressTest" time="0"/>
  <testcase name="addressesFromFileShouldNotBeEmptyAndHaveProperNames{String, String}" classname="pl.devfoundry.testing.account.AddressTest" time="0"/>
  <testcase name="addressesFromFileShouldNotBeEmptyAndHaveProperNames{String, String}" classname="pl.devfoundry.testing.account.AddressTest" time="0.001"/>
  <testcase name="addressesFromFileShouldNotBeEmptyAndHaveProperNames{String, String}" classname="pl.devfoundry.testing.account.AddressTest" time="0"/>
  <testcase name="addressesFromFileShouldNotBeEmptyAndHaveProperNames{String, String}" classname="pl.devfoundry.testing.account.AddressTest" time="0.013"/>
  <testcase name="addressesFromFileShouldNotBeEmptyAndHaveProperNames{String, String}" classname="pl.devfoundry.testing.account.AddressTest" time="0"/>
  <testcase name="addressesFromFileShouldNotBeEmptyAndHaveProperNames{String, String}" classname="pl.devfoundry.testing.account.AddressTest" time="0"/>
  <testcase name="addressesFromFileShouldNotBeEmptyAndHaveProperNames{String, String}" classname="pl.devfoundry.testing.account.AddressTest" time="0"/>
  <testcase name="addressesFromFileShouldNotBeEmptyAndHaveProperNames{String, String}" classname="pl.devfoundry.testing.account.AddressTest" time="0"/>
  <testcase name="addressesFromFileShouldNotBeEmptyAndHaveProperNames{String, String}" classname="pl.devfoundry.testing.account.AddressTest" time="0"/>
  <testcase name="addressesFromFileShouldNotBeEmptyAndHaveProperNames{String, String}" classname="pl.devfoundry.testing.account.AddressTest" time="0.001"/>
  <testcase name="addressesFromFileShouldNotBeEmptyAndHaveProperNames{String, String}" classname="pl.devfoundry.testing.account.AddressTest" time="0"/>
  <testcase name="addressesFromFileShouldNotBeEmptyAndHaveProperNames{String, String}" classname="pl.devfoundry.testing.account.AddressTest" time="0"/>
  <testcase name="addressesFromFileShouldNotBeEmptyAndHaveProperNames{String, String}" classname="pl.devfoundry.testing.account.AddressTest" time="0.001"/>
  <testcase name="addressesFromFileShouldNotBeEmptyAndHaveProperNames{String, String}" classname="pl.devfoundry.testing.account.AddressTest" time="0.001"/>
  <testcase name="addressesFromFileShouldNotBeEmptyAndHaveProperNames{String, String}" classname="pl.devfoundry.testing.account.AddressTest" time="0"/>
  <testcase name="addressesFromFileShouldNotBeEmptyAndHaveProperNames{String, String}" classname="pl.devfoundry.testing.account.AddressTest" time="0"/>
  <testcase name="addressesFromFileShouldNotBeEmptyAndHaveProperNames{String, String}" classname="pl.devfoundry.testing.account.AddressTest" time="0"/>
  <testcase name="addressesFromFileShouldNotBeEmptyAndHaveProperNames{String, String}" classname="pl.devfoundry.testing.account.AddressTest" time="0.001"/>
  <testcase name="addressesFromFileShouldNotBeEmptyAndHaveProperNames{String, String}" classname="pl.devfoundry.testing.account.AddressTest" time="0"/>
  <testcase name="addressesFromFileShouldNotBeEmptyAndHaveProperNames{String, String}" classname="pl.devfoundry.testing.account.AddressTest" time="0"/>
  <testcase name="addressesFromFileShouldNotBeEmptyAndHaveProperNames{String, String}" classname="pl.devfoundry.testing.account.AddressTest" time="0"/>
  <testcase name="addressesFromFileShouldNotBeEmptyAndHaveProperNames{String, String}" classname="pl.devfoundry.testing.account.AddressTest" time="0"/>
  <testcase name="addressesFromFileShouldNotBeEmptyAndHaveProperNames{String, String}" classname="pl.devfoundry.testing.account.AddressTest" time="0"/>
  <testcase name="addressesFromFileShouldNotBeEmptyAndHaveProperNames{String, String}" classname="pl.devfoundry.testing.account.AddressTest" time="0"/>
  <testcase name="addressesFromFileShouldNotBeEmptyAndHaveProperNames{String, String}" classname="pl.devfoundry.testing.account.AddressTest" time="0"/>
  <testcase name="addressesFromFileShouldNotBeEmptyAndHaveProperNames{String, String}" classname="pl.devfoundry.testing.account.AddressTest" time="0.001"/>
  <testcase name="addressesFromFileShouldNotBeEmptyAndHaveProperNames{String, String}" classname="pl.devfoundry.testing.account.AddressTest" time="0"/>
  <testcase name="addressesFromFileShouldNotBeEmptyAndHaveProperNames{String, String}" classname="pl.devfoundry.testing.account.AddressTest" time="0"/>
  <testcase name="addressesFromFileShouldNotBeEmptyAndHaveProperNames{String, String}" classname="pl.devfoundry.testing.account.AddressTest" time="0.001"/>
  <testcase name="addressesFromFileShouldNotBeEmptyAndHaveProperNames{String, String}" classname="pl.devfoundry.testing.account.AddressTest" time="0"/>
  <testcase name="addressesFromFileShouldNotBeEmptyAndHaveProperNames{String, String}" classname="pl.devfoundry.testing.account.AddressTest" time="0"/>
  <testcase name="addressesFromFileShouldNotBeEmptyAndHaveProperNames{String, String}" classname="pl.devfoundry.testing.account.AddressTest" time="0"/>
  <testcase name="addressesFromFileShouldNotBeEmptyAndHaveProperNames{String, String}" classname="pl.devfoundry.testing.account.AddressTest" time="0"/>
  <testcase name="addressesFromFileShouldNotBeEmptyAndHaveProperNames{String, String}" classname="pl.devfoundry.testing.account.AddressTest" time="0"/>
  <testcase name="addressesFromFileShouldNotBeEmptyAndHaveProperNames{String, String}" classname="pl.devfoundry.testing.account.AddressTest" time="0"/>
  <testcase name="addressesFromFileShouldNotBeEmptyAndHaveProperNames{String, String}" classname="pl.devfoundry.testing.account.AddressTest" time="0"/>
  <testcase name="addressesFromFileShouldNotBeEmptyAndHaveProperNames{String, String}" classname="pl.devfoundry.testing.account.AddressTest" time="0"/>
  <testcase name="addressesFromFileShouldNotBeEmptyAndHaveProperNames{String, String}" classname="pl.devfoundry.testing.account.AddressTest" time="0.001"/>
  <testcase name="addressesFromFileShouldNotBeEmptyAndHaveProperNames{String, String}" classname="pl.devfoundry.testing.account.AddressTest" time="0"/>
  <testcase name="addressesFromFileShouldNotBeEmptyAndHaveProperNames{String, String}" classname="pl.devfoundry.testing.account.AddressTest" time="0"/>
  <testcase name="addressesFromFileShouldNotBeEmptyAndHaveProperNames{String, String}" classname="pl.devfoundry.testing.account.AddressTest" time="0"/>
  <testcase name="addressesFromFileShouldNotBeEmptyAndHaveProperNames{String, String}" classname="pl.devfoundry.testing.account.AddressTest" time="0"/>
  <testcase name="addressesFromFileShouldNotBeEmptyAndHaveProperNames{String, String}" classname="pl.devfoundry.testing.account.AddressTest" time="0"/>
  <testcase name="addressesFromFileShouldNotBeEmptyAndHaveProperNames{String, String}" classname="pl.devfoundry.testing.account.AddressTest" time="0"/>
  <testcase name="addressesFromFileShouldNotBeEmptyAndHaveProperNames{String, String}" classname="pl.devfoundry.testing.account.AddressTest" time="0"/>
  <testcase name="addressesFromFileShouldNotBeEmptyAndHaveProperNames{String, String}" classname="pl.devfoundry.testing.account.AddressTest" time="0.001"/>
  <testcase name="addressesFromFileShouldNotBeEmptyAndHaveProperNames{String, String}" classname="pl.devfoundry.testing.account.AddressTest" time="0"/>
  <testcase name="addressesFromFileShouldNotBeEmptyAndHaveProperNames{String, String}" classname="pl.devfoundry.testing.account.AddressTest" time="0"/>
  <testcase name="addressesFromFileShouldNotBeEmptyAndHaveProperNames{String, String}" classname="pl.devfoundry.testing.account.AddressTest" time="0"/>
  <testcase name="addressesFromFileShouldNotBeEmptyAndHaveProperNames{String, String}" classname="pl.devfoundry.testing.account.AddressTest" time="0"/>
  <testcase name="addressesFromFileShouldNotBeEmptyAndHaveProperNames{String, String}" classname="pl.devfoundry.testing.account.AddressTest" time="0"/>
  <testcase name="addressesFromFileShouldNotBeEmptyAndHaveProperNames{String, String}" classname="pl.devfoundry.testing.account.AddressTest" time="0"/>
  <testcase name="addressesFromFileShouldNotBeEmptyAndHaveProperNames{String, String}" classname="pl.devfoundry.testing.account.AddressTest" time="0.001"/>
  <testcase name="addressesFromFileShouldNotBeEmptyAndHaveProperNames{String, String}" classname="pl.devfoundry.testing.account.AddressTest" time="0"/>
  <testcase name="addressesFromFileShouldNotBeEmptyAndHaveProperNames{String, String}" classname="pl.devfoundry.testing.account.AddressTest" time="0"/>
  <testcase name="addressesFromFileShouldNotBeEmptyAndHaveProperNames{String, String}" classname="pl.devfoundry.testing.account.AddressTest" time="0"/>
  <testcase name="addressesFromFileShouldNotBeEmptyAndHaveProperNames{String, String}" classname="pl.devfoundry.testing.account.AddressTest" time="0"/>
  <testcase name="addressesFromFileShouldNotBeEmptyAndHaveProperNames{String, String}" classname="pl.devfoundry.testing.account.AddressTest" time="0"/>
  <testcase name="addressesFromFileShouldNotBeEmptyAndHaveProperNames{String, String}" classname="pl.devfoundry.testing.account.AddressTest" time="0"/>
  <testcase name="addressesFromFileShouldNotBeEmptyAndHaveProperNames{String, String}" classname="pl.devfoundry.testing.account.AddressTest" time="0"/>
  <testcase name="addressesFromFileShouldNotBeEmptyAndHaveProperNames{String, String}" classname="pl.devfoundry.testing.account.AddressTest" time="0"/>
  <testcase name="addressesFromFileShouldNotBeEmptyAndHaveProperNames{String, String}" classname="pl.devfoundry.testing.account.AddressTest" time="0"/>
  <testcase name="addressesFromFileShouldNotBeEmptyAndHaveProperNames{String, String}" classname="pl.devfoundry.testing.account.AddressTest" time="0"/>
  <testcase name="addressesFromFileShouldNotBeEmptyAndHaveProperNames{String, String}" classname="pl.devfoundry.testing.account.AddressTest" time="0"/>
  <testcase name="addressesFromFileShouldNotBeEmptyAndHaveProperNames{String, String}" classname="pl.devfoundry.testing.account.AddressTest" time="0"/>
  <testcase name="addressesFromFileShouldNotBeEmptyAndHaveProperNames{String, String}" classname="pl.devfoundry.testing.account.AddressTest" time="0.001"/>
  <testcase name="addressesFromFileShouldNotBeEmptyAndHaveProperNames{String, String}" classname="pl.devfoundry.testing.account.AddressTest" time="0"/>
  <testcase name="addressesFromFileShouldNotBeEmptyAndHaveProperNames{String, String}" classname="pl.devfoundry.testing.account.AddressTest" time="0"/>
  <testcase name="addressesFromFileShouldNotBeEmptyAndHaveProperNames{String, String}" classname="pl.devfoundry.testing.account.AddressTest" time="0"/>
  <testcase name="addressesFromFileShouldNotBeEmptyAndHaveProperNames{String, String}" classname="pl.devfoundry.testing.account.AddressTest" time="0"/>
  <testcase name="addressesFromFileShouldNotBeEmptyAndHaveProperNames{String, String}" classname="pl.devfoundry.testing.account.AddressTest" time="0.001"/>
  <testcase name="addressesFromFileShouldNotBeEmptyAndHaveProperNames{String, String}" classname="pl.devfoundry.testing.account.AddressTest" time="0"/>
  <testcase name="addressesFromFileShouldNotBeEmptyAndHaveProperNames{String, String}" classname="pl.devfoundry.testing.account.AddressTest" time="0"/>
  <testcase name="addressesFromFileShouldNotBeEmptyAndHaveProperNames{String, String}" classname="pl.devfoundry.testing.account.AddressTest" time="0"/>
  <testcase name="addressesFromFileShouldNotBeEmptyAndHaveProperNames{String, String}" classname="pl.devfoundry.testing.account.AddressTest" time="0"/>
  <testcase name="addressesFromFileShouldNotBeEmptyAndHaveProperNames{String, String}" classname="pl.devfoundry.testing.account.AddressTest" time="0.001"/>
  <testcase name="addressesFromFileShouldNotBeEmptyAndHaveProperNames{String, String}" classname="pl.devfoundry.testing.account.AddressTest" time="0"/>
  <testcase name="addressesFromFileShouldNotBeEmptyAndHaveProperNames{String, String}" classname="pl.devfoundry.testing.account.AddressTest" time="0"/>
  <testcase name="addressesFromFileShouldNotBeEmptyAndHaveProperNames{String, String}" classname="pl.devfoundry.testing.account.AddressTest" time="0"/>
  <testcase name="addressesFromFileShouldNotBeEmptyAndHaveProperNames{String, String}" classname="pl.devfoundry.testing.account.AddressTest" time="0"/>
  <testcase name="addressesFromFileShouldNotBeEmptyAndHaveProperNames{String, String}" classname="pl.devfoundry.testing.account.AddressTest" time="0"/>
  <testcase name="addressesFromFileShouldNotBeEmptyAndHaveProperNames{String, String}" classname="pl.devfoundry.testing.account.AddressTest" time="0"/>
  <testcase name="addressesFromFileShouldNotBeEmptyAndHaveProperNames{String, String}" classname="pl.devfoundry.testing.account.AddressTest" time="0"/>
  <testcase name="addressesFromFileShouldNotBeEmptyAndHaveProperNames{String, String}" classname="pl.devfoundry.testing.account.AddressTest" time="0"/>
  <testcase name="addressesFromFileShouldNotBeEmptyAndHaveProperNames{String, String}" classname="pl.devfoundry.testing.account.AddressTest" time="0"/>
  <testcase name="addressesFromFileShouldNotBeEmptyAndHaveProperNames{String, String}" classname="pl.devfoundry.testing.account.AddressTest" time="0"/>
  <testcase name="addressesFromFileShouldNotBeEmptyAndHaveProperNames{String, String}" classname="pl.devfoundry.testing.account.AddressTest" time="0"/>
  <testcase name="addressesFromFileShouldNotBeEmptyAndHaveProperNames{String, String}" classname="pl.devfoundry.testing.account.AddressTest" time="0"/>
  <testcase name="addressesFromFileShouldNotBeEmptyAndHaveProperNames{String, String}" classname="pl.devfoundry.testing.account.AddressTest" time="0.001"/>
  <testcase name="addressesFromFileShouldNotBeEmptyAndHaveProperNames{String, String}" classname="pl.devfoundry.testing.account.AddressTest" time="0"/>
  <testcase name="addressesFromFileShouldNotBeEmptyAndHaveProperNames{String, String}" classname="pl.devfoundry.testing.account.AddressTest" time="0"/>
  <testcase name="addressesFromFileShouldNotBeEmptyAndHaveProperNames{String, String}" classname="pl.devfoundry.testing.account.AddressTest" time="0"/>
  <testcase name="addressesFromFileShouldNotBeEmptyAndHaveProperNames{String, String}" classname="pl.devfoundry.testing.account.AddressTest" time="0"/>
  <testcase name="addressesFromFileShouldNotBeEmptyAndHaveProperNames{String, String}" classname="pl.devfoundry.testing.account.AddressTest" time="0.001"/>
  <testcase name="addressesFromFileShouldNotBeEmptyAndHaveProperNames{String, String}" classname="pl.devfoundry.testing.account.AddressTest" time="0"/>
  <testcase name="addressesFromFileShouldNotBeEmptyAndHaveProperNames{String, String}" classname="pl.devfoundry.testing.account.AddressTest" time="0"/>
  <testcase name="addressesFromFileShouldNotBeEmptyAndHaveProperNames{String, String}" classname="pl.devfoundry.testing.account.AddressTest" time="0"/>
  <testcase name="addressesFromFileShouldNotBeEmptyAndHaveProperNames{String, String}" classname="pl.devfoundry.testing.account.AddressTest" time="0"/>
  <testcase name="addressesFromFileShouldNotBeEmptyAndHaveProperNames{String, String}" classname="pl.devfoundry.testing.account.AddressTest" time="0"/>
  <testcase name="addressesFromFileShouldNotBeEmptyAndHaveProperNames{String, String}" classname="pl.devfoundry.testing.account.AddressTest" time="0"/>
  <testcase name="addressesFromFileShouldNotBeEmptyAndHaveProperNames{String, String}" classname="pl.devfoundry.testing.account.AddressTest" time="0"/>
  <testcase name="addressesFromFileShouldNotBeEmptyAndHaveProperNames{String, String}" classname="pl.devfoundry.testing.account.AddressTest" time="0"/>
  <testcase name="addressesFromFileShouldNotBeEmptyAndHaveProperNames{String, String}" classname="pl.devfoundry.testing.account.AddressTest" time="0"/>
  <testcase name="addressesFromFileShouldNotBeEmptyAndHaveProperNames{String, String}" classname="pl.devfoundry.testing.account.AddressTest" time="0"/>
  <testcase name="addressesFromFileShouldNotBeEmptyAndHaveProperNames{String, String}" classname="pl.devfoundry.testing.account.AddressTest" time="0.001"/>
  <testcase name="addressesFromFileShouldNotBeEmptyAndHaveProperNames{String, String}" classname="pl.devfoundry.testing.account.AddressTest" time="0"/>
  <testcase name="addressesFromFileShouldNotBeEmptyAndHaveProperNames{String, String}" classname="pl.devfoundry.testing.account.AddressTest" time="0.001"/>
  <testcase name="addressesFromFileShouldNotBeEmptyAndHaveProperNames{String, String}" classname="pl.devfoundry.testing.account.AddressTest" time="0"/>
  <testcase name="addressesFromFileShouldNotBeEmptyAndHaveProperNames{String, String}" classname="pl.devfoundry.testing.account.AddressTest" time="0.001"/>
  <testcase name="addressesFromFileShouldNotBeEmptyAndHaveProperNames{String, String}" classname="pl.devfoundry.testing.account.AddressTest" time="0"/>
  <testcase name="addressesFromFileShouldNotBeEmptyAndHaveProperNames{String, String}" classname="pl.devfoundry.testing.account.AddressTest" time="0"/>
  <testcase name="addressesFromFileShouldNotBeEmptyAndHaveProperNames{String, String}" classname="pl.devfoundry.testing.account.AddressTest" time="0"/>
  <testcase name="addressesFromFileShouldNotBeEmptyAndHaveProperNames{String, String}" classname="pl.devfoundry.testing.account.AddressTest" time="0"/>
  <testcase name="addressesFromFileShouldNotBeEmptyAndHaveProperNames{String, String}" classname="pl.devfoundry.testing.account.AddressTest" time="0"/>
  <testcase name="addressesFromFileShouldNotBeEmptyAndHaveProperNames{String, String}" classname="pl.devfoundry.testing.account.AddressTest" time="0"/>
  <testcase name="addressesFromFileShouldNotBeEmptyAndHaveProperNames{String, String}" classname="pl.devfoundry.testing.account.AddressTest" time="0"/>
  <testcase name="addressesFromFileShouldNotBeEmptyAndHaveProperNames{String, String}" classname="pl.devfoundry.testing.account.AddressTest" time="0.001"/>
  <testcase name="addressesFromFileShouldNotBeEmptyAndHaveProperNames{String, String}" classname="pl.devfoundry.testing.account.AddressTest" time="0"/>
  <testcase name="addressesFromFileShouldNotBeEmptyAndHaveProperNames{String, String}" classname="pl.devfoundry.testing.account.AddressTest" time="0"/>
  <testcase name="addressesFromFileShouldNotBeEmptyAndHaveProperNames{String, String}" classname="pl.devfoundry.testing.account.AddressTest" time="0"/>
  <testcase name="addressesFromFileShouldNotBeEmptyAndHaveProperNames{String, String}" classname="pl.devfoundry.testing.account.AddressTest" time="0"/>
  <testcase name="addressesFromFileShouldNotBeEmptyAndHaveProperNames{String, String}" classname="pl.devfoundry.testing.account.AddressTest" time="0.001"/>
  <testcase name="addressesFromFileShouldNotBeEmptyAndHaveProperNames{String, String}" classname="pl.devfoundry.testing.account.AddressTest" time="0"/>
  <testcase name="addressesFromFileShouldNotBeEmptyAndHaveProperNames{String, String}" classname="pl.devfoundry.testing.account.AddressTest" time="0"/>
  <testcase name="addressesFromFileShouldNotBeEmptyAndHaveProperNames{String, String}" classname="pl.devfoundry.testing.account.AddressTest" time="0.001"/>
  <testcase name="addressesFromFileShouldNotBeEmptyAndHaveProperNames{String, String}" classname="pl.devfoundry.testing.account.AddressTest" time="0"/>
  <testcase name="addressesFromFileShouldNotBeEmptyAndHaveProperNames{String, String}" classname="pl.devfoundry.testing.account.AddressTest" time="0"/>
  <testcase name="addressesFromFileShouldNotBeEmptyAndHaveProperNames{String, String}" classname="pl.devfoundry.testing.account.AddressTest" time="0"/>
  <testcase name="addressesFromFileShouldNotBeEmptyAndHaveProperNames{String, String}" classname="pl.devfoundry.testing.account.AddressTest" time="0"/>
  <testcase name="addressesFromFileShouldNotBeEmptyAndHaveProperNames{String, String}" classname="pl.devfoundry.testing.account.AddressTest" time="0"/>
  <testcase name="addressesFromFileShouldNotBeEmptyAndHaveProperNames{String, String}" classname="pl.devfoundry.testing.account.AddressTest" time="0"/>
  <testcase name="addressesFromFileShouldNotBeEmptyAndHaveProperNames{String, String}" classname="pl.devfoundry.testing.account.AddressTest" time="0.001"/>
  <testcase name="addressesFromFileShouldNotBeEmptyAndHaveProperNames{String, String}" classname="pl.devfoundry.testing.account.AddressTest" time="0"/>
  <testcase name="addressesFromFileShouldNotBeEmptyAndHaveProperNames{String, String}" classname="pl.devfoundry.testing.account.AddressTest" time="0"/>
  <testcase name="addressesFromFileShouldNotBeEmptyAndHaveProperNames{String, String}" classname="pl.devfoundry.testing.account.AddressTest" time="0"/>
  <testcase name="addressesFromFileShouldNotBeEmptyAndHaveProperNames{String, String}" classname="pl.devfoundry.testing.account.AddressTest" time="0"/>
  <testcase name="addressesFromFileShouldNotBeEmptyAndHaveProperNames{String, String}" classname="pl.devfoundry.testing.account.AddressTest" time="0"/>
  <testcase name="addressesFromFileShouldNotBeEmptyAndHaveProperNames{String, String}" classname="pl.devfoundry.testing.account.AddressTest" time="0.001"/>
  <testcase name="addressesFromFileShouldNotBeEmptyAndHaveProperNames{String, String}" classname="pl.devfoundry.testing.account.AddressTest" time="0.001"/>
  <testcase name="addressesFromFileShouldNotBeEmptyAndHaveProperNames{String, String}" classname="pl.devfoundry.testing.account.AddressTest" time="0"/>
  <testcase name="addressesFromFileShouldNotBeEmptyAndHaveProperNames{String, String}" classname="pl.devfoundry.testing.account.AddressTest" time="0"/>
  <testcase name="addressesFromFileShouldNotBeEmptyAndHaveProperNames{String, String}" classname="pl.devfoundry.testing.account.AddressTest" time="0"/>
  <testcase name="addressesFromFileShouldNotBeEmptyAndHaveProperNames{String, String}" classname="pl.devfoundry.testing.account.AddressTest" time="0"/>
  <testcase name="addressesFromFileShouldNotBeEmptyAndHaveProperNames{String, String}" classname="pl.devfoundry.testing.account.AddressTest" time="0"/>
  <testcase name="addressesFromFileShouldNotBeEmptyAndHaveProperNames{String, String}" classname="pl.devfoundry.testing.account.AddressTest" time="0"/>
  <testcase name="addressesFromFileShouldNotBeEmptyAndHaveProperNames{String, String}" classname="pl.devfoundry.testing.account.AddressTest" time="0"/>
  <testcase name="addressesFromFileShouldNotBeEmptyAndHaveProperNames{String, String}" classname="pl.devfoundry.testing.account.AddressTest" time="0.001"/>
  <testcase name="addressesFromFileShouldNotBeEmptyAndHaveProperNames{String, String}" classname="pl.devfoundry.testing.account.AddressTest" time="0"/>
  <testcase name="addressesFromFileShouldNotBeEmptyAndHaveProperNames{String, String}" classname="pl.devfoundry.testing.account.AddressTest" time="0"/>
  <testcase name="addressesFromFileShouldNotBeEmptyAndHaveProperNames{String, String}" classname="pl.devfoundry.testing.account.AddressTest" time="0"/>
  <testcase name="givenAddressesShouldNotBeEmptyAndHaveProperNames{String, String}" classname="pl.devfoundry.testing.account.AddressTest" time="0"/>
  <testcase name="givenAddressesShouldNotBeEmptyAndHaveProperNames{String, String}" classname="pl.devfoundry.testing.account.AddressTest" time="0"/>
  <testcase name="givenAddressesShouldNotBeEmptyAndHaveProperNames{String, String}" classname="pl.devfoundry.testing.account.AddressTest" time="0"/>
</testsuite>